[ 2017-12-08T11:43:38+08:00 ] 117.158.25.204 /jianye_garden/Member/profile
INFO: [ app_init ] --START--
INFO: Run Behavior\BuildLiteBehavior [ RunTime:0.000016s ]
INFO: [ app_init ] --END-- [ RunTime:0.000294s ]
INFO: [ app_begin ] --START--
INFO: Run Behavior\ReadHtmlCacheBehavior [ RunTime:0.000323s ]
INFO: [ app_begin ] --END-- [ RunTime:0.000377s ]

[ 2017-12-08T11:44:25+08:00 ] 117.158.25.204 /jianye_garden/Member/profile
INFO: [ app_init ] --START--
INFO: Run Behavior\BuildLiteBehavior [ RunTime:0.000015s ]
INFO: [ app_init ] --END-- [ RunTime:0.000264s ]
INFO: [ app_begin ] --START--
INFO: Run Behavior\ReadHtmlCacheBehavior [ RunTime:0.000320s ]
INFO: [ app_begin ] --END-- [ RunTime:0.000373s ]

[ 2017-12-08T11:45:20+08:00 ] 117.158.25.204 /jianye_garden/Member/profile
INFO: [ app_init ] --START--
INFO: Run Behavior\BuildLiteBehavior [ RunTime:0.000023s ]
INFO: [ app_init ] --END-- [ RunTime:0.000339s ]
INFO: [ app_begin ] --START--
INFO: Run Behavior\ReadHtmlCacheBehavior [ RunTime:0.000341s ]
INFO: [ app_begin ] --END-- [ RunTime:0.000394s ]

[ 2017-12-08T11:45:42+08:00 ] 117.158.25.204 /jianye_garden/Member/profile
INFO: [ app_init ] --START--
INFO: Run Behavior\BuildLiteBehavior [ RunTime:0.000025s ]
INFO: [ app_init ] --END-- [ RunTime:0.000421s ]
INFO: [ app_begin ] --START--
INFO: Run Behavior\ReadHtmlCacheBehavior [ RunTime:0.000335s ]
INFO: [ app_begin ] --END-- [ RunTime:0.000387s ]

[ 2017-12-08T11:45:42+08:00 ] 117.158.25.204 /jianye_garden/Member/profile
INFO: [ app_init ] --START--
INFO: Run Behavior\BuildLiteBehavior [ RunTime:0.000017s ]
INFO: [ app_init ] --END-- [ RunTime:0.000266s ]
INFO: [ app_begin ] --START--
INFO: Run Behavior\ReadHtmlCacheBehavior [ RunTime:0.000317s ]
INFO: [ app_begin ] --END-- [ RunTime:0.000369s ]

[ 2017-12-08T11:45:47+08:00 ] 117.158.25.204 /jianye_garden/Member/profile?code=011Nbc4U0bH5PX1Yp97U07Of4U0Nbc4Z&state=STATE
INFO: [ app_init ] --START--
INFO: Run Behavior\BuildLiteBehavior [ RunTime:0.000016s ]
INFO: [ app_init ] --END-- [ RunTime:0.000266s ]
INFO: [ app_begin ] --START--
INFO: Run Behavior\ReadHtmlCacheBehavior [ RunTime:0.000314s ]
INFO: [ app_begin ] --END-- [ RunTime:0.000367s ]
NOTIC: [8] curl_setopt(): CURLOPT_SSL_VERIFYHOST with value 1 is deprecated and will be removed as of libcurl 7.28.1. It is recommended to use value 2 instead /alidata/www/api/jianye_garden/ThinkPHP/Library/Org/Wechat/Jssdk.class.php 第 127 行.
NOTIC: [8] curl_setopt(): CURLOPT_SSL_VERIFYHOST with value 1 is deprecated and will be removed as of libcurl 7.28.1. It is recommended to use value 2 instead /alidata/www/api/jianye_garden/ThinkPHP/Library/Org/Wechat/Jssdk.class.php 第 127 行.
NOTIC: [8] Undefined property: stdClass::$errcode /alidata/www/api/jianye_garden/app/Home/Controller/BaseController.class.php 第 27 行.
SQL: SHOW COLUMNS FROM `w_members` [ RunTime:0.0011s ]
SQL: SELECT `uid`,`openid`,`uname`,`phone_num` FROM `w_members` WHERE `openid` = 'oMP-Ms85vH3sMnMlEArs-mWKpXS4' LIMIT 1   [ RunTime:0.0002s ]

[ 2017-12-08T11:45:47+08:00 ] 117.158.25.204 /jianye_garden/member/login.html
INFO: [ app_init ] --START--
INFO: Run Behavior\BuildLiteBehavior [ RunTime:0.000019s ]
INFO: [ app_init ] --END-- [ RunTime:0.000317s ]
INFO: [ app_begin ] --START--
INFO: Run Behavior\ReadHtmlCacheBehavior [ RunTime:0.000323s ]
INFO: [ app_begin ] --END-- [ RunTime:0.000377s ]
SQL: SHOW COLUMNS FROM `w_members` [ RunTime:0.0012s ]
SQL: SELECT `uid`,`openid`,`uname`,`phone_num` FROM `w_members` WHERE `openid` = 'oMP-Ms85vH3sMnMlEArs-mWKpXS4' LIMIT 1   [ RunTime:0.0003s ]
INFO: [ view_parse ] --START--
INFO: Run Behavior\ParseTemplateBehavior [ RunTime:0.071807s ]
INFO: [ view_parse ] --END-- [ RunTime:0.071887s ]
INFO: [ view_filter ] --START--
INFO: Run Behavior\WriteHtmlCacheBehavior [ RunTime:0.026131s ]
INFO: [ view_filter ] --END-- [ RunTime:0.026214s ]
INFO: [ app_end ] --START--
INFO: Run Behavior\ShowPageTraceBehavior [ RunTime:0.001972s ]
INFO: [ app_end ] --END-- [ RunTime:0.002024s ]

[ 2017-12-08T11:46:57+08:00 ] 117.158.25.204 /jianye_garden/Member/profile
INFO: [ app_init ] --START--
INFO: Run Behavior\BuildLiteBehavior [ RunTime:0.000016s ]
INFO: [ app_init ] --END-- [ RunTime:0.000271s ]
INFO: [ app_begin ] --START--
INFO: Run Behavior\ReadHtmlCacheBehavior [ RunTime:0.000327s ]
INFO: [ app_begin ] --END-- [ RunTime:0.000384s ]
SQL: SHOW COLUMNS FROM `w_members` [ RunTime:0.0010s ]
SQL: SELECT `uid`,`openid`,`uname`,`phone_num` FROM `w_members` WHERE `openid` = 'oMP-Ms85vH3sMnMlEArs-mWKpXS4' LIMIT 1   [ RunTime:0.0003s ]

[ 2017-12-08T11:46:57+08:00 ] 117.158.25.204 /jianye_garden/member/login.html
INFO: [ app_init ] --START--
INFO: Run Behavior\BuildLiteBehavior [ RunTime:0.000015s ]
INFO: [ app_init ] --END-- [ RunTime:0.000264s ]
INFO: [ app_begin ] --START--
INFO: Run Behavior\ReadHtmlCacheBehavior [ RunTime:0.000314s ]
INFO: [ app_begin ] --END-- [ RunTime:0.000367s ]
SQL: SHOW COLUMNS FROM `w_members` [ RunTime:0.0009s ]
SQL: SELECT `uid`,`openid`,`uname`,`phone_num` FROM `w_members` WHERE `openid` = 'oMP-Ms85vH3sMnMlEArs-mWKpXS4' LIMIT 1   [ RunTime:0.0002s ]
INFO: [ view_parse ] --START--
INFO: Run Behavior\ParseTemplateBehavior [ RunTime:0.006292s ]
INFO: [ view_parse ] --END-- [ RunTime:0.006347s ]
INFO: [ view_filter ] --START--
INFO: Run Behavior\WriteHtmlCacheBehavior [ RunTime:0.000120s ]
INFO: [ view_filter ] --END-- [ RunTime:0.000167s ]
INFO: [ app_end ] --START--
INFO: Run Behavior\ShowPageTraceBehavior [ RunTime:0.000337s ]
INFO: [ app_end ] --END-- [ RunTime:0.000385s ]

[ 2017-12-08T11:47:08+08:00 ] 117.158.25.204 /jianye_garden/member/profile
INFO: [ app_init ] --START--
INFO: Run Behavior\BuildLiteBehavior [ RunTime:0.000021s ]
INFO: [ app_init ] --END-- [ RunTime:0.000375s ]
INFO: [ app_begin ] --START--
INFO: Run Behavior\ReadHtmlCacheBehavior [ RunTime:0.000336s ]
INFO: [ app_begin ] --END-- [ RunTime:0.000388s ]
SQL: SHOW COLUMNS FROM `w_members` [ RunTime:0.0009s ]
SQL: SELECT `uid`,`openid`,`uname`,`phone_num` FROM `w_members` WHERE `openid` = 'oMP-Ms85vH3sMnMlEArs-mWKpXS4' LIMIT 1   [ RunTime:0.0002s ]

[ 2017-12-08T11:47:09+08:00 ] 117.158.25.204 /jianye_garden/member/login.html
INFO: [ app_init ] --START--
INFO: Run Behavior\BuildLiteBehavior [ RunTime:0.000015s ]
INFO: [ app_init ] --END-- [ RunTime:0.000283s ]
INFO: [ app_begin ] --START--
INFO: Run Behavior\ReadHtmlCacheBehavior [ RunTime:0.000328s ]
INFO: [ app_begin ] --END-- [ RunTime:0.000381s ]
SQL: SHOW COLUMNS FROM `w_members` [ RunTime:0.0008s ]
SQL: SELECT `uid`,`openid`,`uname`,`phone_num` FROM `w_members` WHERE `openid` = 'oMP-Ms85vH3sMnMlEArs-mWKpXS4' LIMIT 1   [ RunTime:0.0002s ]
INFO: [ view_parse ] --START--
INFO: Run Behavior\ParseTemplateBehavior [ RunTime:0.006994s ]
INFO: [ view_parse ] --END-- [ RunTime:0.007049s ]
INFO: [ view_filter ] --START--
INFO: Run Behavior\WriteHtmlCacheBehavior [ RunTime:0.000122s ]
INFO: [ view_filter ] --END-- [ RunTime:0.000188s ]
INFO: [ app_end ] --START--
INFO: Run Behavior\ShowPageTraceBehavior [ RunTime:0.000390s ]
INFO: [ app_end ] --END-- [ RunTime:0.000452s ]

[ 2017-12-08T11:48:45+08:00 ] 117.158.25.204 /jianye_garden/member/profile
INFO: [ app_init ] --START--
INFO: Run Behavior\BuildLiteBehavior [ RunTime:0.000016s ]
INFO: [ app_init ] --END-- [ RunTime:0.000272s ]
INFO: [ app_begin ] --START--
INFO: Run Behavior\ReadHtmlCacheBehavior [ RunTime:0.000319s ]
INFO: [ app_begin ] --END-- [ RunTime:0.000380s ]
SQL: SHOW COLUMNS FROM `w_members` [ RunTime:0.0009s ]
SQL: SELECT `uid`,`openid`,`uname`,`phone_num` FROM `w_members` WHERE `openid` = 'oMP-Ms85vH3sMnMlEArs-mWKpXS4' LIMIT 1   [ RunTime:0.0002s ]
INFO: [ view_parse ] --START--
INFO: Run Behavior\ParseTemplateBehavior [ RunTime:0.010313s ]
INFO: [ view_parse ] --END-- [ RunTime:0.010392s ]
INFO: [ view_filter ] --START--
INFO: Run Behavior\WriteHtmlCacheBehavior [ RunTime:0.000131s ]
INFO: [ view_filter ] --END-- [ RunTime:0.000182s ]
INFO: [ app_end ] --START--
INFO: Run Behavior\ShowPageTraceBehavior [ RunTime:0.000343s ]
INFO: [ app_end ] --END-- [ RunTime:0.000448s ]

[ 2017-12-08T11:48:57+08:00 ] 117.158.25.204 /jianye_garden/member/profile
INFO: [ app_init ] --START--
INFO: Run Behavior\BuildLiteBehavior [ RunTime:0.000020s ]
INFO: [ app_init ] --END-- [ RunTime:0.000309s ]
INFO: [ app_begin ] --START--
INFO: Run Behavior\ReadHtmlCacheBehavior [ RunTime:0.000332s ]
INFO: [ app_begin ] --END-- [ RunTime:0.000384s ]
SQL: SHOW COLUMNS FROM `w_members` [ RunTime:0.0009s ]
SQL: SELECT `uid`,`openid`,`uname`,`phone_num` FROM `w_members` WHERE `openid` = 'oMP-Ms85vH3sMnMlEArs-mWKpXS4' LIMIT 1   [ RunTime:0.0002s ]

[ 2017-12-08T11:48:57+08:00 ] 117.158.25.204 /jianye_garden/member/login.html
INFO: [ app_init ] --START--
INFO: Run Behavior\BuildLiteBehavior [ RunTime:0.000015s ]
INFO: [ app_init ] --END-- [ RunTime:0.000267s ]
INFO: [ app_begin ] --START--
INFO: Run Behavior\ReadHtmlCacheBehavior [ RunTime:0.000319s ]
INFO: [ app_begin ] --END-- [ RunTime:0.000372s ]
SQL: SHOW COLUMNS FROM `w_members` [ RunTime:0.0009s ]
SQL: SELECT `uid`,`openid`,`uname`,`phone_num` FROM `w_members` WHERE `openid` = 'oMP-Ms85vH3sMnMlEArs-mWKpXS4' LIMIT 1   [ RunTime:0.0003s ]
INFO: [ view_parse ] --START--
INFO: Run Behavior\ParseTemplateBehavior [ RunTime:0.006307s ]
INFO: [ view_parse ] --END-- [ RunTime:0.006362s ]
INFO: [ view_filter ] --START--
INFO: Run Behavior\WriteHtmlCacheBehavior [ RunTime:0.000121s ]
INFO: [ view_filter ] --END-- [ RunTime:0.000168s ]
INFO: [ app_end ] --START--
INFO: Run Behavior\ShowPageTraceBehavior [ RunTime:0.000332s ]
INFO: [ app_end ] --END-- [ RunTime:0.000381s ]

[ 2017-12-08T12:05:19+08:00 ] 117.158.25.204 /jianye_garden/member/get_smscode.html
INFO: [ app_init ] --START--
INFO: Run Behavior\BuildLiteBehavior [ RunTime:0.000016s ]
INFO: [ app_init ] --END-- [ RunTime:0.000272s ]
INFO: [ app_begin ] --START--
INFO: Run Behavior\ReadHtmlCacheBehavior [ RunTime:0.000358s ]
INFO: [ app_begin ] --END-- [ RunTime:0.000410s ]
SQL: SHOW COLUMNS FROM `w_members` [ RunTime:0.0010s ]
SQL: SELECT `uid`,`openid`,`uname`,`phone_num` FROM `w_members` WHERE `openid` = 'oMP-Ms85vH3sMnMlEArs-mWKpXS4' LIMIT 1   [ RunTime:0.0003s ]
INFO: [ app_end ] --START--
INFO: Run Behavior\ShowPageTraceBehavior [ RunTime:0.000316s ]
INFO: [ app_end ] --END-- [ RunTime:0.000371s ]

[ 2017-12-08T15:53:36+08:00 ] 117.158.25.204 /jianye_garden/member/profile
INFO: [ app_init ] --START--
INFO: Run Behavior\BuildLiteBehavior [ RunTime:0.000015s ]
INFO: [ app_init ] --END-- [ RunTime:0.000270s ]
INFO: [ app_begin ] --START--
INFO: Run Behavior\ReadHtmlCacheBehavior [ RunTime:0.000316s ]
INFO: [ app_begin ] --END-- [ RunTime:0.000370s ]
SQL: SHOW COLUMNS FROM `w_members` [ RunTime:0.0009s ]
SQL: SELECT `uid`,`openid`,`uname`,`phone_num` FROM `w_members` WHERE `openid` = 'oMP-Ms85vH3sMnMlEArs-mWKpXS4' LIMIT 1   [ RunTime:0.0002s ]

[ 2017-12-08T15:53:36+08:00 ] 117.158.25.204 /jianye_garden/member/login.html
INFO: [ app_init ] --START--
INFO: Run Behavior\BuildLiteBehavior [ RunTime:0.000042s ]
INFO: [ app_init ] --END-- [ RunTime:0.000413s ]
INFO: [ app_begin ] --START--
INFO: Run Behavior\ReadHtmlCacheBehavior [ RunTime:0.000469s ]
INFO: [ app_begin ] --END-- [ RunTime:0.000526s ]
SQL: SHOW COLUMNS FROM `w_members` [ RunTime:0.0008s ]
SQL: SELECT `uid`,`openid`,`uname`,`phone_num` FROM `w_members` WHERE `openid` = 'oMP-Ms85vH3sMnMlEArs-mWKpXS4' LIMIT 1   [ RunTime:0.0002s ]
INFO: [ view_parse ] --START--
INFO: Run Behavior\ParseTemplateBehavior [ RunTime:0.006501s ]
INFO: [ view_parse ] --END-- [ RunTime:0.006557s ]
INFO: [ view_filter ] --START--
INFO: Run Behavior\WriteHtmlCacheBehavior [ RunTime:0.000130s ]
INFO: [ view_filter ] --END-- [ RunTime:0.000177s ]
INFO: [ app_end ] --START--
INFO: Run Behavior\ShowPageTraceBehavior [ RunTime:0.000341s ]
INFO: [ app_end ] --END-- [ RunTime:0.000390s ]

[ 2017-12-08T15:53:52+08:00 ] 117.158.25.204 /jianye_garden/member/login.html
INFO: [ app_init ] --START--
INFO: Run Behavior\BuildLiteBehavior [ RunTime:0.000020s ]
INFO: [ app_init ] --END-- [ RunTime:0.000298s ]
INFO: [ app_begin ] --START--
INFO: Run Behavior\ReadHtmlCacheBehavior [ RunTime:0.000416s ]
INFO: [ app_begin ] --END-- [ RunTime:0.000550s ]
SQL: SHOW COLUMNS FROM `w_members` [ RunTime:0.0008s ]
SQL: SELECT `uid`,`openid`,`uname`,`phone_num` FROM `w_members` WHERE `openid` = 'oMP-Ms85vH3sMnMlEArs-mWKpXS4' LIMIT 1   [ RunTime:0.0002s ]
INFO: [ app_end ] --START--
INFO: Run Behavior\ShowPageTraceBehavior [ RunTime:0.000341s ]
INFO: [ app_end ] --END-- [ RunTime:0.000394s ]

[ 2017-12-08T15:53:53+08:00 ] 117.158.25.204 /jianye_garden/member/login.html
INFO: [ app_init ] --START--
INFO: Run Behavior\BuildLiteBehavior [ RunTime:0.000015s ]
INFO: [ app_init ] --END-- [ RunTime:0.000270s ]
INFO: [ app_begin ] --START--
INFO: Run Behavior\ReadHtmlCacheBehavior [ RunTime:0.000335s ]
INFO: [ app_begin ] --END-- [ RunTime:0.000385s ]
SQL: SHOW COLUMNS FROM `w_members` [ RunTime:0.0009s ]
SQL: SELECT `uid`,`openid`,`uname`,`phone_num` FROM `w_members` WHERE `openid` = 'oMP-Ms85vH3sMnMlEArs-mWKpXS4' LIMIT 1   [ RunTime:0.0002s ]
INFO: [ app_end ] --START--
INFO: Run Behavior\ShowPageTraceBehavior [ RunTime:0.000353s ]
INFO: [ app_end ] --END-- [ RunTime:0.000406s ]

[ 2017-12-08T15:54:08+08:00 ] 117.158.25.204 /jianye_garden/member/login.html
INFO: [ app_init ] --START--
INFO: Run Behavior\BuildLiteBehavior [ RunTime:0.000016s ]
INFO: [ app_init ] --END-- [ RunTime:0.000264s ]
INFO: [ app_begin ] --START--
INFO: Run Behavior\ReadHtmlCacheBehavior [ RunTime:0.000310s ]
INFO: [ app_begin ] --END-- [ RunTime:0.000360s ]
SQL: SHOW COLUMNS FROM `w_members` [ RunTime:0.0009s ]
SQL: SELECT `uid`,`openid`,`uname`,`phone_num` FROM `w_members` WHERE `openid` = 'oMP-Ms85vH3sMnMlEArs-mWKpXS4' LIMIT 1   [ RunTime:0.0003s ]
SQL: UPDATE `w_members` SET `uname`='zhang',`phone_num`='18639932721' WHERE `openid` = 'oMP-Ms85vH3sMnMlEArs-mWKpXS4' [ RunTime:0.0121s ]
INFO: [ app_end ] --START--
INFO: Run Behavior\ShowPageTraceBehavior [ RunTime:0.000343s ]
INFO: [ app_end ] --END-- [ RunTime:0.000394s ]

