[ 2018-01-04T10:29:24+08:00 ] 127.0.0.1 /jianye_garden/Member/profile_edit.html
INFO: [ app_init ] --START--
INFO: Run Behavior\BuildLiteBehavior [ RunTime:0.000015s ]
INFO: [ app_init ] --END-- [ RunTime:0.001203s ]
INFO: [ app_begin ] --START--
INFO: Run Behavior\ReadHtmlCacheBehavior [ RunTime:0.000666s ]
INFO: [ app_begin ] --END-- [ RunTime:0.000705s ]
SQL: SHOW COLUMNS FROM `w_members` [ RunTime:0.0077s ]
SQL: SELECT w_members.*,w_consultant.name as cons_name FROM `w_members` left JOIN w_consultant on w_consultant.uid=w_members.pro_consultant  WHERE w_members.uid = null LIMIT 1   [ RunTime:0.0180s ]
NOTIC: [2] Invalid argument supplied for foreach() /Applications/MAMP/htdocs/jianye_garden/app/Home/Controller/MemberController.class.php 第 352 行.
SQL: SHOW COLUMNS FROM `w_trade` [ RunTime:0.0029s ]
SQL: SELECT * FROM `w_trade`  [ RunTime:0.0351s ]
INFO: [ view_parse ] --START--
INFO: Run Behavior\ParseTemplateBehavior [ RunTime:0.180578s ]
INFO: [ view_parse ] --END-- [ RunTime:0.180639s ]
INFO: [ view_filter ] --START--
INFO: Run Behavior\WriteHtmlCacheBehavior [ RunTime:0.001913s ]
INFO: [ view_filter ] --END-- [ RunTime:0.001960s ]
INFO: [ app_end ] --START--
INFO: Run Behavior\ShowPageTraceBehavior [ RunTime:0.001173s ]
INFO: [ app_end ] --END-- [ RunTime:0.001241s ]

[ 2018-01-04T10:31:43+08:00 ] 127.0.0.1 /jianye_garden/Member/profile_edit.html
INFO: [ app_init ] --START--
INFO: Run Behavior\BuildLiteBehavior [ RunTime:0.000016s ]
INFO: [ app_init ] --END-- [ RunTime:0.000674s ]
INFO: [ app_begin ] --START--
INFO: Run Behavior\ReadHtmlCacheBehavior [ RunTime:0.000583s ]
INFO: [ app_begin ] --END-- [ RunTime:0.000618s ]
SQL: SHOW COLUMNS FROM `w_members` [ RunTime:0.0026s ]
SQL: SELECT w_members.*,w_consultant.name as cons_name FROM `w_members` left JOIN w_consultant on w_consultant.uid=w_members.pro_consultant  WHERE w_members.uid = null LIMIT 1   [ RunTime:0.0004s ]
NOTIC: [2] Invalid argument supplied for foreach() /Applications/MAMP/htdocs/jianye_garden/app/Home/Controller/MemberController.class.php 第 352 行.
SQL: SHOW COLUMNS FROM `w_trade` [ RunTime:0.0022s ]
SQL: SELECT * FROM `w_trade`  [ RunTime:0.0002s ]
INFO: [ view_parse ] --START--
INFO: Run Behavior\ParseTemplateBehavior [ RunTime:0.021064s ]
INFO: [ view_parse ] --END-- [ RunTime:0.021144s ]
INFO: [ view_filter ] --START--
INFO: Run Behavior\WriteHtmlCacheBehavior [ RunTime:0.000425s ]
INFO: [ view_filter ] --END-- [ RunTime:0.000460s ]
INFO: [ app_end ] --START--
INFO: Run Behavior\ShowPageTraceBehavior [ RunTime:0.001179s ]
INFO: [ app_end ] --END-- [ RunTime:0.001240s ]

[ 2018-01-04T10:32:57+08:00 ] 127.0.0.1 /jianye_garden/Member/profile_edit.html
INFO: [ app_init ] --START--
INFO: Run Behavior\BuildLiteBehavior [ RunTime:0.000012s ]
INFO: [ app_init ] --END-- [ RunTime:0.000442s ]
INFO: [ app_begin ] --START--
INFO: Run Behavior\ReadHtmlCacheBehavior [ RunTime:0.000496s ]
INFO: [ app_begin ] --END-- [ RunTime:0.000548s ]
SQL: SHOW COLUMNS FROM `w_members` [ RunTime:0.0045s ]
SQL: SELECT w_members.*,w_consultant.name as cons_name FROM `w_members` left JOIN w_consultant on w_consultant.uid=w_members.pro_consultant  WHERE w_members.uid = null LIMIT 1   [ RunTime:0.0004s ]
NOTIC: [2] Invalid argument supplied for foreach() /Applications/MAMP/htdocs/jianye_garden/app/Home/Controller/MemberController.class.php 第 352 行.
SQL: SHOW COLUMNS FROM `w_trade` [ RunTime:0.0018s ]
SQL: SELECT * FROM `w_trade`  [ RunTime:0.0003s ]
INFO: [ view_parse ] --START--
INFO: Run Behavior\ParseTemplateBehavior [ RunTime:0.106409s ]
INFO: [ view_parse ] --END-- [ RunTime:0.106474s ]
INFO: [ view_filter ] --START--
INFO: Run Behavior\WriteHtmlCacheBehavior [ RunTime:0.000402s ]
INFO: [ view_filter ] --END-- [ RunTime:0.000487s ]
INFO: [ app_end ] --START--
INFO: Run Behavior\ShowPageTraceBehavior [ RunTime:0.000880s ]
INFO: [ app_end ] --END-- [ RunTime:0.000941s ]

[ 2018-01-04T10:33:38+08:00 ] 127.0.0.1 /jianye_garden/Member/profile_edit.html
INFO: [ app_init ] --START--
INFO: Run Behavior\BuildLiteBehavior [ RunTime:0.000009s ]
INFO: [ app_init ] --END-- [ RunTime:0.000335s ]
INFO: [ app_begin ] --START--
INFO: Run Behavior\ReadHtmlCacheBehavior [ RunTime:0.000381s ]
INFO: [ app_begin ] --END-- [ RunTime:0.000408s ]
SQL: SHOW COLUMNS FROM `w_members` [ RunTime:0.0023s ]
SQL: SELECT w_members.*,w_consultant.name as cons_name FROM `w_members` left JOIN w_consultant on w_consultant.uid=w_members.pro_consultant  WHERE w_members.uid = null LIMIT 1   [ RunTime:0.0004s ]
NOTIC: [2] Invalid argument supplied for foreach() /Applications/MAMP/htdocs/jianye_garden/app/Home/Controller/MemberController.class.php 第 352 行.
SQL: SHOW COLUMNS FROM `w_trade` [ RunTime:0.0019s ]
SQL: SELECT * FROM `w_trade`  [ RunTime:0.0002s ]
INFO: [ view_parse ] --START--
INFO: Run Behavior\ParseTemplateBehavior [ RunTime:0.083126s ]
INFO: [ view_parse ] --END-- [ RunTime:0.083161s ]
INFO: [ view_filter ] --START--
INFO: Run Behavior\WriteHtmlCacheBehavior [ RunTime:0.000125s ]
INFO: [ view_filter ] --END-- [ RunTime:0.000144s ]
INFO: [ app_end ] --START--
INFO: Run Behavior\ShowPageTraceBehavior [ RunTime:0.000414s ]
INFO: [ app_end ] --END-- [ RunTime:0.000438s ]

[ 2018-01-04T10:33:49+08:00 ] 127.0.0.1 /jianye_garden/Member/profile_edit.html
INFO: [ app_init ] --START--
INFO: Run Behavior\BuildLiteBehavior [ RunTime:0.000010s ]
INFO: [ app_init ] --END-- [ RunTime:0.000332s ]
INFO: [ app_begin ] --START--
INFO: Run Behavior\ReadHtmlCacheBehavior [ RunTime:0.000384s ]
INFO: [ app_begin ] --END-- [ RunTime:0.000409s ]
SQL: SHOW COLUMNS FROM `w_members` [ RunTime:0.0040s ]
SQL: SELECT w_members.*,w_consultant.name as cons_name FROM `w_members` left JOIN w_consultant on w_consultant.uid=w_members.pro_consultant  WHERE w_members.uid = null LIMIT 1   [ RunTime:0.0004s ]
NOTIC: [2] Invalid argument supplied for foreach() /Applications/MAMP/htdocs/jianye_garden/app/Home/Controller/MemberController.class.php 第 352 行.
SQL: SHOW COLUMNS FROM `w_trade` [ RunTime:0.0018s ]
SQL: SELECT * FROM `w_trade`  [ RunTime:0.0003s ]
INFO: [ view_parse ] --START--
INFO: Run Behavior\ParseTemplateBehavior [ RunTime:0.013165s ]
INFO: [ view_parse ] --END-- [ RunTime:0.013209s ]
INFO: [ view_filter ] --START--
INFO: Run Behavior\WriteHtmlCacheBehavior [ RunTime:0.000152s ]
INFO: [ view_filter ] --END-- [ RunTime:0.000178s ]
INFO: [ app_end ] --START--
INFO: Run Behavior\ShowPageTraceBehavior [ RunTime:0.000644s ]
INFO: [ app_end ] --END-- [ RunTime:0.000735s ]

[ 2018-01-04T10:34:07+08:00 ] 127.0.0.1 /jianye_garden/Member/profile_edit.html
INFO: [ app_init ] --START--
INFO: Run Behavior\BuildLiteBehavior [ RunTime:0.000018s ]
INFO: [ app_init ] --END-- [ RunTime:0.001007s ]
INFO: [ app_begin ] --START--
INFO: Run Behavior\ReadHtmlCacheBehavior [ RunTime:0.000857s ]
INFO: [ app_begin ] --END-- [ RunTime:0.000908s ]
SQL: SHOW COLUMNS FROM `w_members` [ RunTime:0.0021s ]
SQL: SELECT w_members.*,w_consultant.name as cons_name FROM `w_members` left JOIN w_consultant on w_consultant.uid=w_members.pro_consultant  WHERE w_members.uid = null LIMIT 1   [ RunTime:0.0004s ]
NOTIC: [2] Invalid argument supplied for foreach() /Applications/MAMP/htdocs/jianye_garden/app/Home/Controller/MemberController.class.php 第 352 行.
SQL: SHOW COLUMNS FROM `w_trade` [ RunTime:0.0027s ]
SQL: SELECT * FROM `w_trade`  [ RunTime:0.0005s ]
INFO: [ view_parse ] --START--
INFO: Run Behavior\ParseTemplateBehavior [ RunTime:0.031104s ]
INFO: [ view_parse ] --END-- [ RunTime:0.031163s ]
INFO: [ view_filter ] --START--
INFO: Run Behavior\WriteHtmlCacheBehavior [ RunTime:0.000593s ]
INFO: [ view_filter ] --END-- [ RunTime:0.000630s ]
INFO: [ app_end ] --START--
INFO: Run Behavior\ShowPageTraceBehavior [ RunTime:0.001232s ]
INFO: [ app_end ] --END-- [ RunTime:0.001287s ]

[ 2018-01-04T10:34:37+08:00 ] 127.0.0.1 /jianye_garden/Member/profile_edit.html
INFO: [ app_init ] --START--
INFO: Run Behavior\BuildLiteBehavior [ RunTime:0.000022s ]
INFO: [ app_init ] --END-- [ RunTime:0.001092s ]
INFO: [ app_begin ] --START--
INFO: Run Behavior\ReadHtmlCacheBehavior [ RunTime:0.000891s ]
INFO: [ app_begin ] --END-- [ RunTime:0.000936s ]
SQL: SHOW COLUMNS FROM `w_members` [ RunTime:0.0030s ]
SQL: SELECT w_members.*,w_consultant.name as cons_name FROM `w_members` left JOIN w_consultant on w_consultant.uid=w_members.pro_consultant  WHERE w_members.uid = null LIMIT 1   [ RunTime:0.0009s ]
NOTIC: [2] Invalid argument supplied for foreach() /Applications/MAMP/htdocs/jianye_garden/app/Home/Controller/MemberController.class.php 第 352 行.
SQL: SHOW COLUMNS FROM `w_trade` [ RunTime:0.0029s ]
SQL: SELECT * FROM `w_trade`  [ RunTime:0.0002s ]
INFO: [ view_parse ] --START--
INFO: Run Behavior\ParseTemplateBehavior [ RunTime:0.021443s ]
INFO: [ view_parse ] --END-- [ RunTime:0.021487s ]
INFO: [ view_filter ] --START--
INFO: Run Behavior\WriteHtmlCacheBehavior [ RunTime:0.000267s ]
INFO: [ view_filter ] --END-- [ RunTime:0.000306s ]
INFO: [ app_end ] --START--
INFO: Run Behavior\ShowPageTraceBehavior [ RunTime:0.000963s ]
INFO: [ app_end ] --END-- [ RunTime:0.001011s ]

[ 2018-01-04T10:34:49+08:00 ] 127.0.0.1 /jianye_garden/Member/profile_edit.html
INFO: [ app_init ] --START--
INFO: Run Behavior\BuildLiteBehavior [ RunTime:0.000016s ]
INFO: [ app_init ] --END-- [ RunTime:0.000525s ]
INFO: [ app_begin ] --START--
INFO: Run Behavior\ReadHtmlCacheBehavior [ RunTime:0.001110s ]
INFO: [ app_begin ] --END-- [ RunTime:0.001213s ]
SQL: SHOW COLUMNS FROM `w_members` [ RunTime:0.0052s ]
SQL: SELECT w_members.*,w_consultant.name as cons_name FROM `w_members` left JOIN w_consultant on w_consultant.uid=w_members.pro_consultant  WHERE w_members.uid = null LIMIT 1   [ RunTime:0.0006s ]
NOTIC: [2] Invalid argument supplied for foreach() /Applications/MAMP/htdocs/jianye_garden/app/Home/Controller/MemberController.class.php 第 352 行.
SQL: SHOW COLUMNS FROM `w_trade` [ RunTime:0.0035s ]
SQL: SELECT * FROM `w_trade`  [ RunTime:0.0004s ]
INFO: [ view_parse ] --START--
INFO: Run Behavior\ParseTemplateBehavior [ RunTime:0.023295s ]
INFO: [ view_parse ] --END-- [ RunTime:0.023355s ]
INFO: [ view_filter ] --START--
INFO: Run Behavior\WriteHtmlCacheBehavior [ RunTime:0.000144s ]
INFO: [ view_filter ] --END-- [ RunTime:0.000167s ]
INFO: [ app_end ] --START--
INFO: Run Behavior\ShowPageTraceBehavior [ RunTime:0.000699s ]
INFO: [ app_end ] --END-- [ RunTime:0.000736s ]

[ 2018-01-04T10:35:25+08:00 ] 127.0.0.1 /jianye_garden/Member/profile_edit.html
INFO: [ app_init ] --START--
INFO: Run Behavior\BuildLiteBehavior [ RunTime:0.000011s ]
INFO: [ app_init ] --END-- [ RunTime:0.000423s ]
INFO: [ app_begin ] --START--
INFO: Run Behavior\ReadHtmlCacheBehavior [ RunTime:0.000513s ]
INFO: [ app_begin ] --END-- [ RunTime:0.000540s ]
SQL: SHOW COLUMNS FROM `w_members` [ RunTime:0.0020s ]
SQL: SELECT w_members.*,w_consultant.name as cons_name FROM `w_members` left JOIN w_consultant on w_consultant.uid=w_members.pro_consultant  WHERE w_members.uid = null LIMIT 1   [ RunTime:0.0003s ]
NOTIC: [2] Invalid argument supplied for foreach() /Applications/MAMP/htdocs/jianye_garden/app/Home/Controller/MemberController.class.php 第 352 行.
SQL: SHOW COLUMNS FROM `w_trade` [ RunTime:0.0016s ]
SQL: SELECT * FROM `w_trade`  [ RunTime:0.0002s ]
INFO: [ view_parse ] --START--
INFO: Run Behavior\ParseTemplateBehavior [ RunTime:0.119806s ]
INFO: [ view_parse ] --END-- [ RunTime:0.119861s ]
INFO: [ view_filter ] --START--
INFO: Run Behavior\WriteHtmlCacheBehavior [ RunTime:0.001165s ]
INFO: [ view_filter ] --END-- [ RunTime:0.001234s ]
INFO: [ app_end ] --START--
INFO: Run Behavior\ShowPageTraceBehavior [ RunTime:0.007416s ]
INFO: [ app_end ] --END-- [ RunTime:0.007470s ]

[ 2018-01-04T10:45:22+08:00 ] 127.0.0.1 /jianye_garden/Member/profile_edit.html
INFO: [ app_init ] --START--
INFO: Run Behavior\BuildLiteBehavior [ RunTime:0.000021s ]
INFO: [ app_init ] --END-- [ RunTime:0.000835s ]
INFO: [ app_begin ] --START--
INFO: Run Behavior\ReadHtmlCacheBehavior [ RunTime:0.000648s ]
INFO: [ app_begin ] --END-- [ RunTime:0.000693s ]
SQL: SHOW COLUMNS FROM `w_members` [ RunTime:0.0036s ]
SQL: SELECT w_members.*,w_consultant.name as cons_name FROM `w_members` left JOIN w_consultant on w_consultant.uid=w_members.pro_consultant  WHERE w_members.uid = null LIMIT 1   [ RunTime:0.0004s ]
NOTIC: [2] Invalid argument supplied for foreach() /Applications/MAMP/htdocs/jianye_garden/app/Home/Controller/MemberController.class.php 第 352 行.
SQL: SHOW COLUMNS FROM `w_trade` [ RunTime:0.0017s ]
SQL: SELECT * FROM `w_trade`  [ RunTime:0.0003s ]
INFO: [ view_parse ] --START--
INFO: Run Behavior\ParseTemplateBehavior [ RunTime:0.048964s ]
INFO: [ view_parse ] --END-- [ RunTime:0.049008s ]
INFO: [ view_filter ] --START--
INFO: Run Behavior\WriteHtmlCacheBehavior [ RunTime:0.000991s ]
INFO: [ view_filter ] --END-- [ RunTime:0.001031s ]
INFO: [ app_end ] --START--
INFO: Run Behavior\ShowPageTraceBehavior [ RunTime:0.001053s ]
INFO: [ app_end ] --END-- [ RunTime:0.001106s ]

[ 2018-01-04T10:46:47+08:00 ] 127.0.0.1 /jianye_garden/Member/profile_edit.html
INFO: [ app_init ] --START--
INFO: Run Behavior\BuildLiteBehavior [ RunTime:0.000016s ]
INFO: [ app_init ] --END-- [ RunTime:0.000711s ]
INFO: [ app_begin ] --START--
INFO: Run Behavior\ReadHtmlCacheBehavior [ RunTime:0.000776s ]
INFO: [ app_begin ] --END-- [ RunTime:0.000828s ]
SQL: SHOW COLUMNS FROM `w_members` [ RunTime:0.0021s ]
SQL: SELECT w_members.*,w_consultant.name as cons_name FROM `w_members` left JOIN w_consultant on w_consultant.uid=w_members.pro_consultant  WHERE w_members.uid = null LIMIT 1   [ RunTime:0.0005s ]
NOTIC: [2] Invalid argument supplied for foreach() /Applications/MAMP/htdocs/jianye_garden/app/Home/Controller/MemberController.class.php 第 352 行.
SQL: SHOW COLUMNS FROM `w_trade` [ RunTime:0.0022s ]
SQL: SELECT * FROM `w_trade`  [ RunTime:0.0003s ]
INFO: [ view_parse ] --START--
INFO: Run Behavior\ParseTemplateBehavior [ RunTime:0.131524s ]
INFO: [ view_parse ] --END-- [ RunTime:0.131614s ]
INFO: [ view_filter ] --START--
INFO: Run Behavior\WriteHtmlCacheBehavior [ RunTime:0.000508s ]
INFO: [ view_filter ] --END-- [ RunTime:0.000549s ]
INFO: [ app_end ] --START--
INFO: Run Behavior\ShowPageTraceBehavior [ RunTime:0.000970s ]
INFO: [ app_end ] --END-- [ RunTime:0.001014s ]

[ 2018-01-04T10:47:01+08:00 ] 127.0.0.1 /jianye_garden/Member/profile_edit.html
INFO: [ app_init ] --START--
INFO: Run Behavior\BuildLiteBehavior [ RunTime:0.000011s ]
INFO: [ app_init ] --END-- [ RunTime:0.000290s ]
INFO: [ app_begin ] --START--
INFO: Run Behavior\ReadHtmlCacheBehavior [ RunTime:0.000329s ]
INFO: [ app_begin ] --END-- [ RunTime:0.000353s ]
SQL: SHOW COLUMNS FROM `w_members` [ RunTime:0.0034s ]
SQL: SELECT w_members.*,w_consultant.name as cons_name FROM `w_members` left JOIN w_consultant on w_consultant.uid=w_members.pro_consultant  WHERE w_members.uid = null LIMIT 1   [ RunTime:0.0003s ]
NOTIC: [2] Invalid argument supplied for foreach() /Applications/MAMP/htdocs/jianye_garden/app/Home/Controller/MemberController.class.php 第 352 行.
SQL: SHOW COLUMNS FROM `w_trade` [ RunTime:0.0016s ]
SQL: SELECT * FROM `w_trade`  [ RunTime:0.0003s ]
INFO: [ view_parse ] --START--
INFO: Run Behavior\ParseTemplateBehavior [ RunTime:0.093071s ]
INFO: [ view_parse ] --END-- [ RunTime:0.093109s ]
INFO: [ view_filter ] --START--
INFO: Run Behavior\WriteHtmlCacheBehavior [ RunTime:0.000136s ]
INFO: [ view_filter ] --END-- [ RunTime:0.000156s ]
INFO: [ app_end ] --START--
INFO: Run Behavior\ShowPageTraceBehavior [ RunTime:0.000388s ]
INFO: [ app_end ] --END-- [ RunTime:0.000424s ]

[ 2018-01-04T10:47:25+08:00 ] 127.0.0.1 /jianye_garden/Member/profile_edit.html
INFO: [ app_init ] --START--
INFO: Run Behavior\BuildLiteBehavior [ RunTime:0.000010s ]
INFO: [ app_init ] --END-- [ RunTime:0.000258s ]
INFO: [ app_begin ] --START--
INFO: Run Behavior\ReadHtmlCacheBehavior [ RunTime:0.000490s ]
INFO: [ app_begin ] --END-- [ RunTime:0.000531s ]
SQL: SHOW COLUMNS FROM `w_members` [ RunTime:0.0039s ]
SQL: SELECT w_members.*,w_consultant.name as cons_name FROM `w_members` left JOIN w_consultant on w_consultant.uid=w_members.pro_consultant  WHERE w_members.uid = null LIMIT 1   [ RunTime:0.0005s ]
NOTIC: [2] Invalid argument supplied for foreach() /Applications/MAMP/htdocs/jianye_garden/app/Home/Controller/MemberController.class.php 第 352 行.
SQL: SHOW COLUMNS FROM `w_trade` [ RunTime:0.0017s ]
SQL: SELECT * FROM `w_trade`  [ RunTime:0.0002s ]
INFO: [ view_parse ] --START--
INFO: Run Behavior\ParseTemplateBehavior [ RunTime:0.088392s ]
INFO: [ view_parse ] --END-- [ RunTime:0.088429s ]
INFO: [ view_filter ] --START--
INFO: Run Behavior\WriteHtmlCacheBehavior [ RunTime:0.000137s ]
INFO: [ view_filter ] --END-- [ RunTime:0.000158s ]
INFO: [ app_end ] --START--
INFO: Run Behavior\ShowPageTraceBehavior [ RunTime:0.000400s ]
INFO: [ app_end ] --END-- [ RunTime:0.000423s ]

[ 2018-01-04T10:48:39+08:00 ] 127.0.0.1 /jianye_garden/Member/profile_edit.html
INFO: [ app_init ] --START--
INFO: Run Behavior\BuildLiteBehavior [ RunTime:0.000037s ]
INFO: [ app_init ] --END-- [ RunTime:0.001591s ]
INFO: [ app_begin ] --START--
INFO: Run Behavior\ReadHtmlCacheBehavior [ RunTime:0.000514s ]
INFO: [ app_begin ] --END-- [ RunTime:0.000556s ]
SQL: SHOW COLUMNS FROM `w_members` [ RunTime:0.0035s ]
SQL: SELECT w_members.*,w_consultant.name as cons_name FROM `w_members` left JOIN w_consultant on w_consultant.uid=w_members.pro_consultant  WHERE w_members.uid = null LIMIT 1   [ RunTime:0.0004s ]
NOTIC: [2] Invalid argument supplied for foreach() /Applications/MAMP/htdocs/jianye_garden/app/Home/Controller/MemberController.class.php 第 352 行.
SQL: SHOW COLUMNS FROM `w_trade` [ RunTime:0.0018s ]
SQL: SELECT * FROM `w_trade`  [ RunTime:0.0002s ]
INFO: [ view_parse ] --START--
INFO: Run Behavior\ParseTemplateBehavior [ RunTime:0.010154s ]
INFO: [ view_parse ] --END-- [ RunTime:0.010191s ]
INFO: [ view_filter ] --START--
INFO: Run Behavior\WriteHtmlCacheBehavior [ RunTime:0.000153s ]
INFO: [ view_filter ] --END-- [ RunTime:0.000176s ]
INFO: [ app_end ] --START--
INFO: Run Behavior\ShowPageTraceBehavior [ RunTime:0.000443s ]
INFO: [ app_end ] --END-- [ RunTime:0.000468s ]

[ 2018-01-04T10:49:07+08:00 ] 127.0.0.1 /jianye_garden/Member/profile_edit.html
INFO: [ app_init ] --START--
INFO: Run Behavior\BuildLiteBehavior [ RunTime:0.000015s ]
INFO: [ app_init ] --END-- [ RunTime:0.000646s ]
INFO: [ app_begin ] --START--
INFO: Run Behavior\ReadHtmlCacheBehavior [ RunTime:0.000802s ]
INFO: [ app_begin ] --END-- [ RunTime:0.000847s ]
SQL: SHOW COLUMNS FROM `w_members` [ RunTime:0.0023s ]
SQL: SELECT w_members.*,w_consultant.name as cons_name FROM `w_members` left JOIN w_consultant on w_consultant.uid=w_members.pro_consultant  WHERE w_members.uid = null LIMIT 1   [ RunTime:0.0003s ]
NOTIC: [2] Invalid argument supplied for foreach() /Applications/MAMP/htdocs/jianye_garden/app/Home/Controller/MemberController.class.php 第 352 行.
SQL: SHOW COLUMNS FROM `w_trade` [ RunTime:0.0015s ]
SQL: SELECT * FROM `w_trade`  [ RunTime:0.0002s ]
INFO: [ view_parse ] --START--
INFO: Run Behavior\ParseTemplateBehavior [ RunTime:0.151983s ]
INFO: [ view_parse ] --END-- [ RunTime:0.152026s ]
INFO: [ view_filter ] --START--
INFO: Run Behavior\WriteHtmlCacheBehavior [ RunTime:0.000977s ]
INFO: [ view_filter ] --END-- [ RunTime:0.001019s ]
INFO: [ app_end ] --START--
INFO: Run Behavior\ShowPageTraceBehavior [ RunTime:0.000895s ]
INFO: [ app_end ] --END-- [ RunTime:0.000936s ]

[ 2018-01-04T10:49:35+08:00 ] 127.0.0.1 /jianye_garden/Member/profile_edit.html
INFO: [ app_init ] --START--
INFO: Run Behavior\BuildLiteBehavior [ RunTime:0.000012s ]
INFO: [ app_init ] --END-- [ RunTime:0.000442s ]
INFO: [ app_begin ] --START--
INFO: Run Behavior\ReadHtmlCacheBehavior [ RunTime:0.000469s ]
INFO: [ app_begin ] --END-- [ RunTime:0.000501s ]
SQL: SHOW COLUMNS FROM `w_members` [ RunTime:0.0020s ]
SQL: SELECT w_members.*,w_consultant.name as cons_name FROM `w_members` left JOIN w_consultant on w_consultant.uid=w_members.pro_consultant  WHERE w_members.uid = null LIMIT 1   [ RunTime:0.0003s ]
NOTIC: [2] Invalid argument supplied for foreach() /Applications/MAMP/htdocs/jianye_garden/app/Home/Controller/MemberController.class.php 第 352 行.
SQL: SHOW COLUMNS FROM `w_trade` [ RunTime:0.0020s ]
SQL: SELECT * FROM `w_trade`  [ RunTime:0.0003s ]
INFO: [ view_parse ] --START--
INFO: Run Behavior\ParseTemplateBehavior [ RunTime:0.093823s ]
INFO: [ view_parse ] --END-- [ RunTime:0.093868s ]
INFO: [ view_filter ] --START--
INFO: Run Behavior\WriteHtmlCacheBehavior [ RunTime:0.000157s ]
INFO: [ view_filter ] --END-- [ RunTime:0.000182s ]
INFO: [ app_end ] --START--
INFO: Run Behavior\ShowPageTraceBehavior [ RunTime:0.000393s ]
INFO: [ app_end ] --END-- [ RunTime:0.000414s ]

[ 2018-01-04T10:49:37+08:00 ] 127.0.0.1 /jianye_garden/Member/profile_edit.html
INFO: [ app_init ] --START--
INFO: Run Behavior\BuildLiteBehavior [ RunTime:0.000015s ]
INFO: [ app_init ] --END-- [ RunTime:0.000445s ]
INFO: [ app_begin ] --START--
INFO: Run Behavior\ReadHtmlCacheBehavior [ RunTime:0.000443s ]
INFO: [ app_begin ] --END-- [ RunTime:0.000481s ]
SQL: SHOW COLUMNS FROM `w_members` [ RunTime:0.0029s ]
SQL: SELECT w_members.*,w_consultant.name as cons_name FROM `w_members` left JOIN w_consultant on w_consultant.uid=w_members.pro_consultant  WHERE w_members.uid = null LIMIT 1   [ RunTime:0.0004s ]
NOTIC: [2] Invalid argument supplied for foreach() /Applications/MAMP/htdocs/jianye_garden/app/Home/Controller/MemberController.class.php 第 352 行.
SQL: SHOW COLUMNS FROM `w_trade` [ RunTime:0.0023s ]
SQL: SELECT * FROM `w_trade`  [ RunTime:0.0002s ]
INFO: [ view_parse ] --START--
INFO: Run Behavior\ParseTemplateBehavior [ RunTime:0.008238s ]
INFO: [ view_parse ] --END-- [ RunTime:0.008279s ]
INFO: [ view_filter ] --START--
INFO: Run Behavior\WriteHtmlCacheBehavior [ RunTime:0.000205s ]
INFO: [ view_filter ] --END-- [ RunTime:0.000270s ]
INFO: [ app_end ] --START--
INFO: Run Behavior\ShowPageTraceBehavior [ RunTime:0.000526s ]
INFO: [ app_end ] --END-- [ RunTime:0.000564s ]

[ 2018-01-04T10:49:44+08:00 ] 127.0.0.1 /jianye_garden/Member/profile_edit.html
INFO: [ app_init ] --START--
INFO: Run Behavior\BuildLiteBehavior [ RunTime:0.000011s ]
INFO: [ app_init ] --END-- [ RunTime:0.000354s ]
INFO: [ app_begin ] --START--
INFO: Run Behavior\ReadHtmlCacheBehavior [ RunTime:0.000458s ]
INFO: [ app_begin ] --END-- [ RunTime:0.000486s ]
SQL: SHOW COLUMNS FROM `w_members` [ RunTime:0.0027s ]
SQL: SELECT w_members.*,w_consultant.name as cons_name FROM `w_members` left JOIN w_consultant on w_consultant.uid=w_members.pro_consultant  WHERE w_members.uid = null LIMIT 1   [ RunTime:0.0008s ]
NOTIC: [2] Invalid argument supplied for foreach() /Applications/MAMP/htdocs/jianye_garden/app/Home/Controller/MemberController.class.php 第 352 行.
SQL: SHOW COLUMNS FROM `w_trade` [ RunTime:0.0038s ]
SQL: SELECT * FROM `w_trade`  [ RunTime:0.0005s ]
INFO: [ view_parse ] --START--
INFO: Run Behavior\ParseTemplateBehavior [ RunTime:0.012721s ]
INFO: [ view_parse ] --END-- [ RunTime:0.012771s ]
INFO: [ view_filter ] --START--
INFO: Run Behavior\WriteHtmlCacheBehavior [ RunTime:0.000194s ]
INFO: [ view_filter ] --END-- [ RunTime:0.000225s ]
INFO: [ app_end ] --START--
INFO: Run Behavior\ShowPageTraceBehavior [ RunTime:0.000693s ]
INFO: [ app_end ] --END-- [ RunTime:0.000736s ]

[ 2018-01-04T10:52:06+08:00 ] 127.0.0.1 /jianye_garden/Member/profile_edit.html
INFO: [ app_init ] --START--
INFO: Run Behavior\BuildLiteBehavior [ RunTime:0.000015s ]
INFO: [ app_init ] --END-- [ RunTime:0.000792s ]
INFO: [ app_begin ] --START--
INFO: Run Behavior\ReadHtmlCacheBehavior [ RunTime:0.000730s ]
INFO: [ app_begin ] --END-- [ RunTime:0.000767s ]
SQL: SHOW COLUMNS FROM `w_members` [ RunTime:0.0034s ]
SQL: SELECT w_members.*,w_consultant.name as cons_name FROM `w_members` left JOIN w_consultant on w_consultant.uid=w_members.pro_consultant  WHERE w_members.uid = null LIMIT 1   [ RunTime:0.0003s ]
NOTIC: [2] Invalid argument supplied for foreach() /Applications/MAMP/htdocs/jianye_garden/app/Home/Controller/MemberController.class.php 第 352 行.
SQL: SHOW COLUMNS FROM `w_trade` [ RunTime:0.0020s ]
SQL: SELECT * FROM `w_trade`  [ RunTime:0.0003s ]
INFO: [ view_parse ] --START--
INFO: Run Behavior\ParseTemplateBehavior [ RunTime:0.158562s ]
INFO: [ view_parse ] --END-- [ RunTime:0.158611s ]
INFO: [ view_filter ] --START--
INFO: Run Behavior\WriteHtmlCacheBehavior [ RunTime:0.000554s ]
INFO: [ view_filter ] --END-- [ RunTime:0.000583s ]
INFO: [ app_end ] --START--
INFO: Run Behavior\ShowPageTraceBehavior [ RunTime:0.000822s ]
INFO: [ app_end ] --END-- [ RunTime:0.000852s ]

[ 2018-01-04T10:52:35+08:00 ] 127.0.0.1 /jianye_garden/Member/profile_edit.html
INFO: [ app_init ] --START--
INFO: Run Behavior\BuildLiteBehavior [ RunTime:0.000010s ]
INFO: [ app_init ] --END-- [ RunTime:0.000361s ]
INFO: [ app_begin ] --START--
INFO: Run Behavior\ReadHtmlCacheBehavior [ RunTime:0.000329s ]
INFO: [ app_begin ] --END-- [ RunTime:0.000354s ]
SQL: SHOW COLUMNS FROM `w_members` [ RunTime:0.0040s ]
SQL: SELECT w_members.*,w_consultant.name as cons_name FROM `w_members` left JOIN w_consultant on w_consultant.uid=w_members.pro_consultant  WHERE w_members.uid = null LIMIT 1   [ RunTime:0.0003s ]
NOTIC: [2] Invalid argument supplied for foreach() /Applications/MAMP/htdocs/jianye_garden/app/Home/Controller/MemberController.class.php 第 352 行.
SQL: SHOW COLUMNS FROM `w_trade` [ RunTime:0.0017s ]
SQL: SELECT * FROM `w_trade`  [ RunTime:0.0002s ]
INFO: [ view_parse ] --START--
INFO: Run Behavior\ParseTemplateBehavior [ RunTime:0.083621s ]
INFO: [ view_parse ] --END-- [ RunTime:0.083655s ]
INFO: [ view_filter ] --START--
INFO: Run Behavior\WriteHtmlCacheBehavior [ RunTime:0.000162s ]
INFO: [ view_filter ] --END-- [ RunTime:0.000189s ]
INFO: [ app_end ] --START--
INFO: Run Behavior\ShowPageTraceBehavior [ RunTime:0.000398s ]
INFO: [ app_end ] --END-- [ RunTime:0.000420s ]

[ 2018-01-04T10:57:21+08:00 ] 127.0.0.1 /jianye_garden/Member/profile_edit.html
INFO: [ app_init ] --START--
INFO: Run Behavior\BuildLiteBehavior [ RunTime:0.000016s ]
INFO: [ app_init ] --END-- [ RunTime:0.000957s ]
INFO: [ app_begin ] --START--
INFO: Run Behavior\ReadHtmlCacheBehavior [ RunTime:0.000886s ]
INFO: [ app_begin ] --END-- [ RunTime:0.000944s ]
SQL: SHOW COLUMNS FROM `w_members` [ RunTime:0.0043s ]
SQL: SELECT w_members.*,w_consultant.name as cons_name FROM `w_members` left JOIN w_consultant on w_consultant.uid=w_members.pro_consultant  WHERE w_members.uid = null LIMIT 1   [ RunTime:0.0005s ]
NOTIC: [2] Invalid argument supplied for foreach() /Applications/MAMP/htdocs/jianye_garden/app/Home/Controller/MemberController.class.php 第 352 行.
SQL: SHOW COLUMNS FROM `w_trade` [ RunTime:0.0026s ]
SQL: SELECT * FROM `w_trade`  [ RunTime:0.0003s ]
INFO: [ view_parse ] --START--
INFO: Run Behavior\ParseTemplateBehavior [ RunTime:0.047104s ]
INFO: [ view_parse ] --END-- [ RunTime:0.047147s ]
INFO: [ view_filter ] --START--
INFO: Run Behavior\WriteHtmlCacheBehavior [ RunTime:0.000668s ]
INFO: [ view_filter ] --END-- [ RunTime:0.000701s ]
INFO: [ app_end ] --START--
INFO: Run Behavior\ShowPageTraceBehavior [ RunTime:0.000951s ]
INFO: [ app_end ] --END-- [ RunTime:0.000999s ]

[ 2018-01-04T10:59:49+08:00 ] 127.0.0.1 /jianye_garden/Member/profile_edit.html
INFO: [ app_init ] --START--
INFO: Run Behavior\BuildLiteBehavior [ RunTime:0.000014s ]
INFO: [ app_init ] --END-- [ RunTime:0.000754s ]
INFO: [ app_begin ] --START--
INFO: Run Behavior\ReadHtmlCacheBehavior [ RunTime:0.000963s ]
INFO: [ app_begin ] --END-- [ RunTime:0.001017s ]
SQL: SHOW COLUMNS FROM `w_members` [ RunTime:0.0039s ]
SQL: SELECT w_members.*,w_consultant.name as cons_name FROM `w_members` left JOIN w_consultant on w_consultant.uid=w_members.pro_consultant  WHERE w_members.uid = null LIMIT 1   [ RunTime:0.0004s ]
NOTIC: [2] Invalid argument supplied for foreach() /Applications/MAMP/htdocs/jianye_garden/app/Home/Controller/MemberController.class.php 第 352 行.
SQL: SHOW COLUMNS FROM `w_trade` [ RunTime:0.0019s ]
SQL: SELECT * FROM `w_trade`  [ RunTime:0.0003s ]
INFO: [ view_parse ] --START--
INFO: Run Behavior\ParseTemplateBehavior [ RunTime:0.170189s ]
INFO: [ view_parse ] --END-- [ RunTime:0.170232s ]
INFO: [ view_filter ] --START--
INFO: Run Behavior\WriteHtmlCacheBehavior [ RunTime:0.000697s ]
INFO: [ view_filter ] --END-- [ RunTime:0.000736s ]
INFO: [ app_end ] --START--
INFO: Run Behavior\ShowPageTraceBehavior [ RunTime:0.000885s ]
INFO: [ app_end ] --END-- [ RunTime:0.000949s ]

[ 2018-01-04T11:00:07+08:00 ] 127.0.0.1 /jianye_garden/Member/profile_edit.html
INFO: [ app_init ] --START--
INFO: Run Behavior\BuildLiteBehavior [ RunTime:0.000009s ]
INFO: [ app_init ] --END-- [ RunTime:0.000299s ]
INFO: [ app_begin ] --START--
INFO: Run Behavior\ReadHtmlCacheBehavior [ RunTime:0.000376s ]
INFO: [ app_begin ] --END-- [ RunTime:0.000418s ]
SQL: SHOW COLUMNS FROM `w_members` [ RunTime:0.0026s ]
SQL: SELECT w_members.*,w_consultant.name as cons_name FROM `w_members` left JOIN w_consultant on w_consultant.uid=w_members.pro_consultant  WHERE w_members.uid = null LIMIT 1   [ RunTime:0.0003s ]
NOTIC: [2] Invalid argument supplied for foreach() /Applications/MAMP/htdocs/jianye_garden/app/Home/Controller/MemberController.class.php 第 352 行.
SQL: SHOW COLUMNS FROM `w_trade` [ RunTime:0.0017s ]
SQL: SELECT * FROM `w_trade`  [ RunTime:0.0003s ]
INFO: [ view_parse ] --START--
INFO: Run Behavior\ParseTemplateBehavior [ RunTime:0.010563s ]
INFO: [ view_parse ] --END-- [ RunTime:0.010599s ]
INFO: [ view_filter ] --START--
INFO: Run Behavior\WriteHtmlCacheBehavior [ RunTime:0.000126s ]
INFO: [ view_filter ] --END-- [ RunTime:0.000145s ]
INFO: [ app_end ] --START--
INFO: Run Behavior\ShowPageTraceBehavior [ RunTime:0.000486s ]
INFO: [ app_end ] --END-- [ RunTime:0.000520s ]

[ 2018-01-04T11:00:22+08:00 ] 127.0.0.1 /jianye_garden/Member/profile_edit.html
INFO: [ app_init ] --START--
INFO: Run Behavior\BuildLiteBehavior [ RunTime:0.000011s ]
INFO: [ app_init ] --END-- [ RunTime:0.000286s ]
INFO: [ app_begin ] --START--
INFO: Run Behavior\ReadHtmlCacheBehavior [ RunTime:0.000336s ]
INFO: [ app_begin ] --END-- [ RunTime:0.000361s ]
SQL: SHOW COLUMNS FROM `w_members` [ RunTime:0.0024s ]
SQL: SELECT w_members.*,w_consultant.name as cons_name FROM `w_members` left JOIN w_consultant on w_consultant.uid=w_members.pro_consultant  WHERE w_members.uid = null LIMIT 1   [ RunTime:0.0004s ]
NOTIC: [2] Invalid argument supplied for foreach() /Applications/MAMP/htdocs/jianye_garden/app/Home/Controller/MemberController.class.php 第 352 行.
SQL: SHOW COLUMNS FROM `w_trade` [ RunTime:0.0015s ]
SQL: SELECT * FROM `w_trade`  [ RunTime:0.0002s ]
INFO: [ view_parse ] --START--
INFO: Run Behavior\ParseTemplateBehavior [ RunTime:0.008830s ]
INFO: [ view_parse ] --END-- [ RunTime:0.008870s ]
INFO: [ view_filter ] --START--
INFO: Run Behavior\WriteHtmlCacheBehavior [ RunTime:0.000165s ]
INFO: [ view_filter ] --END-- [ RunTime:0.000190s ]
INFO: [ app_end ] --START--
INFO: Run Behavior\ShowPageTraceBehavior [ RunTime:0.000636s ]
INFO: [ app_end ] --END-- [ RunTime:0.000683s ]

[ 2018-01-04T11:00:41+08:00 ] 127.0.0.1 /jianye_garden/Member/profile_edit.html
INFO: [ app_init ] --START--
INFO: Run Behavior\BuildLiteBehavior [ RunTime:0.000011s ]
INFO: [ app_init ] --END-- [ RunTime:0.000423s ]
INFO: [ app_begin ] --START--
INFO: Run Behavior\ReadHtmlCacheBehavior [ RunTime:0.000385s ]
INFO: [ app_begin ] --END-- [ RunTime:0.000415s ]
SQL: SHOW COLUMNS FROM `w_members` [ RunTime:0.0026s ]
SQL: SELECT w_members.*,w_consultant.name as cons_name FROM `w_members` left JOIN w_consultant on w_consultant.uid=w_members.pro_consultant  WHERE w_members.uid = null LIMIT 1   [ RunTime:0.0004s ]
NOTIC: [2] Invalid argument supplied for foreach() /Applications/MAMP/htdocs/jianye_garden/app/Home/Controller/MemberController.class.php 第 352 行.
SQL: SHOW COLUMNS FROM `w_trade` [ RunTime:0.0022s ]
SQL: SELECT * FROM `w_trade`  [ RunTime:0.0003s ]
INFO: [ view_parse ] --START--
INFO: Run Behavior\ParseTemplateBehavior [ RunTime:0.012747s ]
INFO: [ view_parse ] --END-- [ RunTime:0.012782s ]
INFO: [ view_filter ] --START--
INFO: Run Behavior\WriteHtmlCacheBehavior [ RunTime:0.000123s ]
INFO: [ view_filter ] --END-- [ RunTime:0.000142s ]
INFO: [ app_end ] --START--
INFO: Run Behavior\ShowPageTraceBehavior [ RunTime:0.000866s ]
INFO: [ app_end ] --END-- [ RunTime:0.002056s ]

[ 2018-01-04T11:00:46+08:00 ] 127.0.0.1 /jianye_garden/Member/profile_edit.html
INFO: [ app_init ] --START--
INFO: Run Behavior\BuildLiteBehavior [ RunTime:0.000033s ]
INFO: [ app_init ] --END-- [ RunTime:0.000555s ]
INFO: [ app_begin ] --START--
INFO: Run Behavior\ReadHtmlCacheBehavior [ RunTime:0.000456s ]
INFO: [ app_begin ] --END-- [ RunTime:0.000494s ]
SQL: SHOW COLUMNS FROM `w_members` [ RunTime:0.0042s ]
SQL: SELECT w_members.*,w_consultant.name as cons_name FROM `w_members` left JOIN w_consultant on w_consultant.uid=w_members.pro_consultant  WHERE w_members.uid = null LIMIT 1   [ RunTime:0.0005s ]
NOTIC: [2] Invalid argument supplied for foreach() /Applications/MAMP/htdocs/jianye_garden/app/Home/Controller/MemberController.class.php 第 352 行.
SQL: SHOW COLUMNS FROM `w_trade` [ RunTime:0.0019s ]
SQL: SELECT * FROM `w_trade`  [ RunTime:0.0003s ]
INFO: [ view_parse ] --START--
INFO: Run Behavior\ParseTemplateBehavior [ RunTime:0.008424s ]
INFO: [ view_parse ] --END-- [ RunTime:0.008458s ]
INFO: [ view_filter ] --START--
INFO: Run Behavior\WriteHtmlCacheBehavior [ RunTime:0.000113s ]
INFO: [ view_filter ] --END-- [ RunTime:0.000132s ]
INFO: [ app_end ] --START--
INFO: Run Behavior\ShowPageTraceBehavior [ RunTime:0.000701s ]
INFO: [ app_end ] --END-- [ RunTime:0.000740s ]

[ 2018-01-04T11:12:06+08:00 ] 127.0.0.1 /jianye_garden/Member/profile_edit.html
INFO: [ app_init ] --START--
INFO: Run Behavior\BuildLiteBehavior [ RunTime:0.000013s ]
INFO: [ app_init ] --END-- [ RunTime:0.000575s ]
INFO: [ app_begin ] --START--
INFO: Run Behavior\ReadHtmlCacheBehavior [ RunTime:0.000715s ]
INFO: [ app_begin ] --END-- [ RunTime:0.000764s ]
SQL: SHOW COLUMNS FROM `w_members` [ RunTime:0.0242s ]
SQL: SELECT w_members.*,w_consultant.name as cons_name FROM `w_members` left JOIN w_consultant on w_consultant.uid=w_members.pro_consultant  WHERE w_members.uid = null LIMIT 1   [ RunTime:0.0005s ]
NOTIC: [2] Invalid argument supplied for foreach() /Applications/MAMP/htdocs/jianye_garden/app/Home/Controller/MemberController.class.php 第 352 行.
SQL: SHOW COLUMNS FROM `w_trade` [ RunTime:0.0023s ]
SQL: SELECT * FROM `w_trade`  [ RunTime:0.0005s ]
INFO: [ view_parse ] --START--
INFO: Run Behavior\ParseTemplateBehavior [ RunTime:0.143244s ]
INFO: [ view_parse ] --END-- [ RunTime:0.143291s ]
INFO: [ view_filter ] --START--
INFO: Run Behavior\WriteHtmlCacheBehavior [ RunTime:0.000988s ]
INFO: [ view_filter ] --END-- [ RunTime:0.001028s ]
INFO: [ app_end ] --START--
INFO: Run Behavior\ShowPageTraceBehavior [ RunTime:0.001096s ]
INFO: [ app_end ] --END-- [ RunTime:0.001152s ]

[ 2018-01-04T11:12:08+08:00 ] 127.0.0.1 /jianye_garden/Member/profile_edit.html
INFO: [ app_init ] --START--
INFO: Run Behavior\BuildLiteBehavior [ RunTime:0.000010s ]
INFO: [ app_init ] --END-- [ RunTime:0.000355s ]
INFO: [ app_begin ] --START--
INFO: Run Behavior\ReadHtmlCacheBehavior [ RunTime:0.000389s ]
INFO: [ app_begin ] --END-- [ RunTime:0.000414s ]
SQL: SHOW COLUMNS FROM `w_members` [ RunTime:0.0040s ]
SQL: SELECT w_members.*,w_consultant.name as cons_name FROM `w_members` left JOIN w_consultant on w_consultant.uid=w_members.pro_consultant  WHERE w_members.uid = null LIMIT 1   [ RunTime:0.0003s ]
NOTIC: [2] Invalid argument supplied for foreach() /Applications/MAMP/htdocs/jianye_garden/app/Home/Controller/MemberController.class.php 第 352 行.
SQL: SHOW COLUMNS FROM `w_trade` [ RunTime:0.0013s ]
SQL: SELECT * FROM `w_trade`  [ RunTime:0.0002s ]
INFO: [ view_parse ] --START--
INFO: Run Behavior\ParseTemplateBehavior [ RunTime:0.011410s ]
INFO: [ view_parse ] --END-- [ RunTime:0.011456s ]
INFO: [ view_filter ] --START--
INFO: Run Behavior\WriteHtmlCacheBehavior [ RunTime:0.000189s ]
INFO: [ view_filter ] --END-- [ RunTime:0.000217s ]
INFO: [ app_end ] --START--
INFO: Run Behavior\ShowPageTraceBehavior [ RunTime:0.000612s ]
INFO: [ app_end ] --END-- [ RunTime:0.000651s ]

[ 2018-01-04T11:12:16+08:00 ] 127.0.0.1 /jianye_garden/Member/profile_edit.html
INFO: [ app_init ] --START--
INFO: Run Behavior\BuildLiteBehavior [ RunTime:0.000016s ]
INFO: [ app_init ] --END-- [ RunTime:0.000641s ]
INFO: [ app_begin ] --START--
INFO: Run Behavior\ReadHtmlCacheBehavior [ RunTime:0.000473s ]
INFO: [ app_begin ] --END-- [ RunTime:0.000513s ]
SQL: SHOW COLUMNS FROM `w_members` [ RunTime:0.0024s ]
SQL: SELECT w_members.*,w_consultant.name as cons_name FROM `w_members` left JOIN w_consultant on w_consultant.uid=w_members.pro_consultant  WHERE w_members.uid = null LIMIT 1   [ RunTime:0.0004s ]
NOTIC: [2] Invalid argument supplied for foreach() /Applications/MAMP/htdocs/jianye_garden/app/Home/Controller/MemberController.class.php 第 352 行.
SQL: SHOW COLUMNS FROM `w_trade` [ RunTime:0.0032s ]
SQL: SELECT * FROM `w_trade`  [ RunTime:0.0006s ]
INFO: [ view_parse ] --START--
INFO: Run Behavior\ParseTemplateBehavior [ RunTime:0.008960s ]
INFO: [ view_parse ] --END-- [ RunTime:0.008997s ]
INFO: [ view_filter ] --START--
INFO: Run Behavior\WriteHtmlCacheBehavior [ RunTime:0.000118s ]
INFO: [ view_filter ] --END-- [ RunTime:0.000137s ]
INFO: [ app_end ] --START--
INFO: Run Behavior\ShowPageTraceBehavior [ RunTime:0.000475s ]
INFO: [ app_end ] --END-- [ RunTime:0.000510s ]

[ 2018-01-04T11:15:15+08:00 ] 127.0.0.1 /jianye_garden/Member/profile_edit.html
INFO: [ app_init ] --START--
INFO: Run Behavior\BuildLiteBehavior [ RunTime:0.000016s ]
INFO: [ app_init ] --END-- [ RunTime:0.001473s ]
INFO: [ app_begin ] --START--
INFO: Run Behavior\ReadHtmlCacheBehavior [ RunTime:0.000816s ]
INFO: [ app_begin ] --END-- [ RunTime:0.000867s ]
SQL: SHOW COLUMNS FROM `w_members` [ RunTime:0.0019s ]
SQL: SELECT w_members.*,w_consultant.name as cons_name FROM `w_members` left JOIN w_consultant on w_consultant.uid=w_members.pro_consultant  WHERE w_members.uid = null LIMIT 1   [ RunTime:0.0003s ]
NOTIC: [2] Invalid argument supplied for foreach() /Applications/MAMP/htdocs/jianye_garden/app/Home/Controller/MemberController.class.php 第 352 行.
SQL: SHOW COLUMNS FROM `w_trade` [ RunTime:0.0018s ]
SQL: SELECT * FROM `w_trade`  [ RunTime:0.0003s ]
INFO: [ view_parse ] --START--
INFO: Run Behavior\ParseTemplateBehavior [ RunTime:0.017432s ]
INFO: [ view_parse ] --END-- [ RunTime:0.017474s ]
INFO: [ view_filter ] --START--
INFO: Run Behavior\WriteHtmlCacheBehavior [ RunTime:0.000963s ]
INFO: [ view_filter ] --END-- [ RunTime:0.001004s ]
INFO: [ app_end ] --START--
INFO: Run Behavior\ShowPageTraceBehavior [ RunTime:0.000987s ]
INFO: [ app_end ] --END-- [ RunTime:0.001043s ]

[ 2018-01-04T11:17:13+08:00 ] 127.0.0.1 /jianye_garden/Member/profile_edit.html
INFO: [ app_init ] --START--
INFO: Run Behavior\BuildLiteBehavior [ RunTime:0.000014s ]
INFO: [ app_init ] --END-- [ RunTime:0.000584s ]
INFO: [ app_begin ] --START--
INFO: Run Behavior\ReadHtmlCacheBehavior [ RunTime:0.000713s ]
INFO: [ app_begin ] --END-- [ RunTime:0.000759s ]
SQL: SHOW COLUMNS FROM `w_members` [ RunTime:0.0224s ]
SQL: SELECT w_members.*,w_consultant.name as cons_name FROM `w_members` left JOIN w_consultant on w_consultant.uid=w_members.pro_consultant  WHERE w_members.uid = null LIMIT 1   [ RunTime:0.0007s ]
NOTIC: [2] Invalid argument supplied for foreach() /Applications/MAMP/htdocs/jianye_garden/app/Home/Controller/MemberController.class.php 第 352 行.
SQL: SHOW COLUMNS FROM `w_trade` [ RunTime:0.0037s ]
SQL: SELECT * FROM `w_trade`  [ RunTime:0.0003s ]
INFO: [ view_parse ] --START--
INFO: Run Behavior\ParseTemplateBehavior [ RunTime:0.045866s ]
INFO: [ view_parse ] --END-- [ RunTime:0.045916s ]
INFO: [ view_filter ] --START--
INFO: Run Behavior\WriteHtmlCacheBehavior [ RunTime:0.000699s ]
INFO: [ view_filter ] --END-- [ RunTime:0.000747s ]
INFO: [ app_end ] --START--
INFO: Run Behavior\ShowPageTraceBehavior [ RunTime:0.001417s ]
INFO: [ app_end ] --END-- [ RunTime:0.001475s ]

[ 2018-01-04T11:17:23+08:00 ] 127.0.0.1 /jianye_garden/Member/profile_edit.html
INFO: [ app_init ] --START--
INFO: Run Behavior\BuildLiteBehavior [ RunTime:0.000012s ]
INFO: [ app_init ] --END-- [ RunTime:0.000337s ]
INFO: [ app_begin ] --START--
INFO: Run Behavior\ReadHtmlCacheBehavior [ RunTime:0.000456s ]
INFO: [ app_begin ] --END-- [ RunTime:0.000490s ]
SQL: SHOW COLUMNS FROM `w_members` [ RunTime:0.0026s ]
SQL: SELECT w_members.*,w_consultant.name as cons_name FROM `w_members` left JOIN w_consultant on w_consultant.uid=w_members.pro_consultant  WHERE w_members.uid = null LIMIT 1   [ RunTime:0.0004s ]
NOTIC: [2] Invalid argument supplied for foreach() /Applications/MAMP/htdocs/jianye_garden/app/Home/Controller/MemberController.class.php 第 352 行.
SQL: SHOW COLUMNS FROM `w_trade` [ RunTime:0.0021s ]
SQL: SELECT * FROM `w_trade`  [ RunTime:0.0002s ]
INFO: [ view_parse ] --START--
INFO: Run Behavior\ParseTemplateBehavior [ RunTime:0.121049s ]
INFO: [ view_parse ] --END-- [ RunTime:0.121088s ]
INFO: [ view_filter ] --START--
INFO: Run Behavior\WriteHtmlCacheBehavior [ RunTime:0.000148s ]
INFO: [ view_filter ] --END-- [ RunTime:0.000177s ]
INFO: [ app_end ] --START--
INFO: Run Behavior\ShowPageTraceBehavior [ RunTime:0.000466s ]
INFO: [ app_end ] --END-- [ RunTime:0.000500s ]

[ 2018-01-04T11:18:09+08:00 ] 127.0.0.1 /jianye_garden/Member/profile_edit.html
INFO: [ app_init ] --START--
INFO: Run Behavior\BuildLiteBehavior [ RunTime:0.000010s ]
INFO: [ app_init ] --END-- [ RunTime:0.000287s ]
INFO: [ app_begin ] --START--
INFO: Run Behavior\ReadHtmlCacheBehavior [ RunTime:0.000371s ]
INFO: [ app_begin ] --END-- [ RunTime:0.000396s ]
SQL: SHOW COLUMNS FROM `w_members` [ RunTime:0.0026s ]
SQL: SELECT w_members.*,w_consultant.name as cons_name FROM `w_members` left JOIN w_consultant on w_consultant.uid=w_members.pro_consultant  WHERE w_members.uid = null LIMIT 1   [ RunTime:0.0004s ]
NOTIC: [2] Invalid argument supplied for foreach() /Applications/MAMP/htdocs/jianye_garden/app/Home/Controller/MemberController.class.php 第 352 行.
SQL: SHOW COLUMNS FROM `w_trade` [ RunTime:0.0016s ]
SQL: SELECT * FROM `w_trade`  [ RunTime:0.0003s ]
INFO: [ view_parse ] --START--
INFO: Run Behavior\ParseTemplateBehavior [ RunTime:0.084237s ]
INFO: [ view_parse ] --END-- [ RunTime:0.084274s ]
INFO: [ view_filter ] --START--
INFO: Run Behavior\WriteHtmlCacheBehavior [ RunTime:0.000143s ]
INFO: [ view_filter ] --END-- [ RunTime:0.000167s ]
INFO: [ app_end ] --START--
INFO: Run Behavior\ShowPageTraceBehavior [ RunTime:0.000507s ]
INFO: [ app_end ] --END-- [ RunTime:0.000545s ]

[ 2018-01-04T11:18:10+08:00 ] 127.0.0.1 /jianye_garden/Member/profile_edit.html
INFO: [ app_init ] --START--
INFO: Run Behavior\BuildLiteBehavior [ RunTime:0.000009s ]
INFO: [ app_init ] --END-- [ RunTime:0.000256s ]
INFO: [ app_begin ] --START--
INFO: Run Behavior\ReadHtmlCacheBehavior [ RunTime:0.000332s ]
INFO: [ app_begin ] --END-- [ RunTime:0.000357s ]
SQL: SHOW COLUMNS FROM `w_members` [ RunTime:0.0037s ]
SQL: SELECT w_members.*,w_consultant.name as cons_name FROM `w_members` left JOIN w_consultant on w_consultant.uid=w_members.pro_consultant  WHERE w_members.uid = null LIMIT 1   [ RunTime:0.0003s ]
NOTIC: [2] Invalid argument supplied for foreach() /Applications/MAMP/htdocs/jianye_garden/app/Home/Controller/MemberController.class.php 第 352 行.
SQL: SHOW COLUMNS FROM `w_trade` [ RunTime:0.0021s ]
SQL: SELECT * FROM `w_trade`  [ RunTime:0.0002s ]
INFO: [ view_parse ] --START--
INFO: Run Behavior\ParseTemplateBehavior [ RunTime:0.008026s ]
INFO: [ view_parse ] --END-- [ RunTime:0.008061s ]
INFO: [ view_filter ] --START--
INFO: Run Behavior\WriteHtmlCacheBehavior [ RunTime:0.000124s ]
INFO: [ view_filter ] --END-- [ RunTime:0.000146s ]
INFO: [ app_end ] --START--
INFO: Run Behavior\ShowPageTraceBehavior [ RunTime:0.000496s ]
INFO: [ app_end ] --END-- [ RunTime:0.000531s ]

[ 2018-01-04T11:18:12+08:00 ] 127.0.0.1 /jianye_garden/Member/profile_edit.html
INFO: [ app_init ] --START--
INFO: Run Behavior\BuildLiteBehavior [ RunTime:0.000010s ]
INFO: [ app_init ] --END-- [ RunTime:0.000242s ]
INFO: [ app_begin ] --START--
INFO: Run Behavior\ReadHtmlCacheBehavior [ RunTime:0.000326s ]
INFO: [ app_begin ] --END-- [ RunTime:0.000351s ]
SQL: SHOW COLUMNS FROM `w_members` [ RunTime:0.0035s ]
SQL: SELECT w_members.*,w_consultant.name as cons_name FROM `w_members` left JOIN w_consultant on w_consultant.uid=w_members.pro_consultant  WHERE w_members.uid = null LIMIT 1   [ RunTime:0.0004s ]
NOTIC: [2] Invalid argument supplied for foreach() /Applications/MAMP/htdocs/jianye_garden/app/Home/Controller/MemberController.class.php 第 352 行.
SQL: SHOW COLUMNS FROM `w_trade` [ RunTime:0.0020s ]
SQL: SELECT * FROM `w_trade`  [ RunTime:0.0002s ]
INFO: [ view_parse ] --START--
INFO: Run Behavior\ParseTemplateBehavior [ RunTime:0.007358s ]
INFO: [ view_parse ] --END-- [ RunTime:0.007389s ]
INFO: [ view_filter ] --START--
INFO: Run Behavior\WriteHtmlCacheBehavior [ RunTime:0.000112s ]
INFO: [ view_filter ] --END-- [ RunTime:0.000132s ]
INFO: [ app_end ] --START--
INFO: Run Behavior\ShowPageTraceBehavior [ RunTime:0.000574s ]
INFO: [ app_end ] --END-- [ RunTime:0.000617s ]

[ 2018-01-04T11:19:11+08:00 ] 127.0.0.1 /jianye_garden/Member/profile_edit.html
INFO: [ app_init ] --START--
INFO: Run Behavior\BuildLiteBehavior [ RunTime:0.000010s ]
INFO: [ app_init ] --END-- [ RunTime:0.000264s ]
INFO: [ app_begin ] --START--
INFO: Run Behavior\ReadHtmlCacheBehavior [ RunTime:0.000334s ]
INFO: [ app_begin ] --END-- [ RunTime:0.000358s ]
SQL: SHOW COLUMNS FROM `w_members` [ RunTime:0.0030s ]
SQL: SELECT w_members.*,w_consultant.name as cons_name FROM `w_members` left JOIN w_consultant on w_consultant.uid=w_members.pro_consultant  WHERE w_members.uid = null LIMIT 1   [ RunTime:0.0004s ]
NOTIC: [2] Invalid argument supplied for foreach() /Applications/MAMP/htdocs/jianye_garden/app/Home/Controller/MemberController.class.php 第 352 行.
SQL: SHOW COLUMNS FROM `w_trade` [ RunTime:0.0018s ]
SQL: SELECT * FROM `w_trade`  [ RunTime:0.0003s ]
INFO: [ view_parse ] --START--
INFO: Run Behavior\ParseTemplateBehavior [ RunTime:0.008765s ]
INFO: [ view_parse ] --END-- [ RunTime:0.008800s ]
INFO: [ view_filter ] --START--
INFO: Run Behavior\WriteHtmlCacheBehavior [ RunTime:0.000142s ]
INFO: [ view_filter ] --END-- [ RunTime:0.000166s ]
INFO: [ app_end ] --START--
INFO: Run Behavior\ShowPageTraceBehavior [ RunTime:0.001436s ]
INFO: [ app_end ] --END-- [ RunTime:0.001493s ]

[ 2018-01-04T11:19:46+08:00 ] 127.0.0.1 /jianye_garden/Member/profile_edit.html
INFO: [ app_init ] --START--
INFO: Run Behavior\BuildLiteBehavior [ RunTime:0.000014s ]
INFO: [ app_init ] --END-- [ RunTime:0.000382s ]
INFO: [ app_begin ] --START--
INFO: Run Behavior\ReadHtmlCacheBehavior [ RunTime:0.000458s ]
INFO: [ app_begin ] --END-- [ RunTime:0.000491s ]
SQL: SHOW COLUMNS FROM `w_members` [ RunTime:0.0020s ]
SQL: SELECT w_members.*,w_consultant.name as cons_name FROM `w_members` left JOIN w_consultant on w_consultant.uid=w_members.pro_consultant  WHERE w_members.uid = null LIMIT 1   [ RunTime:0.0003s ]
NOTIC: [2] Invalid argument supplied for foreach() /Applications/MAMP/htdocs/jianye_garden/app/Home/Controller/MemberController.class.php 第 352 行.
SQL: SHOW COLUMNS FROM `w_trade` [ RunTime:0.0019s ]
SQL: SELECT * FROM `w_trade`  [ RunTime:0.0003s ]
INFO: [ view_parse ] --START--
INFO: Run Behavior\ParseTemplateBehavior [ RunTime:0.010520s ]
INFO: [ view_parse ] --END-- [ RunTime:0.010555s ]
INFO: [ view_filter ] --START--
INFO: Run Behavior\WriteHtmlCacheBehavior [ RunTime:0.000119s ]
INFO: [ view_filter ] --END-- [ RunTime:0.000139s ]
INFO: [ app_end ] --START--
INFO: Run Behavior\ShowPageTraceBehavior [ RunTime:0.000746s ]
INFO: [ app_end ] --END-- [ RunTime:0.000787s ]

[ 2018-01-04T11:19:55+08:00 ] 127.0.0.1 /jianye_garden/Member/profile_edit.html
INFO: [ app_init ] --START--
INFO: Run Behavior\BuildLiteBehavior [ RunTime:0.000009s ]
INFO: [ app_init ] --END-- [ RunTime:0.000265s ]
INFO: [ app_begin ] --START--
INFO: Run Behavior\ReadHtmlCacheBehavior [ RunTime:0.000452s ]
INFO: [ app_begin ] --END-- [ RunTime:0.000495s ]
SQL: SHOW COLUMNS FROM `w_members` [ RunTime:0.0023s ]
SQL: SELECT w_members.*,w_consultant.name as cons_name FROM `w_members` left JOIN w_consultant on w_consultant.uid=w_members.pro_consultant  WHERE w_members.uid = null LIMIT 1   [ RunTime:0.0004s ]
NOTIC: [2] Invalid argument supplied for foreach() /Applications/MAMP/htdocs/jianye_garden/app/Home/Controller/MemberController.class.php 第 352 行.
SQL: SHOW COLUMNS FROM `w_trade` [ RunTime:0.0018s ]
SQL: SELECT * FROM `w_trade`  [ RunTime:0.0003s ]
INFO: [ view_parse ] --START--
INFO: Run Behavior\ParseTemplateBehavior [ RunTime:0.009227s ]
INFO: [ view_parse ] --END-- [ RunTime:0.009269s ]
INFO: [ view_filter ] --START--
INFO: Run Behavior\WriteHtmlCacheBehavior [ RunTime:0.000170s ]
INFO: [ view_filter ] --END-- [ RunTime:0.000198s ]
INFO: [ app_end ] --START--
INFO: Run Behavior\ShowPageTraceBehavior [ RunTime:0.000569s ]
INFO: [ app_end ] --END-- [ RunTime:0.000612s ]

[ 2018-01-04T11:20:01+08:00 ] 127.0.0.1 /jianye_garden/Member/profile_edit.html
INFO: [ app_init ] --START--
INFO: Run Behavior\BuildLiteBehavior [ RunTime:0.000011s ]
INFO: [ app_init ] --END-- [ RunTime:0.000425s ]
INFO: [ app_begin ] --START--
INFO: Run Behavior\ReadHtmlCacheBehavior [ RunTime:0.000369s ]
INFO: [ app_begin ] --END-- [ RunTime:0.000397s ]
SQL: SHOW COLUMNS FROM `w_members` [ RunTime:0.0034s ]
SQL: SELECT w_members.*,w_consultant.name as cons_name FROM `w_members` left JOIN w_consultant on w_consultant.uid=w_members.pro_consultant  WHERE w_members.uid = null LIMIT 1   [ RunTime:0.0004s ]
NOTIC: [2] Invalid argument supplied for foreach() /Applications/MAMP/htdocs/jianye_garden/app/Home/Controller/MemberController.class.php 第 352 行.
SQL: SHOW COLUMNS FROM `w_trade` [ RunTime:0.0018s ]
SQL: SELECT * FROM `w_trade`  [ RunTime:0.0003s ]
INFO: [ view_parse ] --START--
INFO: Run Behavior\ParseTemplateBehavior [ RunTime:0.010205s ]
INFO: [ view_parse ] --END-- [ RunTime:0.010241s ]
INFO: [ view_filter ] --START--
INFO: Run Behavior\WriteHtmlCacheBehavior [ RunTime:0.000134s ]
INFO: [ view_filter ] --END-- [ RunTime:0.000158s ]
INFO: [ app_end ] --START--
INFO: Run Behavior\ShowPageTraceBehavior [ RunTime:0.000804s ]
INFO: [ app_end ] --END-- [ RunTime:0.000851s ]

[ 2018-01-04T11:20:07+08:00 ] 127.0.0.1 /jianye_garden/Member/profile_edit.html
INFO: [ app_init ] --START--
INFO: Run Behavior\BuildLiteBehavior [ RunTime:0.000009s ]
INFO: [ app_init ] --END-- [ RunTime:0.000290s ]
INFO: [ app_begin ] --START--
INFO: Run Behavior\ReadHtmlCacheBehavior [ RunTime:0.000370s ]
INFO: [ app_begin ] --END-- [ RunTime:0.000394s ]
SQL: SHOW COLUMNS FROM `w_members` [ RunTime:0.0033s ]
SQL: SELECT w_members.*,w_consultant.name as cons_name FROM `w_members` left JOIN w_consultant on w_consultant.uid=w_members.pro_consultant  WHERE w_members.uid = null LIMIT 1   [ RunTime:0.0003s ]
NOTIC: [2] Invalid argument supplied for foreach() /Applications/MAMP/htdocs/jianye_garden/app/Home/Controller/MemberController.class.php 第 352 行.
SQL: SHOW COLUMNS FROM `w_trade` [ RunTime:0.0020s ]
SQL: SELECT * FROM `w_trade`  [ RunTime:0.0003s ]
INFO: [ view_parse ] --START--
INFO: Run Behavior\ParseTemplateBehavior [ RunTime:0.010602s ]
INFO: [ view_parse ] --END-- [ RunTime:0.010638s ]
INFO: [ view_filter ] --START--
INFO: Run Behavior\WriteHtmlCacheBehavior [ RunTime:0.000136s ]
INFO: [ view_filter ] --END-- [ RunTime:0.000159s ]
INFO: [ app_end ] --START--
INFO: Run Behavior\ShowPageTraceBehavior [ RunTime:0.000726s ]
INFO: [ app_end ] --END-- [ RunTime:0.000768s ]

[ 2018-01-04T11:22:35+08:00 ] 127.0.0.1 /jianye_garden/Member/profile_edit.html
INFO: [ app_init ] --START--
INFO: Run Behavior\BuildLiteBehavior [ RunTime:0.000015s ]
INFO: [ app_init ] --END-- [ RunTime:0.000655s ]
INFO: [ app_begin ] --START--
INFO: Run Behavior\ReadHtmlCacheBehavior [ RunTime:0.000785s ]
INFO: [ app_begin ] --END-- [ RunTime:0.000834s ]
SQL: SHOW COLUMNS FROM `w_members` [ RunTime:0.0035s ]
SQL: SELECT w_members.*,w_consultant.name as cons_name FROM `w_members` left JOIN w_consultant on w_consultant.uid=w_members.pro_consultant  WHERE w_members.uid = null LIMIT 1   [ RunTime:0.0004s ]
NOTIC: [2] Invalid argument supplied for foreach() /Applications/MAMP/htdocs/jianye_garden/app/Home/Controller/MemberController.class.php 第 352 行.
SQL: SHOW COLUMNS FROM `w_trade` [ RunTime:0.0021s ]
SQL: SELECT * FROM `w_trade`  [ RunTime:0.0002s ]
INFO: [ view_parse ] --START--
INFO: Run Behavior\ParseTemplateBehavior [ RunTime:0.040899s ]
INFO: [ view_parse ] --END-- [ RunTime:0.040956s ]
INFO: [ view_filter ] --START--
INFO: Run Behavior\WriteHtmlCacheBehavior [ RunTime:0.000767s ]
INFO: [ view_filter ] --END-- [ RunTime:0.000812s ]
INFO: [ app_end ] --START--
INFO: Run Behavior\ShowPageTraceBehavior [ RunTime:0.001469s ]
INFO: [ app_end ] --END-- [ RunTime:0.001528s ]

[ 2018-01-04T11:22:42+08:00 ] 127.0.0.1 /jianye_garden/Member/profile_edit.html
INFO: [ app_init ] --START--
INFO: Run Behavior\BuildLiteBehavior [ RunTime:0.000009s ]
INFO: [ app_init ] --END-- [ RunTime:0.000251s ]
INFO: [ app_begin ] --START--
INFO: Run Behavior\ReadHtmlCacheBehavior [ RunTime:0.000441s ]
INFO: [ app_begin ] --END-- [ RunTime:0.000474s ]
SQL: SHOW COLUMNS FROM `w_members` [ RunTime:0.0042s ]
SQL: SELECT w_members.*,w_consultant.name as cons_name FROM `w_members` left JOIN w_consultant on w_consultant.uid=w_members.pro_consultant  WHERE w_members.uid = null LIMIT 1   [ RunTime:0.0004s ]
NOTIC: [2] Invalid argument supplied for foreach() /Applications/MAMP/htdocs/jianye_garden/app/Home/Controller/MemberController.class.php 第 352 行.
SQL: SHOW COLUMNS FROM `w_trade` [ RunTime:0.0019s ]
SQL: SELECT * FROM `w_trade`  [ RunTime:0.0003s ]
INFO: [ view_parse ] --START--
INFO: Run Behavior\ParseTemplateBehavior [ RunTime:0.009871s ]
INFO: [ view_parse ] --END-- [ RunTime:0.009911s ]
INFO: [ view_filter ] --START--
INFO: Run Behavior\WriteHtmlCacheBehavior [ RunTime:0.000172s ]
INFO: [ view_filter ] --END-- [ RunTime:0.000201s ]
INFO: [ app_end ] --START--
INFO: Run Behavior\ShowPageTraceBehavior [ RunTime:0.001060s ]
INFO: [ app_end ] --END-- [ RunTime:0.001155s ]

[ 2018-01-04T11:23:15+08:00 ] 127.0.0.1 /jianye_garden/Member/profile_edit.html
INFO: [ app_init ] --START--
INFO: Run Behavior\BuildLiteBehavior [ RunTime:0.000010s ]
INFO: [ app_init ] --END-- [ RunTime:0.000291s ]
INFO: [ app_begin ] --START--
INFO: Run Behavior\ReadHtmlCacheBehavior [ RunTime:0.000339s ]
INFO: [ app_begin ] --END-- [ RunTime:0.000362s ]
SQL: SHOW COLUMNS FROM `w_members` [ RunTime:0.0038s ]
SQL: SELECT w_members.*,w_consultant.name as cons_name FROM `w_members` left JOIN w_consultant on w_consultant.uid=w_members.pro_consultant  WHERE w_members.uid = null LIMIT 1   [ RunTime:0.0012s ]
NOTIC: [2] Invalid argument supplied for foreach() /Applications/MAMP/htdocs/jianye_garden/app/Home/Controller/MemberController.class.php 第 352 行.
SQL: SHOW COLUMNS FROM `w_trade` [ RunTime:0.0018s ]
SQL: SELECT * FROM `w_trade`  [ RunTime:0.0002s ]
INFO: [ view_parse ] --START--
INFO: Run Behavior\ParseTemplateBehavior [ RunTime:0.008247s ]
INFO: [ view_parse ] --END-- [ RunTime:0.008279s ]
INFO: [ view_filter ] --START--
INFO: Run Behavior\WriteHtmlCacheBehavior [ RunTime:0.000124s ]
INFO: [ view_filter ] --END-- [ RunTime:0.000144s ]
INFO: [ app_end ] --START--
INFO: Run Behavior\ShowPageTraceBehavior [ RunTime:0.000461s ]
INFO: [ app_end ] --END-- [ RunTime:0.000491s ]

[ 2018-01-04T11:23:39+08:00 ] 127.0.0.1 /jianye_garden/Member/profile_edit.html
INFO: [ app_init ] --START--
INFO: Run Behavior\BuildLiteBehavior [ RunTime:0.000014s ]
INFO: [ app_init ] --END-- [ RunTime:0.000296s ]
INFO: [ app_begin ] --START--
INFO: Run Behavior\ReadHtmlCacheBehavior [ RunTime:0.000402s ]
INFO: [ app_begin ] --END-- [ RunTime:0.000436s ]
SQL: SHOW COLUMNS FROM `w_members` [ RunTime:0.0036s ]
SQL: SELECT w_members.*,w_consultant.name as cons_name FROM `w_members` left JOIN w_consultant on w_consultant.uid=w_members.pro_consultant  WHERE w_members.uid = null LIMIT 1   [ RunTime:0.0003s ]
NOTIC: [2] Invalid argument supplied for foreach() /Applications/MAMP/htdocs/jianye_garden/app/Home/Controller/MemberController.class.php 第 352 行.
SQL: SHOW COLUMNS FROM `w_trade` [ RunTime:0.0014s ]
SQL: SELECT * FROM `w_trade`  [ RunTime:0.0002s ]
INFO: [ view_parse ] --START--
INFO: Run Behavior\ParseTemplateBehavior [ RunTime:0.009947s ]
INFO: [ view_parse ] --END-- [ RunTime:0.009982s ]
INFO: [ view_filter ] --START--
INFO: Run Behavior\WriteHtmlCacheBehavior [ RunTime:0.000135s ]
INFO: [ view_filter ] --END-- [ RunTime:0.000156s ]
INFO: [ app_end ] --START--
INFO: Run Behavior\ShowPageTraceBehavior [ RunTime:0.000622s ]
INFO: [ app_end ] --END-- [ RunTime:0.000666s ]

[ 2018-01-04T11:23:47+08:00 ] 127.0.0.1 /jianye_garden/Member/profile_edit.html
INFO: [ app_init ] --START--
INFO: Run Behavior\BuildLiteBehavior [ RunTime:0.000010s ]
INFO: [ app_init ] --END-- [ RunTime:0.000287s ]
INFO: [ app_begin ] --START--
INFO: Run Behavior\ReadHtmlCacheBehavior [ RunTime:0.000338s ]
INFO: [ app_begin ] --END-- [ RunTime:0.000363s ]
SQL: SHOW COLUMNS FROM `w_members` [ RunTime:0.0025s ]
SQL: SELECT w_members.*,w_consultant.name as cons_name FROM `w_members` left JOIN w_consultant on w_consultant.uid=w_members.pro_consultant  WHERE w_members.uid = null LIMIT 1   [ RunTime:0.0004s ]
NOTIC: [2] Invalid argument supplied for foreach() /Applications/MAMP/htdocs/jianye_garden/app/Home/Controller/MemberController.class.php 第 352 行.
SQL: SHOW COLUMNS FROM `w_trade` [ RunTime:0.0019s ]
SQL: SELECT * FROM `w_trade`  [ RunTime:0.0074s ]
INFO: [ view_parse ] --START--
INFO: Run Behavior\ParseTemplateBehavior [ RunTime:0.011679s ]
INFO: [ view_parse ] --END-- [ RunTime:0.011725s ]
INFO: [ view_filter ] --START--
INFO: Run Behavior\WriteHtmlCacheBehavior [ RunTime:0.000139s ]
INFO: [ view_filter ] --END-- [ RunTime:0.000160s ]
INFO: [ app_end ] --START--
INFO: Run Behavior\ShowPageTraceBehavior [ RunTime:0.000473s ]
INFO: [ app_end ] --END-- [ RunTime:0.000512s ]

[ 2018-01-04T11:24:26+08:00 ] 127.0.0.1 /jianye_garden/Member/profile_edit.html
INFO: [ app_init ] --START--
INFO: Run Behavior\BuildLiteBehavior [ RunTime:0.000010s ]
INFO: [ app_init ] --END-- [ RunTime:0.000484s ]
INFO: [ app_begin ] --START--
INFO: Run Behavior\ReadHtmlCacheBehavior [ RunTime:0.000551s ]
INFO: [ app_begin ] --END-- [ RunTime:0.000583s ]
SQL: SHOW COLUMNS FROM `w_members` [ RunTime:0.0021s ]
SQL: SELECT w_members.*,w_consultant.name as cons_name FROM `w_members` left JOIN w_consultant on w_consultant.uid=w_members.pro_consultant  WHERE w_members.uid = null LIMIT 1   [ RunTime:0.0004s ]
NOTIC: [2] Invalid argument supplied for foreach() /Applications/MAMP/htdocs/jianye_garden/app/Home/Controller/MemberController.class.php 第 352 行.
SQL: SHOW COLUMNS FROM `w_trade` [ RunTime:0.0022s ]
SQL: SELECT * FROM `w_trade`  [ RunTime:0.0002s ]
INFO: [ view_parse ] --START--
INFO: Run Behavior\ParseTemplateBehavior [ RunTime:0.011835s ]
INFO: [ view_parse ] --END-- [ RunTime:0.011870s ]
INFO: [ view_filter ] --START--
INFO: Run Behavior\WriteHtmlCacheBehavior [ RunTime:0.000425s ]
INFO: [ view_filter ] --END-- [ RunTime:0.000451s ]
INFO: [ app_end ] --START--
INFO: Run Behavior\ShowPageTraceBehavior [ RunTime:0.000633s ]
INFO: [ app_end ] --END-- [ RunTime:0.000677s ]

[ 2018-01-04T11:24:35+08:00 ] 127.0.0.1 /jianye_garden/Member/profile_edit.html
INFO: [ app_init ] --START--
INFO: Run Behavior\BuildLiteBehavior [ RunTime:0.000010s ]
INFO: [ app_init ] --END-- [ RunTime:0.000247s ]
INFO: [ app_begin ] --START--
INFO: Run Behavior\ReadHtmlCacheBehavior [ RunTime:0.000321s ]
INFO: [ app_begin ] --END-- [ RunTime:0.000346s ]
SQL: SHOW COLUMNS FROM `w_members` [ RunTime:0.0024s ]
SQL: SELECT w_members.*,w_consultant.name as cons_name FROM `w_members` left JOIN w_consultant on w_consultant.uid=w_members.pro_consultant  WHERE w_members.uid = null LIMIT 1   [ RunTime:0.0004s ]
NOTIC: [2] Invalid argument supplied for foreach() /Applications/MAMP/htdocs/jianye_garden/app/Home/Controller/MemberController.class.php 第 352 行.
SQL: SHOW COLUMNS FROM `w_trade` [ RunTime:0.0019s ]
SQL: SELECT * FROM `w_trade`  [ RunTime:0.0002s ]
INFO: [ view_parse ] --START--
INFO: Run Behavior\ParseTemplateBehavior [ RunTime:0.007460s ]
INFO: [ view_parse ] --END-- [ RunTime:0.007493s ]
INFO: [ view_filter ] --START--
INFO: Run Behavior\WriteHtmlCacheBehavior [ RunTime:0.000128s ]
INFO: [ view_filter ] --END-- [ RunTime:0.000147s ]
INFO: [ app_end ] --START--
INFO: Run Behavior\ShowPageTraceBehavior [ RunTime:0.000401s ]
INFO: [ app_end ] --END-- [ RunTime:0.000425s ]

[ 2018-01-04T11:24:42+08:00 ] 127.0.0.1 /jianye_garden/Member/profile_edit.html
INFO: [ app_init ] --START--
INFO: Run Behavior\BuildLiteBehavior [ RunTime:0.000009s ]
INFO: [ app_init ] --END-- [ RunTime:0.000254s ]
INFO: [ app_begin ] --START--
INFO: Run Behavior\ReadHtmlCacheBehavior [ RunTime:0.000338s ]
INFO: [ app_begin ] --END-- [ RunTime:0.000365s ]
SQL: SHOW COLUMNS FROM `w_members` [ RunTime:0.0034s ]
SQL: SELECT w_members.*,w_consultant.name as cons_name FROM `w_members` left JOIN w_consultant on w_consultant.uid=w_members.pro_consultant  WHERE w_members.uid = null LIMIT 1   [ RunTime:0.0003s ]
NOTIC: [2] Invalid argument supplied for foreach() /Applications/MAMP/htdocs/jianye_garden/app/Home/Controller/MemberController.class.php 第 352 行.
SQL: SHOW COLUMNS FROM `w_trade` [ RunTime:0.0013s ]
SQL: SELECT * FROM `w_trade`  [ RunTime:0.0003s ]
INFO: [ view_parse ] --START--
INFO: Run Behavior\ParseTemplateBehavior [ RunTime:0.007306s ]
INFO: [ view_parse ] --END-- [ RunTime:0.007340s ]
INFO: [ view_filter ] --START--
INFO: Run Behavior\WriteHtmlCacheBehavior [ RunTime:0.000116s ]
INFO: [ view_filter ] --END-- [ RunTime:0.000135s ]
INFO: [ app_end ] --START--
INFO: Run Behavior\ShowPageTraceBehavior [ RunTime:0.000507s ]
INFO: [ app_end ] --END-- [ RunTime:0.000541s ]

[ 2018-01-04T11:57:34+08:00 ] 127.0.0.1 /jianye_garden/Member/profile_edit.html
INFO: [ app_init ] --START--
INFO: Run Behavior\BuildLiteBehavior [ RunTime:0.000014s ]
INFO: [ app_init ] --END-- [ RunTime:0.000766s ]
INFO: [ app_begin ] --START--
INFO: Run Behavior\ReadHtmlCacheBehavior [ RunTime:0.000688s ]
INFO: [ app_begin ] --END-- [ RunTime:0.000734s ]

[ 2018-01-04T17:02:24+08:00 ] 127.0.0.1 /jianye_garden/activity
INFO: [ app_init ] --START--
INFO: Run Behavior\BuildLiteBehavior [ RunTime:0.000016s ]
INFO: [ app_init ] --END-- [ RunTime:0.000428s ]
INFO: [ app_begin ] --START--
INFO: Run Behavior\ReadHtmlCacheBehavior [ RunTime:0.000403s ]
INFO: [ app_begin ] --END-- [ RunTime:0.000437s ]
SQL: SHOW COLUMNS FROM `w_activity` [ RunTime:0.0363s ]
SQL: SHOW COLUMNS FROM `carousel` [ RunTime:0.0059s ]
SQL: SELECT * FROM `carousel` WHERE `type` = 1  [ RunTime:0.0067s ]
SQL: SELECT `uid`,`titleimg`,`name`,`date`,`time`,`edate`,1 as ss FROM `w_activity` WHERE ( status<>3 and status<>2 and UNIX_TIMESTAMP(concat(edate," ",etime))>UNIX_TIMESTAMP(now()) ) ORDER BY edate desc LIMIT 0,10   [ RunTime:0.0070s ]
INFO: [ view_parse ] --START--
INFO: Run Behavior\ParseTemplateBehavior [ RunTime:0.096532s ]
INFO: [ view_parse ] --END-- [ RunTime:0.096597s ]
INFO: [ view_filter ] --START--
INFO: Run Behavior\WriteHtmlCacheBehavior [ RunTime:0.001057s ]
INFO: [ view_filter ] --END-- [ RunTime:0.001108s ]
INFO: [ app_end ] --START--
INFO: Run Behavior\ShowPageTraceBehavior [ RunTime:0.001028s ]
INFO: [ app_end ] --END-- [ RunTime:0.001075s ]

[ 2018-01-04T17:02:31+08:00 ] 127.0.0.1 /jianye_garden/Activity/index.html?status=5bey57uT5p2f
INFO: [ app_init ] --START--
INFO: Run Behavior\BuildLiteBehavior [ RunTime:0.000036s ]
INFO: [ app_init ] --END-- [ RunTime:0.000625s ]
INFO: [ app_begin ] --START--
INFO: Run Behavior\ReadHtmlCacheBehavior [ RunTime:0.000609s ]
INFO: [ app_begin ] --END-- [ RunTime:0.000671s ]
SQL: SHOW COLUMNS FROM `w_activity` [ RunTime:0.0028s ]
SQL: SHOW COLUMNS FROM `carousel` [ RunTime:0.0018s ]
SQL: SELECT * FROM `carousel` WHERE `type` = 1  [ RunTime:0.0003s ]
SQL: SELECT `uid`,`titleimg`,`name`,`date`,`time`,`edate`,2 as ss FROM `w_activity` WHERE ( status=2 or UNIX_TIMESTAMP(concat(edate," ",etime))<UNIX_TIMESTAMP(now()) ) ORDER BY edate desc LIMIT 0,10   [ RunTime:0.0100s ]
INFO: [ view_parse ] --START--
NOTIC: [8] Undefined index: status /Applications/MAMP/htdocs/jianye_garden/app/Runtime/Cache/c81b93d12044a1f4e8cd1f349b5d27f89e84f3d6.file.index.tpl.php 第 87 行.
NOTIC: [8] Undefined index: status /Applications/MAMP/htdocs/jianye_garden/app/Runtime/Cache/c81b93d12044a1f4e8cd1f349b5d27f89e84f3d6.file.index.tpl.php 第 87 行.
NOTIC: [8] Undefined index: status /Applications/MAMP/htdocs/jianye_garden/app/Runtime/Cache/c81b93d12044a1f4e8cd1f349b5d27f89e84f3d6.file.index.tpl.php 第 87 行.
NOTIC: [8] Undefined index: status /Applications/MAMP/htdocs/jianye_garden/app/Runtime/Cache/c81b93d12044a1f4e8cd1f349b5d27f89e84f3d6.file.index.tpl.php 第 87 行.
NOTIC: [8] Undefined index: status /Applications/MAMP/htdocs/jianye_garden/app/Runtime/Cache/c81b93d12044a1f4e8cd1f349b5d27f89e84f3d6.file.index.tpl.php 第 87 行.
INFO: Run Behavior\ParseTemplateBehavior [ RunTime:0.044010s ]
INFO: [ view_parse ] --END-- [ RunTime:0.044049s ]
INFO: [ view_filter ] --START--
INFO: Run Behavior\WriteHtmlCacheBehavior [ RunTime:0.000226s ]
INFO: [ view_filter ] --END-- [ RunTime:0.000255s ]
INFO: [ app_end ] --START--
INFO: Run Behavior\ShowPageTraceBehavior [ RunTime:0.000568s ]
INFO: [ app_end ] --END-- [ RunTime:0.000601s ]

[ 2018-01-04T17:06:15+08:00 ] 127.0.0.1 /jianye_garden/Activity/index.html?status=5bey57uT5p2f
INFO: [ app_init ] --START--
INFO: Run Behavior\BuildLiteBehavior [ RunTime:0.000013s ]
INFO: [ app_init ] --END-- [ RunTime:0.000318s ]
INFO: [ app_begin ] --START--
INFO: Run Behavior\ReadHtmlCacheBehavior [ RunTime:0.000435s ]
INFO: [ app_begin ] --END-- [ RunTime:0.000470s ]
SQL: SHOW COLUMNS FROM `w_activity` [ RunTime:0.0038s ]
SQL: SHOW COLUMNS FROM `carousel` [ RunTime:0.0020s ]
SQL: SELECT * FROM `carousel` WHERE `type` = 1  [ RunTime:0.0003s ]
SQL: SELECT `uid`,`titleimg`,`name`,`date`,`time`,`edate`,2 as ss FROM `w_activity` WHERE ( status=2 or UNIX_TIMESTAMP(concat(edate," ",etime))<UNIX_TIMESTAMP(now()) ) ORDER BY edate desc LIMIT 0,10   [ RunTime:0.0005s ]
INFO: [ view_parse ] --START--
NOTIC: [8] Undefined index: status /Applications/MAMP/htdocs/jianye_garden/app/Runtime/Cache/c81b93d12044a1f4e8cd1f349b5d27f89e84f3d6.file.index.tpl.php 第 91 行.
NOTIC: [8] Undefined index: status /Applications/MAMP/htdocs/jianye_garden/app/Runtime/Cache/c81b93d12044a1f4e8cd1f349b5d27f89e84f3d6.file.index.tpl.php 第 91 行.
NOTIC: [8] Undefined index: status /Applications/MAMP/htdocs/jianye_garden/app/Runtime/Cache/c81b93d12044a1f4e8cd1f349b5d27f89e84f3d6.file.index.tpl.php 第 91 行.
NOTIC: [8] Undefined index: status /Applications/MAMP/htdocs/jianye_garden/app/Runtime/Cache/c81b93d12044a1f4e8cd1f349b5d27f89e84f3d6.file.index.tpl.php 第 91 行.
NOTIC: [8] Undefined index: status /Applications/MAMP/htdocs/jianye_garden/app/Runtime/Cache/c81b93d12044a1f4e8cd1f349b5d27f89e84f3d6.file.index.tpl.php 第 91 行.
INFO: Run Behavior\ParseTemplateBehavior [ RunTime:0.057172s ]
INFO: [ view_parse ] --END-- [ RunTime:0.057203s ]
INFO: [ view_filter ] --START--
INFO: Run Behavior\WriteHtmlCacheBehavior [ RunTime:0.000236s ]
INFO: [ view_filter ] --END-- [ RunTime:0.000267s ]
INFO: [ app_end ] --START--
INFO: Run Behavior\ShowPageTraceBehavior [ RunTime:0.000583s ]
INFO: [ app_end ] --END-- [ RunTime:0.000621s ]

[ 2018-01-04T17:06:19+08:00 ] 127.0.0.1 /jianye_garden/Activity/index.html?status=5bey57uT5p2f
INFO: [ app_init ] --START--
INFO: Run Behavior\BuildLiteBehavior [ RunTime:0.000012s ]
INFO: [ app_init ] --END-- [ RunTime:0.000322s ]
INFO: [ app_begin ] --START--
INFO: Run Behavior\ReadHtmlCacheBehavior [ RunTime:0.000399s ]
INFO: [ app_begin ] --END-- [ RunTime:0.000452s ]
SQL: SHOW COLUMNS FROM `w_activity` [ RunTime:0.0037s ]
SQL: SHOW COLUMNS FROM `carousel` [ RunTime:0.0016s ]
SQL: SELECT * FROM `carousel` WHERE `type` = 1  [ RunTime:0.0002s ]
SQL: SELECT `uid`,`titleimg`,`name`,`date`,`time`,`edate`,2 as ss FROM `w_activity` WHERE ( status=2 or UNIX_TIMESTAMP(concat(edate," ",etime))<UNIX_TIMESTAMP(now()) ) ORDER BY edate desc LIMIT 0,10   [ RunTime:0.0003s ]
INFO: [ view_parse ] --START--
NOTIC: [8] Undefined index: status /Applications/MAMP/htdocs/jianye_garden/app/Runtime/Cache/c81b93d12044a1f4e8cd1f349b5d27f89e84f3d6.file.index.tpl.php 第 91 行.
NOTIC: [8] Undefined index: status /Applications/MAMP/htdocs/jianye_garden/app/Runtime/Cache/c81b93d12044a1f4e8cd1f349b5d27f89e84f3d6.file.index.tpl.php 第 91 行.
NOTIC: [8] Undefined index: status /Applications/MAMP/htdocs/jianye_garden/app/Runtime/Cache/c81b93d12044a1f4e8cd1f349b5d27f89e84f3d6.file.index.tpl.php 第 91 行.
NOTIC: [8] Undefined index: status /Applications/MAMP/htdocs/jianye_garden/app/Runtime/Cache/c81b93d12044a1f4e8cd1f349b5d27f89e84f3d6.file.index.tpl.php 第 91 行.
NOTIC: [8] Undefined index: status /Applications/MAMP/htdocs/jianye_garden/app/Runtime/Cache/c81b93d12044a1f4e8cd1f349b5d27f89e84f3d6.file.index.tpl.php 第 91 行.
INFO: Run Behavior\ParseTemplateBehavior [ RunTime:0.008100s ]
INFO: [ view_parse ] --END-- [ RunTime:0.008131s ]
INFO: [ view_filter ] --START--
INFO: Run Behavior\WriteHtmlCacheBehavior [ RunTime:0.000160s ]
INFO: [ view_filter ] --END-- [ RunTime:0.000184s ]
INFO: [ app_end ] --START--
INFO: Run Behavior\ShowPageTraceBehavior [ RunTime:0.000409s ]
INFO: [ app_end ] --END-- [ RunTime:0.000433s ]

[ 2018-01-04T17:06:20+08:00 ] 127.0.0.1 /jianye_garden/Activity/index.html?status=5bey57uT5p2f
INFO: [ app_init ] --START--
INFO: Run Behavior\BuildLiteBehavior [ RunTime:0.000010s ]
INFO: [ app_init ] --END-- [ RunTime:0.000241s ]
INFO: [ app_begin ] --START--
INFO: Run Behavior\ReadHtmlCacheBehavior [ RunTime:0.000330s ]
INFO: [ app_begin ] --END-- [ RunTime:0.000357s ]
SQL: SHOW COLUMNS FROM `w_activity` [ RunTime:0.0022s ]
SQL: SHOW COLUMNS FROM `carousel` [ RunTime:0.0014s ]
SQL: SELECT * FROM `carousel` WHERE `type` = 1  [ RunTime:0.0002s ]
SQL: SELECT `uid`,`titleimg`,`name`,`date`,`time`,`edate`,2 as ss FROM `w_activity` WHERE ( status=2 or UNIX_TIMESTAMP(concat(edate," ",etime))<UNIX_TIMESTAMP(now()) ) ORDER BY edate desc LIMIT 10,10   [ RunTime:0.0003s ]
INFO: [ app_end ] --START--
INFO: Run Behavior\ShowPageTraceBehavior [ RunTime:0.000429s ]
INFO: [ app_end ] --END-- [ RunTime:0.000467s ]

[ 2018-01-04T17:06:27+08:00 ] 127.0.0.1 /jianye_garden/Activity/index.html?status=5bey57uT5p2f
INFO: [ app_init ] --START--
INFO: Run Behavior\BuildLiteBehavior [ RunTime:0.000015s ]
INFO: [ app_init ] --END-- [ RunTime:0.000330s ]
INFO: [ app_begin ] --START--
INFO: Run Behavior\ReadHtmlCacheBehavior [ RunTime:0.000371s ]
INFO: [ app_begin ] --END-- [ RunTime:0.000399s ]
SQL: SHOW COLUMNS FROM `w_activity` [ RunTime:0.0032s ]
SQL: SHOW COLUMNS FROM `carousel` [ RunTime:0.0015s ]
SQL: SELECT * FROM `carousel` WHERE `type` = 1  [ RunTime:0.0003s ]
SQL: SELECT `uid`,`titleimg`,`name`,`date`,`time`,`edate`,2 as ss FROM `w_activity` WHERE ( status=2 or UNIX_TIMESTAMP(concat(edate," ",etime))<UNIX_TIMESTAMP(now()) ) ORDER BY edate desc LIMIT 0,10   [ RunTime:0.0004s ]
INFO: [ view_parse ] --START--
NOTIC: [8] Undefined index: status /Applications/MAMP/htdocs/jianye_garden/app/Runtime/Cache/c81b93d12044a1f4e8cd1f349b5d27f89e84f3d6.file.index.tpl.php 第 91 行.
NOTIC: [8] Undefined index: status /Applications/MAMP/htdocs/jianye_garden/app/Runtime/Cache/c81b93d12044a1f4e8cd1f349b5d27f89e84f3d6.file.index.tpl.php 第 91 行.
NOTIC: [8] Undefined index: status /Applications/MAMP/htdocs/jianye_garden/app/Runtime/Cache/c81b93d12044a1f4e8cd1f349b5d27f89e84f3d6.file.index.tpl.php 第 91 行.
NOTIC: [8] Undefined index: status /Applications/MAMP/htdocs/jianye_garden/app/Runtime/Cache/c81b93d12044a1f4e8cd1f349b5d27f89e84f3d6.file.index.tpl.php 第 91 行.
NOTIC: [8] Undefined index: status /Applications/MAMP/htdocs/jianye_garden/app/Runtime/Cache/c81b93d12044a1f4e8cd1f349b5d27f89e84f3d6.file.index.tpl.php 第 91 行.
INFO: Run Behavior\ParseTemplateBehavior [ RunTime:0.054382s ]
INFO: [ view_parse ] --END-- [ RunTime:0.054412s ]
INFO: [ view_filter ] --START--
INFO: Run Behavior\WriteHtmlCacheBehavior [ RunTime:0.000142s ]
INFO: [ view_filter ] --END-- [ RunTime:0.000164s ]
INFO: [ app_end ] --START--
INFO: Run Behavior\ShowPageTraceBehavior [ RunTime:0.000431s ]
INFO: [ app_end ] --END-- [ RunTime:0.000456s ]

[ 2018-01-04T17:06:27+08:00 ] 127.0.0.1 /jianye_garden/Activity/index.html?status=5bey57uT5p2f
INFO: [ app_init ] --START--
INFO: Run Behavior\BuildLiteBehavior [ RunTime:0.000029s ]
INFO: [ app_init ] --END-- [ RunTime:0.000440s ]
INFO: [ app_begin ] --START--
INFO: Run Behavior\ReadHtmlCacheBehavior [ RunTime:0.000554s ]
INFO: [ app_begin ] --END-- [ RunTime:0.000599s ]
SQL: SHOW COLUMNS FROM `w_activity` [ RunTime:0.0038s ]
SQL: SHOW COLUMNS FROM `carousel` [ RunTime:0.0014s ]
SQL: SELECT * FROM `carousel` WHERE `type` = 1  [ RunTime:0.0003s ]
SQL: SELECT `uid`,`titleimg`,`name`,`date`,`time`,`edate`,2 as ss FROM `w_activity` WHERE ( status=2 or UNIX_TIMESTAMP(concat(edate," ",etime))<UNIX_TIMESTAMP(now()) ) ORDER BY edate desc LIMIT 10,10   [ RunTime:0.0003s ]
INFO: [ app_end ] --START--
INFO: Run Behavior\ShowPageTraceBehavior [ RunTime:0.000455s ]
INFO: [ app_end ] --END-- [ RunTime:0.000481s ]

[ 2018-01-04T17:06:31+08:00 ] 127.0.0.1 /jianye_garden/Activity/index.html?status=5bey57uT5p2f
INFO: [ app_init ] --START--
INFO: Run Behavior\BuildLiteBehavior [ RunTime:0.000010s ]
INFO: [ app_init ] --END-- [ RunTime:0.000241s ]
INFO: [ app_begin ] --START--
INFO: Run Behavior\ReadHtmlCacheBehavior [ RunTime:0.000322s ]
INFO: [ app_begin ] --END-- [ RunTime:0.000347s ]
SQL: SHOW COLUMNS FROM `w_activity` [ RunTime:0.0036s ]
SQL: SHOW COLUMNS FROM `carousel` [ RunTime:0.0019s ]
SQL: SELECT * FROM `carousel` WHERE `type` = 1  [ RunTime:0.0004s ]
SQL: SELECT `uid`,`titleimg`,`name`,`date`,`time`,`edate`,2 as ss FROM `w_activity` WHERE ( status=2 or UNIX_TIMESTAMP(concat(edate," ",etime))<UNIX_TIMESTAMP(now()) ) ORDER BY edate desc LIMIT 0,10   [ RunTime:0.0004s ]
INFO: [ view_parse ] --START--
NOTIC: [8] Undefined index: status /Applications/MAMP/htdocs/jianye_garden/app/Runtime/Cache/c81b93d12044a1f4e8cd1f349b5d27f89e84f3d6.file.index.tpl.php 第 91 行.
NOTIC: [8] Undefined index: status /Applications/MAMP/htdocs/jianye_garden/app/Runtime/Cache/c81b93d12044a1f4e8cd1f349b5d27f89e84f3d6.file.index.tpl.php 第 91 行.
NOTIC: [8] Undefined index: status /Applications/MAMP/htdocs/jianye_garden/app/Runtime/Cache/c81b93d12044a1f4e8cd1f349b5d27f89e84f3d6.file.index.tpl.php 第 91 行.
NOTIC: [8] Undefined index: status /Applications/MAMP/htdocs/jianye_garden/app/Runtime/Cache/c81b93d12044a1f4e8cd1f349b5d27f89e84f3d6.file.index.tpl.php 第 91 行.
NOTIC: [8] Undefined index: status /Applications/MAMP/htdocs/jianye_garden/app/Runtime/Cache/c81b93d12044a1f4e8cd1f349b5d27f89e84f3d6.file.index.tpl.php 第 91 行.
INFO: Run Behavior\ParseTemplateBehavior [ RunTime:0.007421s ]
INFO: [ view_parse ] --END-- [ RunTime:0.007446s ]
INFO: [ view_filter ] --START--
INFO: Run Behavior\WriteHtmlCacheBehavior [ RunTime:0.000110s ]
INFO: [ view_filter ] --END-- [ RunTime:0.000130s ]
INFO: [ app_end ] --START--
INFO: Run Behavior\ShowPageTraceBehavior [ RunTime:0.000359s ]
INFO: [ app_end ] --END-- [ RunTime:0.000380s ]

[ 2018-01-04T17:06:32+08:00 ] 127.0.0.1 /jianye_garden/Activity/index.html?status=6L+b6KGM5Lit
INFO: [ app_init ] --START--
INFO: Run Behavior\BuildLiteBehavior [ RunTime:0.000012s ]
INFO: [ app_init ] --END-- [ RunTime:0.000345s ]
INFO: [ app_begin ] --START--
INFO: Run Behavior\ReadHtmlCacheBehavior [ RunTime:0.000387s ]
INFO: [ app_begin ] --END-- [ RunTime:0.000415s ]
SQL: SHOW COLUMNS FROM `w_activity` [ RunTime:0.0039s ]
SQL: SHOW COLUMNS FROM `carousel` [ RunTime:0.0021s ]
SQL: SELECT * FROM `carousel` WHERE `type` = 1  [ RunTime:0.0003s ]
SQL: SELECT `uid`,`titleimg`,`name`,`date`,`time`,`edate`,1 as ss FROM `w_activity` WHERE ( status<>3 and status<>2 and UNIX_TIMESTAMP(concat(edate," ",etime))>UNIX_TIMESTAMP(now()) ) ORDER BY edate desc LIMIT 0,10   [ RunTime:0.0003s ]
INFO: [ view_parse ] --START--
INFO: Run Behavior\ParseTemplateBehavior [ RunTime:0.008234s ]
INFO: [ view_parse ] --END-- [ RunTime:0.008269s ]
INFO: [ view_filter ] --START--
INFO: Run Behavior\WriteHtmlCacheBehavior [ RunTime:0.000127s ]
INFO: [ view_filter ] --END-- [ RunTime:0.000150s ]
INFO: [ app_end ] --START--
INFO: Run Behavior\ShowPageTraceBehavior [ RunTime:0.000413s ]
INFO: [ app_end ] --END-- [ RunTime:0.000438s ]

[ 2018-01-04T17:06:32+08:00 ] 127.0.0.1 /jianye_garden/Activity/index.html?status=5bey57uT5p2f
INFO: [ app_init ] --START--
INFO: Run Behavior\BuildLiteBehavior [ RunTime:0.000009s ]
INFO: [ app_init ] --END-- [ RunTime:0.000248s ]
INFO: [ app_begin ] --START--
INFO: Run Behavior\ReadHtmlCacheBehavior [ RunTime:0.000319s ]
INFO: [ app_begin ] --END-- [ RunTime:0.000343s ]
SQL: SHOW COLUMNS FROM `w_activity` [ RunTime:0.0032s ]
SQL: SHOW COLUMNS FROM `carousel` [ RunTime:0.0015s ]
SQL: SELECT * FROM `carousel` WHERE `type` = 1  [ RunTime:0.0003s ]
SQL: SELECT `uid`,`titleimg`,`name`,`date`,`time`,`edate`,2 as ss FROM `w_activity` WHERE ( status=2 or UNIX_TIMESTAMP(concat(edate," ",etime))<UNIX_TIMESTAMP(now()) ) ORDER BY edate desc LIMIT 0,10   [ RunTime:0.0004s ]
INFO: [ view_parse ] --START--
NOTIC: [8] Undefined index: status /Applications/MAMP/htdocs/jianye_garden/app/Runtime/Cache/c81b93d12044a1f4e8cd1f349b5d27f89e84f3d6.file.index.tpl.php 第 91 行.
NOTIC: [8] Undefined index: status /Applications/MAMP/htdocs/jianye_garden/app/Runtime/Cache/c81b93d12044a1f4e8cd1f349b5d27f89e84f3d6.file.index.tpl.php 第 91 行.
NOTIC: [8] Undefined index: status /Applications/MAMP/htdocs/jianye_garden/app/Runtime/Cache/c81b93d12044a1f4e8cd1f349b5d27f89e84f3d6.file.index.tpl.php 第 91 行.
NOTIC: [8] Undefined index: status /Applications/MAMP/htdocs/jianye_garden/app/Runtime/Cache/c81b93d12044a1f4e8cd1f349b5d27f89e84f3d6.file.index.tpl.php 第 91 行.
NOTIC: [8] Undefined index: status /Applications/MAMP/htdocs/jianye_garden/app/Runtime/Cache/c81b93d12044a1f4e8cd1f349b5d27f89e84f3d6.file.index.tpl.php 第 91 行.
INFO: Run Behavior\ParseTemplateBehavior [ RunTime:0.008655s ]
INFO: [ view_parse ] --END-- [ RunTime:0.008685s ]
INFO: [ view_filter ] --START--
INFO: Run Behavior\WriteHtmlCacheBehavior [ RunTime:0.000130s ]
INFO: [ view_filter ] --END-- [ RunTime:0.000152s ]
INFO: [ app_end ] --START--
INFO: Run Behavior\ShowPageTraceBehavior [ RunTime:0.000424s ]
INFO: [ app_end ] --END-- [ RunTime:0.000447s ]

[ 2018-01-04T17:07:06+08:00 ] 127.0.0.1 /jianye_garden/Activity/index.html?status=5bey57uT5p2f
INFO: [ app_init ] --START--
INFO: Run Behavior\BuildLiteBehavior [ RunTime:0.000015s ]
INFO: [ app_init ] --END-- [ RunTime:0.000354s ]
INFO: [ app_begin ] --START--
INFO: Run Behavior\ReadHtmlCacheBehavior [ RunTime:0.000634s ]
INFO: [ app_begin ] --END-- [ RunTime:0.000680s ]
SQL: SHOW COLUMNS FROM `w_activity` [ RunTime:0.0025s ]
SQL: SHOW COLUMNS FROM `carousel` [ RunTime:0.0016s ]
SQL: SELECT * FROM `carousel` WHERE `type` = 1  [ RunTime:0.0003s ]
SQL: SELECT `uid`,`titleimg`,`name`,`date`,`time`,`edate`,2 as ss FROM `w_activity` WHERE ( status=2 or UNIX_TIMESTAMP(concat(edate," ",etime))<UNIX_TIMESTAMP(now()) ) ORDER BY edate desc LIMIT 0,10   [ RunTime:0.0013s ]
INFO: [ view_parse ] --START--
NOTIC: [8] Undefined index: status /Applications/MAMP/htdocs/jianye_garden/app/Runtime/Cache/c81b93d12044a1f4e8cd1f349b5d27f89e84f3d6.file.index.tpl.php 第 91 行.
NOTIC: [8] Undefined index: status /Applications/MAMP/htdocs/jianye_garden/app/Runtime/Cache/c81b93d12044a1f4e8cd1f349b5d27f89e84f3d6.file.index.tpl.php 第 91 行.
NOTIC: [8] Undefined index: status /Applications/MAMP/htdocs/jianye_garden/app/Runtime/Cache/c81b93d12044a1f4e8cd1f349b5d27f89e84f3d6.file.index.tpl.php 第 91 行.
NOTIC: [8] Undefined index: status /Applications/MAMP/htdocs/jianye_garden/app/Runtime/Cache/c81b93d12044a1f4e8cd1f349b5d27f89e84f3d6.file.index.tpl.php 第 91 行.
NOTIC: [8] Undefined index: status /Applications/MAMP/htdocs/jianye_garden/app/Runtime/Cache/c81b93d12044a1f4e8cd1f349b5d27f89e84f3d6.file.index.tpl.php 第 91 行.
INFO: Run Behavior\ParseTemplateBehavior [ RunTime:0.009604s ]
INFO: [ view_parse ] --END-- [ RunTime:0.009633s ]
INFO: [ view_filter ] --START--
INFO: Run Behavior\WriteHtmlCacheBehavior [ RunTime:0.000120s ]
INFO: [ view_filter ] --END-- [ RunTime:0.000138s ]
INFO: [ app_end ] --START--
INFO: Run Behavior\ShowPageTraceBehavior [ RunTime:0.000377s ]
INFO: [ app_end ] --END-- [ RunTime:0.000400s ]

[ 2018-01-04T17:07:58+08:00 ] 127.0.0.1 /jianye_garden/Activity/index.html?status=5bey57uT5p2f
INFO: [ app_init ] --START--
INFO: Run Behavior\BuildLiteBehavior [ RunTime:0.000020s ]
INFO: [ app_init ] --END-- [ RunTime:0.001754s ]
INFO: [ app_begin ] --START--
INFO: Run Behavior\ReadHtmlCacheBehavior [ RunTime:0.000487s ]
INFO: [ app_begin ] --END-- [ RunTime:0.000524s ]
SQL: SHOW COLUMNS FROM `w_activity` [ RunTime:0.0026s ]
SQL: SHOW COLUMNS FROM `carousel` [ RunTime:0.0022s ]
SQL: SELECT * FROM `carousel` WHERE `type` = 1  [ RunTime:0.0003s ]
SQL: SELECT `uid`,`titleimg`,`name`,`date`,`time`,`edate`,2 as ss FROM `w_activity` WHERE ( status=2 or UNIX_TIMESTAMP(concat(edate," ",etime))<UNIX_TIMESTAMP(now()) ) ORDER BY edate desc LIMIT 0,10   [ RunTime:0.0004s ]
INFO: [ view_parse ] --START--
NOTIC: [8] Undefined index: status /Applications/MAMP/htdocs/jianye_garden/app/Runtime/Cache/c81b93d12044a1f4e8cd1f349b5d27f89e84f3d6.file.index.tpl.php 第 91 行.
NOTIC: [8] Undefined index: status /Applications/MAMP/htdocs/jianye_garden/app/Runtime/Cache/c81b93d12044a1f4e8cd1f349b5d27f89e84f3d6.file.index.tpl.php 第 91 行.
NOTIC: [8] Undefined index: status /Applications/MAMP/htdocs/jianye_garden/app/Runtime/Cache/c81b93d12044a1f4e8cd1f349b5d27f89e84f3d6.file.index.tpl.php 第 91 行.
NOTIC: [8] Undefined index: status /Applications/MAMP/htdocs/jianye_garden/app/Runtime/Cache/c81b93d12044a1f4e8cd1f349b5d27f89e84f3d6.file.index.tpl.php 第 91 行.
NOTIC: [8] Undefined index: status /Applications/MAMP/htdocs/jianye_garden/app/Runtime/Cache/c81b93d12044a1f4e8cd1f349b5d27f89e84f3d6.file.index.tpl.php 第 91 行.
INFO: Run Behavior\ParseTemplateBehavior [ RunTime:0.060684s ]
INFO: [ view_parse ] --END-- [ RunTime:0.060720s ]
INFO: [ view_filter ] --START--
INFO: Run Behavior\WriteHtmlCacheBehavior [ RunTime:0.000147s ]
INFO: [ view_filter ] --END-- [ RunTime:0.000170s ]
INFO: [ app_end ] --START--
INFO: Run Behavior\ShowPageTraceBehavior [ RunTime:0.000418s ]
INFO: [ app_end ] --END-- [ RunTime:0.000441s ]

[ 2018-01-04T17:08:05+08:00 ] 127.0.0.1 /jianye_garden/Activity/index.html?status=5bey57uT5p2f
INFO: [ app_init ] --START--
INFO: Run Behavior\BuildLiteBehavior [ RunTime:0.000015s ]
INFO: [ app_init ] --END-- [ RunTime:0.000382s ]
INFO: [ app_begin ] --START--
INFO: Run Behavior\ReadHtmlCacheBehavior [ RunTime:0.000992s ]
INFO: [ app_begin ] --END-- [ RunTime:0.001109s ]
SQL: SHOW COLUMNS FROM `w_activity` [ RunTime:0.0022s ]
SQL: SHOW COLUMNS FROM `carousel` [ RunTime:0.0031s ]
SQL: SELECT * FROM `carousel` WHERE `type` = 1  [ RunTime:0.0003s ]
SQL: SELECT `uid`,`titleimg`,`name`,`date`,`time`,`edate`,2 as ss FROM `w_activity` WHERE ( status=2 or UNIX_TIMESTAMP(concat(edate," ",etime))<UNIX_TIMESTAMP(now()) ) ORDER BY edate desc LIMIT 0,10   [ RunTime:0.0004s ]
INFO: [ view_parse ] --START--
NOTIC: [8] Undefined index: status /Applications/MAMP/htdocs/jianye_garden/app/Runtime/Cache/c81b93d12044a1f4e8cd1f349b5d27f89e84f3d6.file.index.tpl.php 第 91 行.
NOTIC: [8] Undefined index: status /Applications/MAMP/htdocs/jianye_garden/app/Runtime/Cache/c81b93d12044a1f4e8cd1f349b5d27f89e84f3d6.file.index.tpl.php 第 91 行.
NOTIC: [8] Undefined index: status /Applications/MAMP/htdocs/jianye_garden/app/Runtime/Cache/c81b93d12044a1f4e8cd1f349b5d27f89e84f3d6.file.index.tpl.php 第 91 行.
NOTIC: [8] Undefined index: status /Applications/MAMP/htdocs/jianye_garden/app/Runtime/Cache/c81b93d12044a1f4e8cd1f349b5d27f89e84f3d6.file.index.tpl.php 第 91 行.
NOTIC: [8] Undefined index: status /Applications/MAMP/htdocs/jianye_garden/app/Runtime/Cache/c81b93d12044a1f4e8cd1f349b5d27f89e84f3d6.file.index.tpl.php 第 91 行.
INFO: Run Behavior\ParseTemplateBehavior [ RunTime:0.007867s ]
INFO: [ view_parse ] --END-- [ RunTime:0.007892s ]
INFO: [ view_filter ] --START--
INFO: Run Behavior\WriteHtmlCacheBehavior [ RunTime:0.000117s ]
INFO: [ view_filter ] --END-- [ RunTime:0.000136s ]
INFO: [ app_end ] --START--
INFO: Run Behavior\ShowPageTraceBehavior [ RunTime:0.000373s ]
INFO: [ app_end ] --END-- [ RunTime:0.000393s ]

[ 2018-01-04T17:08:32+08:00 ] 127.0.0.1 /jianye_garden/Activity/index.html?status=5bey57uT5p2f
INFO: [ app_init ] --START--
INFO: Run Behavior\BuildLiteBehavior [ RunTime:0.000010s ]
INFO: [ app_init ] --END-- [ RunTime:0.000257s ]
INFO: [ app_begin ] --START--
INFO: Run Behavior\ReadHtmlCacheBehavior [ RunTime:0.000333s ]
INFO: [ app_begin ] --END-- [ RunTime:0.000358s ]
SQL: SHOW COLUMNS FROM `w_activity` [ RunTime:0.0027s ]
SQL: SHOW COLUMNS FROM `carousel` [ RunTime:0.0019s ]
SQL: SELECT * FROM `carousel` WHERE `type` = 1  [ RunTime:0.0005s ]
SQL: SELECT `uid`,`titleimg`,`name`,`date`,`time`,`edate`,2 as ss FROM `w_activity` WHERE ( status=2 or UNIX_TIMESTAMP(concat(edate," ",etime))<UNIX_TIMESTAMP(now()) ) ORDER BY edate desc LIMIT 0,10   [ RunTime:0.0013s ]
INFO: [ view_parse ] --START--
NOTIC: [8] Undefined index: status /Applications/MAMP/htdocs/jianye_garden/app/Runtime/Cache/c81b93d12044a1f4e8cd1f349b5d27f89e84f3d6.file.index.tpl.php 第 91 行.
NOTIC: [8] Undefined index: status /Applications/MAMP/htdocs/jianye_garden/app/Runtime/Cache/c81b93d12044a1f4e8cd1f349b5d27f89e84f3d6.file.index.tpl.php 第 91 行.
NOTIC: [8] Undefined index: status /Applications/MAMP/htdocs/jianye_garden/app/Runtime/Cache/c81b93d12044a1f4e8cd1f349b5d27f89e84f3d6.file.index.tpl.php 第 91 行.
NOTIC: [8] Undefined index: status /Applications/MAMP/htdocs/jianye_garden/app/Runtime/Cache/c81b93d12044a1f4e8cd1f349b5d27f89e84f3d6.file.index.tpl.php 第 91 行.
NOTIC: [8] Undefined index: status /Applications/MAMP/htdocs/jianye_garden/app/Runtime/Cache/c81b93d12044a1f4e8cd1f349b5d27f89e84f3d6.file.index.tpl.php 第 91 行.
INFO: Run Behavior\ParseTemplateBehavior [ RunTime:0.007639s ]
INFO: [ view_parse ] --END-- [ RunTime:0.007665s ]
INFO: [ view_filter ] --START--
INFO: Run Behavior\WriteHtmlCacheBehavior [ RunTime:0.000116s ]
INFO: [ view_filter ] --END-- [ RunTime:0.000135s ]
INFO: [ app_end ] --START--
INFO: Run Behavior\ShowPageTraceBehavior [ RunTime:0.000355s ]
INFO: [ app_end ] --END-- [ RunTime:0.000375s ]

[ 2018-01-04T17:08:51+08:00 ] 127.0.0.1 /jianye_garden/Activity/index.html?status=5bey57uT5p2f
INFO: [ app_init ] --START--
INFO: Run Behavior\BuildLiteBehavior [ RunTime:0.000014s ]
INFO: [ app_init ] --END-- [ RunTime:0.000331s ]
INFO: [ app_begin ] --START--
INFO: Run Behavior\ReadHtmlCacheBehavior [ RunTime:0.000370s ]
INFO: [ app_begin ] --END-- [ RunTime:0.000398s ]
SQL: SHOW COLUMNS FROM `w_activity` [ RunTime:0.0027s ]
SQL: SHOW COLUMNS FROM `carousel` [ RunTime:0.0017s ]
SQL: SELECT * FROM `carousel` WHERE `type` = 1  [ RunTime:0.0003s ]
SQL: SELECT `uid`,`titleimg`,`name`,`date`,`time`,`edate`,2 as ss FROM `w_activity` WHERE ( status=2 or UNIX_TIMESTAMP(concat(edate," ",etime))<UNIX_TIMESTAMP(now()) ) ORDER BY edate desc LIMIT 10,10   [ RunTime:0.0004s ]
INFO: [ app_end ] --START--
INFO: Run Behavior\ShowPageTraceBehavior [ RunTime:0.000506s ]
INFO: [ app_end ] --END-- [ RunTime:0.000536s ]

[ 2018-01-04T17:08:53+08:00 ] 127.0.0.1 /jianye_garden/Activity/index.html?status=5oiR55qE5rS75Yqo
INFO: [ app_init ] --START--
INFO: Run Behavior\BuildLiteBehavior [ RunTime:0.000010s ]
INFO: [ app_init ] --END-- [ RunTime:0.000262s ]
INFO: [ app_begin ] --START--
INFO: Run Behavior\ReadHtmlCacheBehavior [ RunTime:0.000330s ]
INFO: [ app_begin ] --END-- [ RunTime:0.000353s ]
SQL: SHOW COLUMNS FROM `w_activity` [ RunTime:0.0039s ]
SQL: SHOW COLUMNS FROM `carousel` [ RunTime:0.0018s ]
SQL: SELECT * FROM `carousel` WHERE `type` = 1  [ RunTime:0.0003s ]
SQL: SELECT w_activity.uid,`titleimg`,`name`,`date`,`time`,`edate`,`etime`,`status` FROM `w_activity` left JOIN w_act_attend on w_act_attend.act_uid=w_activity.uid  WHERE `u_uid` = 0 ORDER BY atime desc LIMIT 0,10   [ RunTime:0.0142s ]
INFO: [ view_parse ] --START--
INFO: Run Behavior\ParseTemplateBehavior [ RunTime:0.009614s ]
INFO: [ view_parse ] --END-- [ RunTime:0.009649s ]
INFO: [ view_filter ] --START--
INFO: Run Behavior\WriteHtmlCacheBehavior [ RunTime:0.000135s ]
INFO: [ view_filter ] --END-- [ RunTime:0.000158s ]
INFO: [ app_end ] --START--
INFO: Run Behavior\ShowPageTraceBehavior [ RunTime:0.000425s ]
INFO: [ app_end ] --END-- [ RunTime:0.000449s ]

[ 2018-01-04T17:08:54+08:00 ] 127.0.0.1 /jianye_garden/Activity/index.html?status=5bey57uT5p2f
INFO: [ app_init ] --START--
INFO: Run Behavior\BuildLiteBehavior [ RunTime:0.000015s ]
INFO: [ app_init ] --END-- [ RunTime:0.000380s ]
INFO: [ app_begin ] --START--
INFO: Run Behavior\ReadHtmlCacheBehavior [ RunTime:0.000505s ]
INFO: [ app_begin ] --END-- [ RunTime:0.000545s ]
SQL: SHOW COLUMNS FROM `w_activity` [ RunTime:0.0029s ]
SQL: SHOW COLUMNS FROM `carousel` [ RunTime:0.0016s ]
SQL: SELECT * FROM `carousel` WHERE `type` = 1  [ RunTime:0.0003s ]
SQL: SELECT `uid`,`titleimg`,`name`,`date`,`time`,`edate`,2 as ss FROM `w_activity` WHERE ( status=2 or UNIX_TIMESTAMP(concat(edate," ",etime))<UNIX_TIMESTAMP(now()) ) ORDER BY edate desc LIMIT 0,10   [ RunTime:0.0006s ]
INFO: [ view_parse ] --START--
NOTIC: [8] Undefined index: status /Applications/MAMP/htdocs/jianye_garden/app/Runtime/Cache/c81b93d12044a1f4e8cd1f349b5d27f89e84f3d6.file.index.tpl.php 第 91 行.
NOTIC: [8] Undefined index: status /Applications/MAMP/htdocs/jianye_garden/app/Runtime/Cache/c81b93d12044a1f4e8cd1f349b5d27f89e84f3d6.file.index.tpl.php 第 91 行.
NOTIC: [8] Undefined index: status /Applications/MAMP/htdocs/jianye_garden/app/Runtime/Cache/c81b93d12044a1f4e8cd1f349b5d27f89e84f3d6.file.index.tpl.php 第 91 行.
NOTIC: [8] Undefined index: status /Applications/MAMP/htdocs/jianye_garden/app/Runtime/Cache/c81b93d12044a1f4e8cd1f349b5d27f89e84f3d6.file.index.tpl.php 第 91 行.
NOTIC: [8] Undefined index: status /Applications/MAMP/htdocs/jianye_garden/app/Runtime/Cache/c81b93d12044a1f4e8cd1f349b5d27f89e84f3d6.file.index.tpl.php 第 91 行.
INFO: Run Behavior\ParseTemplateBehavior [ RunTime:0.009308s ]
INFO: [ view_parse ] --END-- [ RunTime:0.009343s ]
INFO: [ view_filter ] --START--
INFO: Run Behavior\WriteHtmlCacheBehavior [ RunTime:0.000173s ]
INFO: [ view_filter ] --END-- [ RunTime:0.000202s ]
INFO: [ app_end ] --START--
INFO: Run Behavior\ShowPageTraceBehavior [ RunTime:0.000584s ]
INFO: [ app_end ] --END-- [ RunTime:0.000631s ]

[ 2018-01-04T17:08:55+08:00 ] 127.0.0.1 /jianye_garden/Activity/index.html?status=6L+b6KGM5Lit
INFO: [ app_init ] --START--
INFO: Run Behavior\BuildLiteBehavior [ RunTime:0.000011s ]
INFO: [ app_init ] --END-- [ RunTime:0.000333s ]
INFO: [ app_begin ] --START--
INFO: Run Behavior\ReadHtmlCacheBehavior [ RunTime:0.000637s ]
INFO: [ app_begin ] --END-- [ RunTime:0.000673s ]
SQL: SHOW COLUMNS FROM `w_activity` [ RunTime:0.0034s ]
SQL: SHOW COLUMNS FROM `carousel` [ RunTime:0.0016s ]
SQL: SELECT * FROM `carousel` WHERE `type` = 1  [ RunTime:0.0003s ]
SQL: SELECT `uid`,`titleimg`,`name`,`date`,`time`,`edate`,1 as ss FROM `w_activity` WHERE ( status<>3 and status<>2 and UNIX_TIMESTAMP(concat(edate," ",etime))>UNIX_TIMESTAMP(now()) ) ORDER BY edate desc LIMIT 0,10   [ RunTime:0.0003s ]
INFO: [ view_parse ] --START--
INFO: Run Behavior\ParseTemplateBehavior [ RunTime:0.008725s ]
INFO: [ view_parse ] --END-- [ RunTime:0.008761s ]
INFO: [ view_filter ] --START--
INFO: Run Behavior\WriteHtmlCacheBehavior [ RunTime:0.000135s ]
INFO: [ view_filter ] --END-- [ RunTime:0.000156s ]
INFO: [ app_end ] --START--
INFO: Run Behavior\ShowPageTraceBehavior [ RunTime:0.000530s ]
INFO: [ app_end ] --END-- [ RunTime:0.000561s ]

[ 2018-01-04T17:08:56+08:00 ] 127.0.0.1 /jianye_garden/Activity/index.html?status=5bey57uT5p2f
INFO: [ app_init ] --START--
INFO: Run Behavior\BuildLiteBehavior [ RunTime:0.000011s ]
INFO: [ app_init ] --END-- [ RunTime:0.000297s ]
INFO: [ app_begin ] --START--
INFO: Run Behavior\ReadHtmlCacheBehavior [ RunTime:0.000351s ]
INFO: [ app_begin ] --END-- [ RunTime:0.000379s ]
SQL: SHOW COLUMNS FROM `w_activity` [ RunTime:0.0035s ]
SQL: SHOW COLUMNS FROM `carousel` [ RunTime:0.0019s ]
SQL: SELECT * FROM `carousel` WHERE `type` = 1  [ RunTime:0.0003s ]
SQL: SELECT `uid`,`titleimg`,`name`,`date`,`time`,`edate`,2 as ss FROM `w_activity` WHERE ( status=2 or UNIX_TIMESTAMP(concat(edate," ",etime))<UNIX_TIMESTAMP(now()) ) ORDER BY edate desc LIMIT 0,10   [ RunTime:0.0005s ]
INFO: [ view_parse ] --START--
NOTIC: [8] Undefined index: status /Applications/MAMP/htdocs/jianye_garden/app/Runtime/Cache/c81b93d12044a1f4e8cd1f349b5d27f89e84f3d6.file.index.tpl.php 第 91 行.
NOTIC: [8] Undefined index: status /Applications/MAMP/htdocs/jianye_garden/app/Runtime/Cache/c81b93d12044a1f4e8cd1f349b5d27f89e84f3d6.file.index.tpl.php 第 91 行.
NOTIC: [8] Undefined index: status /Applications/MAMP/htdocs/jianye_garden/app/Runtime/Cache/c81b93d12044a1f4e8cd1f349b5d27f89e84f3d6.file.index.tpl.php 第 91 行.
NOTIC: [8] Undefined index: status /Applications/MAMP/htdocs/jianye_garden/app/Runtime/Cache/c81b93d12044a1f4e8cd1f349b5d27f89e84f3d6.file.index.tpl.php 第 91 行.
NOTIC: [8] Undefined index: status /Applications/MAMP/htdocs/jianye_garden/app/Runtime/Cache/c81b93d12044a1f4e8cd1f349b5d27f89e84f3d6.file.index.tpl.php 第 91 行.
INFO: Run Behavior\ParseTemplateBehavior [ RunTime:0.010632s ]
INFO: [ view_parse ] --END-- [ RunTime:0.010664s ]
INFO: [ view_filter ] --START--
INFO: Run Behavior\WriteHtmlCacheBehavior [ RunTime:0.000130s ]
INFO: [ view_filter ] --END-- [ RunTime:0.000153s ]
INFO: [ app_end ] --START--
INFO: Run Behavior\ShowPageTraceBehavior [ RunTime:0.000420s ]
INFO: [ app_end ] --END-- [ RunTime:0.000445s ]

[ 2018-01-04T17:09:08+08:00 ] 127.0.0.1 /jianye_garden/Activity/index.html?status=5bey57uT5p2f
INFO: [ app_init ] --START--
INFO: Run Behavior\BuildLiteBehavior [ RunTime:0.000014s ]
INFO: [ app_init ] --END-- [ RunTime:0.000333s ]
INFO: [ app_begin ] --START--
INFO: Run Behavior\ReadHtmlCacheBehavior [ RunTime:0.000459s ]
INFO: [ app_begin ] --END-- [ RunTime:0.000497s ]
SQL: SHOW COLUMNS FROM `w_activity` [ RunTime:0.0020s ]
SQL: SHOW COLUMNS FROM `carousel` [ RunTime:0.0016s ]
SQL: SELECT * FROM `carousel` WHERE `type` = 1  [ RunTime:0.0004s ]
SQL: SELECT `uid`,`titleimg`,`name`,`date`,`time`,`edate`,2 as ss FROM `w_activity` WHERE ( status=2 or UNIX_TIMESTAMP(concat(edate," ",etime))<UNIX_TIMESTAMP(now()) ) ORDER BY edate desc LIMIT 0,10   [ RunTime:0.0003s ]
INFO: [ view_parse ] --START--
NOTIC: [8] Undefined index: status /Applications/MAMP/htdocs/jianye_garden/app/Runtime/Cache/c81b93d12044a1f4e8cd1f349b5d27f89e84f3d6.file.index.tpl.php 第 91 行.
NOTIC: [8] Undefined index: status /Applications/MAMP/htdocs/jianye_garden/app/Runtime/Cache/c81b93d12044a1f4e8cd1f349b5d27f89e84f3d6.file.index.tpl.php 第 91 行.
NOTIC: [8] Undefined index: status /Applications/MAMP/htdocs/jianye_garden/app/Runtime/Cache/c81b93d12044a1f4e8cd1f349b5d27f89e84f3d6.file.index.tpl.php 第 91 行.
NOTIC: [8] Undefined index: status /Applications/MAMP/htdocs/jianye_garden/app/Runtime/Cache/c81b93d12044a1f4e8cd1f349b5d27f89e84f3d6.file.index.tpl.php 第 91 行.
NOTIC: [8] Undefined index: status /Applications/MAMP/htdocs/jianye_garden/app/Runtime/Cache/c81b93d12044a1f4e8cd1f349b5d27f89e84f3d6.file.index.tpl.php 第 91 行.
INFO: Run Behavior\ParseTemplateBehavior [ RunTime:0.009048s ]
INFO: [ view_parse ] --END-- [ RunTime:0.009076s ]
INFO: [ view_filter ] --START--
INFO: Run Behavior\WriteHtmlCacheBehavior [ RunTime:0.000218s ]
INFO: [ view_filter ] --END-- [ RunTime:0.000251s ]
INFO: [ app_end ] --START--
INFO: Run Behavior\ShowPageTraceBehavior [ RunTime:0.000699s ]
INFO: [ app_end ] --END-- [ RunTime:0.000790s ]

