[ 2017-12-31T12:20:30+08:00 ] 127.0.0.1 /jianye_garden/Admin/
INFO: [ app_init ] --START--
INFO: Run Behavior\BuildLiteBehavior [ RunTime:0.000025s ]
INFO: [ app_init ] --END-- [ RunTime:0.015265s ]
INFO: [ app_begin ] --START--
INFO: Run Behavior\ReadHtmlCacheBehavior [ RunTime:0.001539s ]
INFO: [ app_begin ] --END-- [ RunTime:0.001627s ]

[ 2017-12-31T12:20:32+08:00 ] 127.0.0.1 /jianye_garden/admin/index/login.html
INFO: [ app_init ] --START--
INFO: Run Behavior\BuildLiteBehavior [ RunTime:0.000015s ]
INFO: [ app_init ] --END-- [ RunTime:0.000399s ]
INFO: [ app_begin ] --START--
INFO: Run Behavior\ReadHtmlCacheBehavior [ RunTime:0.000374s ]
INFO: [ app_begin ] --END-- [ RunTime:0.000405s ]
INFO: [ view_parse ] --START--
INFO: Run Behavior\ParseTemplateBehavior [ RunTime:0.080270s ]
INFO: [ view_parse ] --END-- [ RunTime:0.080326s ]
INFO: [ view_filter ] --START--
INFO: Run Behavior\WriteHtmlCacheBehavior [ RunTime:0.000523s ]
INFO: [ view_filter ] --END-- [ RunTime:0.000553s ]
INFO: [ app_end ] --START--
INFO: Run Behavior\ShowPageTraceBehavior [ RunTime:0.000863s ]
INFO: [ app_end ] --END-- [ RunTime:0.000903s ]

[ 2017-12-31T12:20:34+08:00 ] 127.0.0.1 /jianye_garden/admin/index/login_submit
INFO: [ app_init ] --START--
INFO: Run Behavior\BuildLiteBehavior [ RunTime:0.000016s ]
INFO: [ app_init ] --END-- [ RunTime:0.000486s ]
INFO: [ app_begin ] --START--
INFO: Run Behavior\ReadHtmlCacheBehavior [ RunTime:0.000695s ]
INFO: [ app_begin ] --END-- [ RunTime:0.000754s ]
SQL: SHOW COLUMNS FROM `w_users` [ RunTime:0.0916s ]
SQL: SELECT * FROM `w_users` WHERE ( user_login="admin" ) LIMIT 1   [ RunTime:0.0390s ]
NOTIC: [8] A session had already been started - ignoring session_start() /Applications/MAMP/htdocs/jianye_garden/ThinkPHP/Common/functions.php 第 1263 行.
SQL: SHOW COLUMNS FROM `w_logs` [ RunTime:0.0031s ]
NOTIC: [8] Undefined index: validate /Applications/MAMP/htdocs/jianye_garden/ThinkPHP/Library/Think/Model.class.php 第 1185 行.
NOTIC: [8] Undefined index: auto /Applications/MAMP/htdocs/jianye_garden/ThinkPHP/Library/Think/Model.class.php 第 1128 行.
SQL: INSERT INTO `w_logs` (`user_id`,`login_time`,`login_ip`,`login_referer`) VALUES ('1','1514694034','127.0.0.1','http://127.0.0.1/jianye_garden/admin/index/login.html') [ RunTime:0.0586s ]
INFO: [ app_end ] --START--
INFO: Run Behavior\ShowPageTraceBehavior [ RunTime:0.001141s ]
INFO: [ app_end ] --END-- [ RunTime:0.001214s ]

[ 2017-12-31T12:20:34+08:00 ] 127.0.0.1 /jianye_garden/Admin/
INFO: [ app_init ] --START--
INFO: Run Behavior\BuildLiteBehavior [ RunTime:0.000009s ]
INFO: [ app_init ] --END-- [ RunTime:0.000240s ]
INFO: [ app_begin ] --START--
INFO: Run Behavior\ReadHtmlCacheBehavior [ RunTime:0.000350s ]
INFO: [ app_begin ] --END-- [ RunTime:0.000374s ]
SQL: SHOW COLUMNS FROM `w_users` [ RunTime:0.0026s ]
SQL: SELECT * FROM `w_users` WHERE ( id=1 ) LIMIT 1   [ RunTime:0.0100s ]
SQL: SHOW COLUMNS FROM `w_pages` [ RunTime:0.0021s ]
SQL: SELECT `user_nickname`,`page_id`,`page_title`,`page_time` FROM `w_pages` INNER JOIN w_users on w_users.ID=w_pages.page_author  WHERE `page_status` = 'open' AND `w_user_level` <= '10' ORDER BY page_time desc LIMIT 0,5   [ RunTime:0.0350s ]
SQL: SELECT COUNT(*) AS tp_count FROM `w_pages` WHERE `page_status` = 'open' LIMIT 1   [ RunTime:0.0121s ]
SQL: SHOW COLUMNS FROM `w_post` [ RunTime:0.0037s ]
SQL: SELECT w_post.ID as id,`post_date`,`post_title`,`user_nickname`,`post_status` FROM `w_post` INNER JOIN w_users on w_users.ID=w_post.post_author  WHERE `post_type_delete` = 'open' AND `post_status` = 'publish' AND `post_author` <= '1' ORDER BY post_date desc LIMIT 0,5   [ RunTime:0.0009s ]
SQL: SELECT COUNT(*) AS tp_count FROM `w_post` INNER JOIN w_users on w_users.ID=w_post.post_author  WHERE `post_type_delete` = 'open' AND `post_status` = 'publish' AND `post_author` <= '1' LIMIT 1   [ RunTime:0.0007s ]
SQL: SHOW COLUMNS FROM `w_logs` [ RunTime:0.0022s ]
SQL: SELECT w_logs.*,user_nickname as name FROM `w_logs` LEFT JOIN w_users on w_users.ID=w_logs.user_id  ORDER BY login_time desc LIMIT 0,5   [ RunTime:0.0017s ]
SQL: SELECT COUNT(*) AS tp_count FROM `w_logs` LIMIT 1   [ RunTime:0.0004s ]
INFO: [ view_parse ] --START--
INFO: Run Behavior\ParseTemplateBehavior [ RunTime:0.107724s ]
INFO: [ view_parse ] --END-- [ RunTime:0.107774s ]
INFO: [ view_filter ] --START--
INFO: Run Behavior\WriteHtmlCacheBehavior [ RunTime:0.000243s ]
INFO: [ view_filter ] --END-- [ RunTime:0.000276s ]
INFO: [ app_end ] --START--
INFO: Run Behavior\ShowPageTraceBehavior [ RunTime:0.000939s ]
INFO: [ app_end ] --END-- [ RunTime:0.001042s ]

[ 2017-12-31T12:29:08+08:00 ] 127.0.0.1 /jianye_garden/Admin/Activity/index.html
INFO: [ app_init ] --START--
INFO: Run Behavior\BuildLiteBehavior [ RunTime:0.000014s ]
INFO: [ app_init ] --END-- [ RunTime:0.000630s ]
INFO: [ app_begin ] --START--
INFO: Run Behavior\ReadHtmlCacheBehavior [ RunTime:0.000593s ]
INFO: [ app_begin ] --END-- [ RunTime:0.000628s ]
NOTIC: [2] Declaration of Admin\Controller\ActivityController::uploadImg() should be compatible with Admin\Controller\BaseController::uploadImg($path = 'thumbnail') /Applications/MAMP/htdocs/jianye_garden/app/Admin/Controller/ActivityController.class.php 第 4 行.
SQL: SHOW COLUMNS FROM `w_users` [ RunTime:0.0025s ]
SQL: SELECT * FROM `w_users` WHERE ( id=1 ) LIMIT 1   [ RunTime:0.0003s ]
SQL: SHOW COLUMNS FROM `w_activity` [ RunTime:0.0028s ]
SQL: SELECT *,UNIX_TIMESTAMP(concat(date," ",time)) as s,UNIX_TIMESTAMP(concat(edate," ",etime)) as e FROM `w_activity` ORDER BY status,edate desc LIMIT 0,20   [ RunTime:0.0332s ]
SQL: SELECT COUNT(*) AS tp_count FROM `w_activity` LIMIT 1   [ RunTime:0.0005s ]
INFO: [ view_parse ] --START--
INFO: Run Behavior\ParseTemplateBehavior [ RunTime:0.122325s ]
INFO: [ view_parse ] --END-- [ RunTime:0.122384s ]
INFO: [ view_filter ] --START--
INFO: Run Behavior\WriteHtmlCacheBehavior [ RunTime:0.001051s ]
INFO: [ view_filter ] --END-- [ RunTime:0.001099s ]
INFO: [ app_end ] --START--
INFO: Run Behavior\ShowPageTraceBehavior [ RunTime:0.001083s ]
INFO: [ app_end ] --END-- [ RunTime:0.001140s ]

[ 2017-12-31T12:29:10+08:00 ] 127.0.0.1 /jianye_garden/Admin/Activity/act_new.html
INFO: [ app_init ] --START--
INFO: Run Behavior\BuildLiteBehavior [ RunTime:0.000011s ]
INFO: [ app_init ] --END-- [ RunTime:0.000288s ]
INFO: [ app_begin ] --START--
INFO: Run Behavior\ReadHtmlCacheBehavior [ RunTime:0.000509s ]
INFO: [ app_begin ] --END-- [ RunTime:0.000547s ]
NOTIC: [2] Declaration of Admin\Controller\ActivityController::uploadImg() should be compatible with Admin\Controller\BaseController::uploadImg($path = 'thumbnail') /Applications/MAMP/htdocs/jianye_garden/app/Admin/Controller/ActivityController.class.php 第 4 行.
SQL: SHOW COLUMNS FROM `w_users` [ RunTime:0.0029s ]
SQL: SELECT * FROM `w_users` WHERE ( id=1 ) LIMIT 1   [ RunTime:0.0003s ]
SQL: SHOW COLUMNS FROM `w_activity` [ RunTime:0.0018s ]
SQL: SELECT * FROM `w_activity` WHERE `uid` = '' LIMIT 1   [ RunTime:0.0003s ]
INFO: [ view_parse ] --START--
NOTIC: [8] Undefined index: info /Applications/MAMP/htdocs/jianye_garden/app/Runtime/Cache/a9d2885e653fe85bbc673c89a126c11fe0ada68b.file.act_new.tpl.php 第 61 行.
NOTIC: [8] Trying to get property of non-object /Applications/MAMP/htdocs/jianye_garden/app/Runtime/Cache/a9d2885e653fe85bbc673c89a126c11fe0ada68b.file.act_new.tpl.php 第 61 行.
NOTIC: [8] Undefined index: info /Applications/MAMP/htdocs/jianye_garden/app/Runtime/Cache/a9d2885e653fe85bbc673c89a126c11fe0ada68b.file.act_new.tpl.php 第 66 行.
NOTIC: [8] Trying to get property of non-object /Applications/MAMP/htdocs/jianye_garden/app/Runtime/Cache/a9d2885e653fe85bbc673c89a126c11fe0ada68b.file.act_new.tpl.php 第 66 行.
NOTIC: [8] Undefined index: info /Applications/MAMP/htdocs/jianye_garden/app/Runtime/Cache/a9d2885e653fe85bbc673c89a126c11fe0ada68b.file.act_new.tpl.php 第 73 行.
NOTIC: [8] Trying to get property of non-object /Applications/MAMP/htdocs/jianye_garden/app/Runtime/Cache/a9d2885e653fe85bbc673c89a126c11fe0ada68b.file.act_new.tpl.php 第 73 行.
NOTIC: [8] Undefined index: info /Applications/MAMP/htdocs/jianye_garden/app/Runtime/Cache/a9d2885e653fe85bbc673c89a126c11fe0ada68b.file.act_new.tpl.php 第 77 行.
NOTIC: [8] Trying to get property of non-object /Applications/MAMP/htdocs/jianye_garden/app/Runtime/Cache/a9d2885e653fe85bbc673c89a126c11fe0ada68b.file.act_new.tpl.php 第 77 行.
NOTIC: [8] Undefined index: info /Applications/MAMP/htdocs/jianye_garden/app/Runtime/Cache/a9d2885e653fe85bbc673c89a126c11fe0ada68b.file.act_new.tpl.php 第 84 行.
NOTIC: [8] Trying to get property of non-object /Applications/MAMP/htdocs/jianye_garden/app/Runtime/Cache/a9d2885e653fe85bbc673c89a126c11fe0ada68b.file.act_new.tpl.php 第 84 行.
NOTIC: [8] Undefined index: info /Applications/MAMP/htdocs/jianye_garden/app/Runtime/Cache/a9d2885e653fe85bbc673c89a126c11fe0ada68b.file.act_new.tpl.php 第 88 行.
NOTIC: [8] Trying to get property of non-object /Applications/MAMP/htdocs/jianye_garden/app/Runtime/Cache/a9d2885e653fe85bbc673c89a126c11fe0ada68b.file.act_new.tpl.php 第 88 行.
NOTIC: [8] Undefined index: info /Applications/MAMP/htdocs/jianye_garden/app/Runtime/Cache/a9d2885e653fe85bbc673c89a126c11fe0ada68b.file.act_new.tpl.php 第 99 行.
NOTIC: [8] Trying to get property of non-object /Applications/MAMP/htdocs/jianye_garden/app/Runtime/Cache/a9d2885e653fe85bbc673c89a126c11fe0ada68b.file.act_new.tpl.php 第 99 行.
NOTIC: [8] Undefined index: info /Applications/MAMP/htdocs/jianye_garden/app/Runtime/Cache/a9d2885e653fe85bbc673c89a126c11fe0ada68b.file.act_new.tpl.php 第 106 行.
NOTIC: [8] Trying to get property of non-object /Applications/MAMP/htdocs/jianye_garden/app/Runtime/Cache/a9d2885e653fe85bbc673c89a126c11fe0ada68b.file.act_new.tpl.php 第 106 行.
NOTIC: [8] Undefined index: info /Applications/MAMP/htdocs/jianye_garden/app/Runtime/Cache/a9d2885e653fe85bbc673c89a126c11fe0ada68b.file.act_new.tpl.php 第 113 行.
NOTIC: [8] Trying to get property of non-object /Applications/MAMP/htdocs/jianye_garden/app/Runtime/Cache/a9d2885e653fe85bbc673c89a126c11fe0ada68b.file.act_new.tpl.php 第 113 行.
NOTIC: [8] Undefined index: info /Applications/MAMP/htdocs/jianye_garden/app/Runtime/Cache/a9d2885e653fe85bbc673c89a126c11fe0ada68b.file.act_new.tpl.php 第 120 行.
NOTIC: [8] Trying to get property of non-object /Applications/MAMP/htdocs/jianye_garden/app/Runtime/Cache/a9d2885e653fe85bbc673c89a126c11fe0ada68b.file.act_new.tpl.php 第 120 行.
NOTIC: [8] Undefined index: info /Applications/MAMP/htdocs/jianye_garden/app/Runtime/Cache/a9d2885e653fe85bbc673c89a126c11fe0ada68b.file.act_new.tpl.php 第 129 行.
NOTIC: [8] Trying to get property of non-object /Applications/MAMP/htdocs/jianye_garden/app/Runtime/Cache/a9d2885e653fe85bbc673c89a126c11fe0ada68b.file.act_new.tpl.php 第 129 行.
NOTIC: [8] Undefined index: info /Applications/MAMP/htdocs/jianye_garden/app/Runtime/Cache/a9d2885e653fe85bbc673c89a126c11fe0ada68b.file.act_new.tpl.php 第 134 行.
NOTIC: [8] Trying to get property of non-object /Applications/MAMP/htdocs/jianye_garden/app/Runtime/Cache/a9d2885e653fe85bbc673c89a126c11fe0ada68b.file.act_new.tpl.php 第 134 行.
NOTIC: [8] Undefined index: info /Applications/MAMP/htdocs/jianye_garden/app/Runtime/Cache/a9d2885e653fe85bbc673c89a126c11fe0ada68b.file.act_new.tpl.php 第 134 行.
NOTIC: [8] Trying to get property of non-object /Applications/MAMP/htdocs/jianye_garden/app/Runtime/Cache/a9d2885e653fe85bbc673c89a126c11fe0ada68b.file.act_new.tpl.php 第 134 行.
NOTIC: [8] Undefined index: info /Applications/MAMP/htdocs/jianye_garden/app/Runtime/Cache/a9d2885e653fe85bbc673c89a126c11fe0ada68b.file.act_new.tpl.php 第 144 行.
NOTIC: [8] Trying to get property of non-object /Applications/MAMP/htdocs/jianye_garden/app/Runtime/Cache/a9d2885e653fe85bbc673c89a126c11fe0ada68b.file.act_new.tpl.php 第 144 行.
NOTIC: [8] Undefined index: info /Applications/MAMP/htdocs/jianye_garden/app/Runtime/Cache/a9d2885e653fe85bbc673c89a126c11fe0ada68b.file.act_new.tpl.php 第 145 行.
NOTIC: [8] Trying to get property of non-object /Applications/MAMP/htdocs/jianye_garden/app/Runtime/Cache/a9d2885e653fe85bbc673c89a126c11fe0ada68b.file.act_new.tpl.php 第 145 行.
NOTIC: [8] Undefined index: info /Applications/MAMP/htdocs/jianye_garden/app/Runtime/Cache/a9d2885e653fe85bbc673c89a126c11fe0ada68b.file.act_new.tpl.php 第 146 行.
NOTIC: [8] Trying to get property of non-object /Applications/MAMP/htdocs/jianye_garden/app/Runtime/Cache/a9d2885e653fe85bbc673c89a126c11fe0ada68b.file.act_new.tpl.php 第 146 行.
NOTIC: [8] Undefined index: info /Applications/MAMP/htdocs/jianye_garden/app/Runtime/Cache/a9d2885e653fe85bbc673c89a126c11fe0ada68b.file.act_new.tpl.php 第 150 行.
NOTIC: [8] Trying to get property of non-object /Applications/MAMP/htdocs/jianye_garden/app/Runtime/Cache/a9d2885e653fe85bbc673c89a126c11fe0ada68b.file.act_new.tpl.php 第 150 行.
NOTIC: [8] Undefined index: info /Applications/MAMP/htdocs/jianye_garden/app/Runtime/Cache/a9d2885e653fe85bbc673c89a126c11fe0ada68b.file.act_new.tpl.php 第 158 行.
NOTIC: [8] Trying to get property of non-object /Applications/MAMP/htdocs/jianye_garden/app/Runtime/Cache/a9d2885e653fe85bbc673c89a126c11fe0ada68b.file.act_new.tpl.php 第 158 行.
NOTIC: [8] Undefined index: info /Applications/MAMP/htdocs/jianye_garden/app/Runtime/Cache/a9d2885e653fe85bbc673c89a126c11fe0ada68b.file.act_new.tpl.php 第 159 行.
NOTIC: [8] Trying to get property of non-object /Applications/MAMP/htdocs/jianye_garden/app/Runtime/Cache/a9d2885e653fe85bbc673c89a126c11fe0ada68b.file.act_new.tpl.php 第 159 行.
NOTIC: [8] Undefined index: info /Applications/MAMP/htdocs/jianye_garden/app/Runtime/Cache/a9d2885e653fe85bbc673c89a126c11fe0ada68b.file.act_new.tpl.php 第 160 行.
NOTIC: [8] Trying to get property of non-object /Applications/MAMP/htdocs/jianye_garden/app/Runtime/Cache/a9d2885e653fe85bbc673c89a126c11fe0ada68b.file.act_new.tpl.php 第 160 行.
NOTIC: [8] Undefined index: info /Applications/MAMP/htdocs/jianye_garden/app/Runtime/Cache/a9d2885e653fe85bbc673c89a126c11fe0ada68b.file.act_new.tpl.php 第 167 行.
NOTIC: [8] Trying to get property of non-object /Applications/MAMP/htdocs/jianye_garden/app/Runtime/Cache/a9d2885e653fe85bbc673c89a126c11fe0ada68b.file.act_new.tpl.php 第 167 行.
NOTIC: [8] Undefined index: info /Applications/MAMP/htdocs/jianye_garden/app/Runtime/Cache/a9d2885e653fe85bbc673c89a126c11fe0ada68b.file.act_new.tpl.php 第 174 行.
NOTIC: [8] Trying to get property of non-object /Applications/MAMP/htdocs/jianye_garden/app/Runtime/Cache/a9d2885e653fe85bbc673c89a126c11fe0ada68b.file.act_new.tpl.php 第 174 行.
NOTIC: [8] Undefined index: info /Applications/MAMP/htdocs/jianye_garden/app/Runtime/Cache/a9d2885e653fe85bbc673c89a126c11fe0ada68b.file.act_new.tpl.php 第 179 行.
NOTIC: [8] Trying to get property of non-object /Applications/MAMP/htdocs/jianye_garden/app/Runtime/Cache/a9d2885e653fe85bbc673c89a126c11fe0ada68b.file.act_new.tpl.php 第 179 行.
NOTIC: [8] Undefined index: info /Applications/MAMP/htdocs/jianye_garden/app/Runtime/Cache/a9d2885e653fe85bbc673c89a126c11fe0ada68b.file.act_new.tpl.php 第 186 行.
NOTIC: [8] Trying to get property of non-object /Applications/MAMP/htdocs/jianye_garden/app/Runtime/Cache/a9d2885e653fe85bbc673c89a126c11fe0ada68b.file.act_new.tpl.php 第 186 行.
INFO: Run Behavior\ParseTemplateBehavior [ RunTime:0.081792s ]
INFO: [ view_parse ] --END-- [ RunTime:0.081828s ]
INFO: [ view_filter ] --START--
INFO: Run Behavior\WriteHtmlCacheBehavior [ RunTime:0.000151s ]
INFO: [ view_filter ] --END-- [ RunTime:0.000171s ]
INFO: [ app_end ] --START--
INFO: Run Behavior\ShowPageTraceBehavior [ RunTime:0.000476s ]
INFO: [ app_end ] --END-- [ RunTime:0.000513s ]

[ 2017-12-31T19:47:55+08:00 ] 127.0.0.1 /jianye_garden/Admin/Carousel/index.html
INFO: [ app_init ] --START--
INFO: Run Behavior\BuildLiteBehavior [ RunTime:0.000019s ]
INFO: [ app_init ] --END-- [ RunTime:0.000901s ]
INFO: [ app_begin ] --START--
INFO: Run Behavior\ReadHtmlCacheBehavior [ RunTime:0.001061s ]
INFO: [ app_begin ] --END-- [ RunTime:0.001117s ]
SQL: SHOW COLUMNS FROM `w_users` [ RunTime:0.0022s ]
SQL: SELECT * FROM `w_users` WHERE ( id=1 ) LIMIT 1   [ RunTime:0.0005s ]
SQL: SHOW COLUMNS FROM `carousel` [ RunTime:0.0020s ]
SQL: SELECT * FROM `carousel`  [ RunTime:0.0004s ]
INFO: [ view_parse ] --START--
INFO: Run Behavior\ParseTemplateBehavior [ RunTime:0.118587s ]
INFO: [ view_parse ] --END-- [ RunTime:0.118634s ]
INFO: [ view_filter ] --START--
INFO: Run Behavior\WriteHtmlCacheBehavior [ RunTime:0.000980s ]
INFO: [ view_filter ] --END-- [ RunTime:0.001027s ]
INFO: [ app_end ] --START--
INFO: Run Behavior\ShowPageTraceBehavior [ RunTime:0.001454s ]
INFO: [ app_end ] --END-- [ RunTime:0.001524s ]

[ 2017-12-31T19:48:03+08:00 ] 127.0.0.1 /jianye_garden/Admin/Carousel/post.html
INFO: [ app_init ] --START--
INFO: Run Behavior\BuildLiteBehavior [ RunTime:0.000013s ]
INFO: [ app_init ] --END-- [ RunTime:0.000416s ]
INFO: [ app_begin ] --START--
INFO: Run Behavior\ReadHtmlCacheBehavior [ RunTime:0.000591s ]
INFO: [ app_begin ] --END-- [ RunTime:0.000632s ]
SQL: SHOW COLUMNS FROM `w_users` [ RunTime:0.0020s ]
SQL: SELECT * FROM `w_users` WHERE ( id=1 ) LIMIT 1   [ RunTime:0.0003s ]
SQL: SHOW COLUMNS FROM `carousel` [ RunTime:0.0020s ]
SQL: SELECT * FROM `carousel` WHERE `id` = 0 LIMIT 1   [ RunTime:0.0003s ]
INFO: [ view_parse ] --START--
INFO: Run Behavior\ParseTemplateBehavior [ RunTime:0.055086s ]
INFO: [ view_parse ] --END-- [ RunTime:0.055123s ]
INFO: [ view_filter ] --START--
INFO: Run Behavior\WriteHtmlCacheBehavior [ RunTime:0.000147s ]
INFO: [ view_filter ] --END-- [ RunTime:0.000168s ]
INFO: [ app_end ] --START--
INFO: Run Behavior\ShowPageTraceBehavior [ RunTime:0.000425s ]
INFO: [ app_end ] --END-- [ RunTime:0.000477s ]

