[ 2018-06-14T09:55:50+08:00 ] 127.0.0.1 /jianye_garden/Admin/Consultant/index.html
INFO: [ app_init ] --START--
INFO: Run Behavior\BuildLiteBehavior [ RunTime:0.000012s ]
INFO: [ app_init ] --END-- [ RunTime:0.000518s ]
INFO: [ app_begin ] --START--
INFO: Run Behavior\ReadHtmlCacheBehavior [ RunTime:0.000602s ]
INFO: [ app_begin ] --END-- [ RunTime:0.000637s ]
NOTIC: [2] Declaration of Admin\Controller\ConsultantController::uploadImg() should be compatible with Admin\Controller\BaseController::uploadImg($path = 'thumbnail') /Applications/MAMP/htdocs/jianye_garden/app/Admin/Controller/ConsultantController.class.php 第 4 行.
SQL: SHOW COLUMNS FROM `w_users` [ RunTime:0.0028s ]
SQL: SELECT * FROM `w_users` WHERE ( id=1 ) LIMIT 1   [ RunTime:0.0004s ]
SQL: SHOW COLUMNS FROM `w_consultant` [ RunTime:0.0019s ]
SQL: SELECT `uid`,`name`,`sex`,`phone_num`,`birth`,`atime` FROM `w_consultant`  [ RunTime:0.0003s ]
INFO: [ view_parse ] --START--
INFO: Run Behavior\ParseTemplateBehavior [ RunTime:0.020329s ]
INFO: [ view_parse ] --END-- [ RunTime:0.020392s ]
INFO: [ view_filter ] --START--
INFO: Run Behavior\WriteHtmlCacheBehavior [ RunTime:0.000400s ]
INFO: [ view_filter ] --END-- [ RunTime:0.000440s ]
INFO: [ app_end ] --START--
INFO: Run Behavior\ShowPageTraceBehavior [ RunTime:0.000974s ]
INFO: [ app_end ] --END-- [ RunTime:0.001028s ]

[ 2018-06-14T09:55:53+08:00 ] 127.0.0.1 /jianye_garden/Admin/Consultant/cnew.html?uid=00000001
INFO: [ app_init ] --START--
INFO: Run Behavior\BuildLiteBehavior [ RunTime:0.000010s ]
INFO: [ app_init ] --END-- [ RunTime:0.000252s ]
INFO: [ app_begin ] --START--
INFO: Run Behavior\ReadHtmlCacheBehavior [ RunTime:0.000338s ]
INFO: [ app_begin ] --END-- [ RunTime:0.000363s ]
NOTIC: [2] Declaration of Admin\Controller\ConsultantController::uploadImg() should be compatible with Admin\Controller\BaseController::uploadImg($path = 'thumbnail') /Applications/MAMP/htdocs/jianye_garden/app/Admin/Controller/ConsultantController.class.php 第 4 行.
SQL: SHOW COLUMNS FROM `w_users` [ RunTime:0.0034s ]
SQL: SELECT * FROM `w_users` WHERE ( id=1 ) LIMIT 1   [ RunTime:0.0003s ]
SQL: SHOW COLUMNS FROM `w_consultant` [ RunTime:0.0016s ]
SQL: SELECT * FROM `w_consultant` WHERE `uid` = 1 LIMIT 1   [ RunTime:0.0003s ]
SQL: SHOW COLUMNS FROM `w_cons_comment` [ RunTime:0.0024s ]
SQL: SELECT * FROM `w_cons_comment` WHERE `cons_uid` = '00000001' LIMIT 0,20   [ RunTime:0.0009s ]
SQL: SELECT COUNT(*) AS tp_count FROM `w_cons_comment` WHERE `cons_uid` = '00000001' LIMIT 1   [ RunTime:0.0002s ]
INFO: [ view_parse ] --START--
INFO: Run Behavior\ParseTemplateBehavior [ RunTime:0.010051s ]
INFO: [ view_parse ] --END-- [ RunTime:0.010097s ]
INFO: [ view_filter ] --START--
INFO: Run Behavior\WriteHtmlCacheBehavior [ RunTime:0.000124s ]
INFO: [ view_filter ] --END-- [ RunTime:0.000144s ]
INFO: [ app_end ] --START--
INFO: Run Behavior\ShowPageTraceBehavior [ RunTime:0.000536s ]
INFO: [ app_end ] --END-- [ RunTime:0.000570s ]

[ 2018-06-14T09:56:24+08:00 ] 127.0.0.1 /jianye_garden/Admin/Consultant/cnew.html
INFO: [ app_init ] --START--
INFO: Run Behavior\BuildLiteBehavior [ RunTime:0.000020s ]
INFO: [ app_init ] --END-- [ RunTime:0.000346s ]
INFO: [ app_begin ] --START--
INFO: Run Behavior\ReadHtmlCacheBehavior [ RunTime:0.000383s ]
INFO: [ app_begin ] --END-- [ RunTime:0.000417s ]
NOTIC: [2] Declaration of Admin\Controller\ConsultantController::uploadImg() should be compatible with Admin\Controller\BaseController::uploadImg($path = 'thumbnail') /Applications/MAMP/htdocs/jianye_garden/app/Admin/Controller/ConsultantController.class.php 第 4 行.
SQL: SHOW COLUMNS FROM `w_users` [ RunTime:0.0023s ]
SQL: SELECT * FROM `w_users` WHERE ( id=1 ) LIMIT 1   [ RunTime:0.0003s ]
SQL: SHOW COLUMNS FROM `w_consultant` [ RunTime:0.0021s ]
SQL: SELECT * FROM `w_consultant` WHERE `uid` = 0 LIMIT 1   [ RunTime:0.0003s ]
SQL: SHOW COLUMNS FROM `w_cons_comment` [ RunTime:0.0022s ]
SQL: SELECT * FROM `w_cons_comment` WHERE `cons_uid` = '' LIMIT 0,20   [ RunTime:0.0004s ]
SQL: SELECT COUNT(*) AS tp_count FROM `w_cons_comment` WHERE `cons_uid` = '' LIMIT 1   [ RunTime:0.0003s ]
INFO: [ view_parse ] --START--
INFO: Run Behavior\ParseTemplateBehavior [ RunTime:0.010163s ]
INFO: [ view_parse ] --END-- [ RunTime:0.010207s ]
INFO: [ view_filter ] --START--
INFO: Run Behavior\WriteHtmlCacheBehavior [ RunTime:0.000136s ]
INFO: [ view_filter ] --END-- [ RunTime:0.000176s ]
INFO: [ app_end ] --START--
INFO: Run Behavior\ShowPageTraceBehavior [ RunTime:0.000759s ]
INFO: [ app_end ] --END-- [ RunTime:0.000809s ]

[ 2018-06-14T09:57:43+08:00 ] 127.0.0.1 /jianye_garden/Admin/Consultant/index.html
INFO: [ app_init ] --START--
INFO: Run Behavior\BuildLiteBehavior [ RunTime:0.000012s ]
INFO: [ app_init ] --END-- [ RunTime:0.000311s ]
INFO: [ app_begin ] --START--
INFO: Run Behavior\ReadHtmlCacheBehavior [ RunTime:0.000390s ]
INFO: [ app_begin ] --END-- [ RunTime:0.000419s ]
NOTIC: [2] Declaration of Admin\Controller\ConsultantController::uploadImg() should be compatible with Admin\Controller\BaseController::uploadImg($path = 'thumbnail') /Applications/MAMP/htdocs/jianye_garden/app/Admin/Controller/ConsultantController.class.php 第 4 行.
SQL: SHOW COLUMNS FROM `w_users` [ RunTime:0.0035s ]
SQL: SELECT * FROM `w_users` WHERE ( id=1 ) LIMIT 1   [ RunTime:0.0003s ]
SQL: SHOW COLUMNS FROM `w_consultant` [ RunTime:0.0019s ]
SQL: SELECT `uid`,`name`,`sex`,`phone_num`,`birth`,`atime` FROM `w_consultant`  [ RunTime:0.0002s ]
INFO: [ view_parse ] --START--
INFO: Run Behavior\ParseTemplateBehavior [ RunTime:0.011488s ]
INFO: [ view_parse ] --END-- [ RunTime:0.011530s ]
INFO: [ view_filter ] --START--
INFO: Run Behavior\WriteHtmlCacheBehavior [ RunTime:0.000155s ]
INFO: [ view_filter ] --END-- [ RunTime:0.000181s ]
INFO: [ app_end ] --START--
INFO: Run Behavior\ShowPageTraceBehavior [ RunTime:0.000639s ]
INFO: [ app_end ] --END-- [ RunTime:0.000690s ]

[ 2018-06-14T09:57:45+08:00 ] 127.0.0.1 /jianye_garden/Admin/Consultant/cnew.html?uid=00000001
INFO: [ app_init ] --START--
INFO: Run Behavior\BuildLiteBehavior [ RunTime:0.000010s ]
INFO: [ app_init ] --END-- [ RunTime:0.000360s ]
INFO: [ app_begin ] --START--
INFO: Run Behavior\ReadHtmlCacheBehavior [ RunTime:0.000372s ]
INFO: [ app_begin ] --END-- [ RunTime:0.000400s ]
NOTIC: [2] Declaration of Admin\Controller\ConsultantController::uploadImg() should be compatible with Admin\Controller\BaseController::uploadImg($path = 'thumbnail') /Applications/MAMP/htdocs/jianye_garden/app/Admin/Controller/ConsultantController.class.php 第 4 行.
SQL: SHOW COLUMNS FROM `w_users` [ RunTime:0.0029s ]
SQL: SELECT * FROM `w_users` WHERE ( id=1 ) LIMIT 1   [ RunTime:0.0003s ]
SQL: SHOW COLUMNS FROM `w_consultant` [ RunTime:0.0016s ]
SQL: SELECT * FROM `w_consultant` WHERE `uid` = 1 LIMIT 1   [ RunTime:0.0004s ]
SQL: SHOW COLUMNS FROM `w_cons_comment` [ RunTime:0.0028s ]
SQL: SELECT * FROM `w_cons_comment` WHERE `cons_uid` = '00000001' LIMIT 0,20   [ RunTime:0.0005s ]
SQL: SELECT COUNT(*) AS tp_count FROM `w_cons_comment` WHERE `cons_uid` = '00000001' LIMIT 1   [ RunTime:0.0004s ]
INFO: [ view_parse ] --START--
NOTIC: [8192] The each() function is deprecated. This message will be suppressed on further calls /Applications/MAMP/htdocs/jianye_garden/ThinkPHP/Library/Vendor/Smarty/sysplugins/smarty_internal_compilebase.php 第 75 行.
INFO: Run Behavior\ParseTemplateBehavior [ RunTime:0.097644s ]
INFO: [ view_parse ] --END-- [ RunTime:0.097692s ]
INFO: [ view_filter ] --START--
INFO: Run Behavior\WriteHtmlCacheBehavior [ RunTime:0.000349s ]
INFO: [ view_filter ] --END-- [ RunTime:0.000443s ]
INFO: [ app_end ] --START--
INFO: Run Behavior\ShowPageTraceBehavior [ RunTime:0.000980s ]
INFO: [ app_end ] --END-- [ RunTime:0.001043s ]

[ 2018-06-14T09:58:38+08:00 ] 127.0.0.1 /jianye_garden/Admin/Consultant/cnew.html?uid=00000001
INFO: [ app_init ] --START--
INFO: Run Behavior\BuildLiteBehavior [ RunTime:0.000012s ]
INFO: [ app_init ] --END-- [ RunTime:0.000347s ]
INFO: [ app_begin ] --START--
INFO: Run Behavior\ReadHtmlCacheBehavior [ RunTime:0.000415s ]
INFO: [ app_begin ] --END-- [ RunTime:0.000443s ]
NOTIC: [2] Declaration of Admin\Controller\ConsultantController::uploadImg() should be compatible with Admin\Controller\BaseController::uploadImg($path = 'thumbnail') /Applications/MAMP/htdocs/jianye_garden/app/Admin/Controller/ConsultantController.class.php 第 4 行.
SQL: SHOW COLUMNS FROM `w_users` [ RunTime:0.0033s ]
SQL: SELECT * FROM `w_users` WHERE ( id=1 ) LIMIT 1   [ RunTime:0.0003s ]
SQL: SHOW COLUMNS FROM `w_consultant` [ RunTime:0.0017s ]
SQL: SELECT * FROM `w_consultant` WHERE `uid` = 1 LIMIT 1   [ RunTime:0.0003s ]
SQL: SHOW COLUMNS FROM `w_cons_comment` [ RunTime:0.0030s ]
SQL: SELECT * FROM `w_cons_comment` WHERE `cons_uid` = '00000001' LIMIT 0,20   [ RunTime:0.0004s ]
SQL: SELECT COUNT(*) AS tp_count FROM `w_cons_comment` WHERE `cons_uid` = '00000001' LIMIT 1   [ RunTime:0.0002s ]
INFO: [ view_parse ] --START--
NOTIC: [8192] The each() function is deprecated. This message will be suppressed on further calls /Applications/MAMP/htdocs/jianye_garden/ThinkPHP/Library/Vendor/Smarty/sysplugins/smarty_internal_compilebase.php 第 75 行.
INFO: Run Behavior\ParseTemplateBehavior [ RunTime:0.071289s ]
INFO: [ view_parse ] --END-- [ RunTime:0.071332s ]
INFO: [ view_filter ] --START--
INFO: Run Behavior\WriteHtmlCacheBehavior [ RunTime:0.000127s ]
INFO: [ view_filter ] --END-- [ RunTime:0.000147s ]
INFO: [ app_end ] --START--
INFO: Run Behavior\ShowPageTraceBehavior [ RunTime:0.000438s ]
INFO: [ app_end ] --END-- [ RunTime:0.000470s ]

[ 2018-06-14T09:58:41+08:00 ] 127.0.0.1 /jianye_garden/Admin/Consultant/cnew.html
INFO: [ app_init ] --START--
INFO: Run Behavior\BuildLiteBehavior [ RunTime:0.000015s ]
INFO: [ app_init ] --END-- [ RunTime:0.000382s ]
INFO: [ app_begin ] --START--
INFO: Run Behavior\ReadHtmlCacheBehavior [ RunTime:0.000451s ]
INFO: [ app_begin ] --END-- [ RunTime:0.000520s ]
NOTIC: [2] Declaration of Admin\Controller\ConsultantController::uploadImg() should be compatible with Admin\Controller\BaseController::uploadImg($path = 'thumbnail') /Applications/MAMP/htdocs/jianye_garden/app/Admin/Controller/ConsultantController.class.php 第 4 行.
SQL: SHOW COLUMNS FROM `w_users` [ RunTime:0.0033s ]
SQL: SELECT * FROM `w_users` WHERE ( id=1 ) LIMIT 1   [ RunTime:0.0003s ]
SQL: SHOW COLUMNS FROM `w_consultant` [ RunTime:0.0018s ]
SQL: SELECT * FROM `w_consultant` WHERE `uid` = 0 LIMIT 1   [ RunTime:0.0004s ]
SQL: SHOW COLUMNS FROM `w_cons_comment` [ RunTime:0.0030s ]
SQL: SELECT * FROM `w_cons_comment` WHERE `cons_uid` = '' LIMIT 0,20   [ RunTime:0.0004s ]
SQL: SELECT COUNT(*) AS tp_count FROM `w_cons_comment` WHERE `cons_uid` = '' LIMIT 1   [ RunTime:0.0003s ]
INFO: [ view_parse ] --START--
INFO: Run Behavior\ParseTemplateBehavior [ RunTime:0.007968s ]
INFO: [ view_parse ] --END-- [ RunTime:0.008006s ]
INFO: [ view_filter ] --START--
INFO: Run Behavior\WriteHtmlCacheBehavior [ RunTime:0.000111s ]
INFO: [ view_filter ] --END-- [ RunTime:0.000130s ]
INFO: [ app_end ] --START--
INFO: Run Behavior\ShowPageTraceBehavior [ RunTime:0.000439s ]
INFO: [ app_end ] --END-- [ RunTime:0.000465s ]

[ 2018-06-14T09:58:43+08:00 ] 127.0.0.1 /jianye_garden/Admin/Consultant/index.html
INFO: [ app_init ] --START--
INFO: Run Behavior\BuildLiteBehavior [ RunTime:0.000011s ]
INFO: [ app_init ] --END-- [ RunTime:0.000344s ]
INFO: [ app_begin ] --START--
INFO: Run Behavior\ReadHtmlCacheBehavior [ RunTime:0.000590s ]
INFO: [ app_begin ] --END-- [ RunTime:0.000624s ]
NOTIC: [2] Declaration of Admin\Controller\ConsultantController::uploadImg() should be compatible with Admin\Controller\BaseController::uploadImg($path = 'thumbnail') /Applications/MAMP/htdocs/jianye_garden/app/Admin/Controller/ConsultantController.class.php 第 4 行.
SQL: SHOW COLUMNS FROM `w_users` [ RunTime:0.0028s ]
SQL: SELECT * FROM `w_users` WHERE ( id=1 ) LIMIT 1   [ RunTime:0.0003s ]
SQL: SHOW COLUMNS FROM `w_consultant` [ RunTime:0.0017s ]
SQL: SELECT `uid`,`name`,`sex`,`phone_num`,`birth`,`atime` FROM `w_consultant`  [ RunTime:0.0003s ]
INFO: [ view_parse ] --START--
INFO: Run Behavior\ParseTemplateBehavior [ RunTime:0.009413s ]
INFO: [ view_parse ] --END-- [ RunTime:0.009459s ]
INFO: [ view_filter ] --START--
INFO: Run Behavior\WriteHtmlCacheBehavior [ RunTime:0.000116s ]
INFO: [ view_filter ] --END-- [ RunTime:0.000135s ]
INFO: [ app_end ] --START--
INFO: Run Behavior\ShowPageTraceBehavior [ RunTime:0.000434s ]
INFO: [ app_end ] --END-- [ RunTime:0.000469s ]

[ 2018-06-14T09:58:45+08:00 ] 127.0.0.1 /jianye_garden/Admin/Consultant/cnew.html?uid=00000001
INFO: [ app_init ] --START--
INFO: Run Behavior\BuildLiteBehavior [ RunTime:0.000009s ]
INFO: [ app_init ] --END-- [ RunTime:0.000250s ]
INFO: [ app_begin ] --START--
INFO: Run Behavior\ReadHtmlCacheBehavior [ RunTime:0.000332s ]
INFO: [ app_begin ] --END-- [ RunTime:0.000356s ]
NOTIC: [2] Declaration of Admin\Controller\ConsultantController::uploadImg() should be compatible with Admin\Controller\BaseController::uploadImg($path = 'thumbnail') /Applications/MAMP/htdocs/jianye_garden/app/Admin/Controller/ConsultantController.class.php 第 4 行.
SQL: SHOW COLUMNS FROM `w_users` [ RunTime:0.0033s ]
SQL: SELECT * FROM `w_users` WHERE ( id=1 ) LIMIT 1   [ RunTime:0.0003s ]
SQL: SHOW COLUMNS FROM `w_consultant` [ RunTime:0.0020s ]
SQL: SELECT * FROM `w_consultant` WHERE `uid` = 1 LIMIT 1   [ RunTime:0.0003s ]
SQL: SHOW COLUMNS FROM `w_cons_comment` [ RunTime:0.0016s ]
SQL: SELECT * FROM `w_cons_comment` WHERE `cons_uid` = '00000001' LIMIT 0,20   [ RunTime:0.0004s ]
SQL: SELECT COUNT(*) AS tp_count FROM `w_cons_comment` WHERE `cons_uid` = '00000001' LIMIT 1   [ RunTime:0.0003s ]
INFO: [ view_parse ] --START--
INFO: Run Behavior\ParseTemplateBehavior [ RunTime:0.012668s ]
INFO: [ view_parse ] --END-- [ RunTime:0.012720s ]
INFO: [ view_filter ] --START--
INFO: Run Behavior\WriteHtmlCacheBehavior [ RunTime:0.000153s ]
INFO: [ view_filter ] --END-- [ RunTime:0.000180s ]
INFO: [ app_end ] --START--
INFO: Run Behavior\ShowPageTraceBehavior [ RunTime:0.000526s ]
INFO: [ app_end ] --END-- [ RunTime:0.000564s ]

[ 2018-06-14T11:19:54+08:00 ] 127.0.0.1 /jianye_garden/Admin/Consultant/cnew.html?uid=00000001
INFO: [ app_init ] --START--
INFO: Run Behavior\BuildLiteBehavior [ RunTime:0.000017s ]
INFO: [ app_init ] --END-- [ RunTime:0.000883s ]
INFO: [ app_begin ] --START--
INFO: Run Behavior\ReadHtmlCacheBehavior [ RunTime:0.000722s ]
INFO: [ app_begin ] --END-- [ RunTime:0.000778s ]
NOTIC: [2] Declaration of Admin\Controller\ConsultantController::uploadImg() should be compatible with Admin\Controller\BaseController::uploadImg($path = 'thumbnail') /Applications/MAMP/htdocs/jianye_garden/app/Admin/Controller/ConsultantController.class.php 第 4 行.
SQL: SHOW COLUMNS FROM `w_users` [ RunTime:0.0050s ]
SQL: SELECT * FROM `w_users` WHERE ( id=1 ) LIMIT 1   [ RunTime:0.0003s ]
SQL: SHOW COLUMNS FROM `w_consultant` [ RunTime:0.0017s ]
SQL: SELECT * FROM `w_consultant` WHERE `uid` = 1 LIMIT 1   [ RunTime:0.0003s ]
SQL: SHOW COLUMNS FROM `w_cons_comment` [ RunTime:0.0023s ]
SQL: SELECT * FROM `w_cons_comment` WHERE `cons_uid` = '00000001' LIMIT 0,20   [ RunTime:0.0004s ]
SQL: SELECT COUNT(*) AS tp_count FROM `w_cons_comment` WHERE `cons_uid` = '00000001' LIMIT 1   [ RunTime:0.0004s ]
INFO: [ view_parse ] --START--
NOTIC: [8192] The each() function is deprecated. This message will be suppressed on further calls /Applications/MAMP/htdocs/jianye_garden/ThinkPHP/Library/Vendor/Smarty/sysplugins/smarty_internal_compilebase.php 第 75 行.
INFO: Run Behavior\ParseTemplateBehavior [ RunTime:0.106633s ]
INFO: [ view_parse ] --END-- [ RunTime:0.106685s ]
INFO: [ view_filter ] --START--
INFO: Run Behavior\WriteHtmlCacheBehavior [ RunTime:0.000483s ]
INFO: [ view_filter ] --END-- [ RunTime:0.000523s ]
INFO: [ app_end ] --START--
INFO: Run Behavior\ShowPageTraceBehavior [ RunTime:0.000839s ]
INFO: [ app_end ] --END-- [ RunTime:0.000891s ]

[ 2018-06-14T11:35:23+08:00 ] 127.0.0.1 /jianye_garden/Admin/Consultant/cnew.html?uid=00000001
INFO: [ app_init ] --START--
INFO: Run Behavior\BuildLiteBehavior [ RunTime:0.000029s ]
INFO: [ app_init ] --END-- [ RunTime:0.001045s ]
INFO: [ app_begin ] --START--
INFO: Run Behavior\ReadHtmlCacheBehavior [ RunTime:0.000818s ]
INFO: [ app_begin ] --END-- [ RunTime:0.000864s ]
NOTIC: [2] Declaration of Admin\Controller\ConsultantController::uploadImg() should be compatible with Admin\Controller\BaseController::uploadImg($path = 'thumbnail') /Applications/MAMP/htdocs/jianye_garden/app/Admin/Controller/ConsultantController.class.php 第 4 行.
SQL: SHOW COLUMNS FROM `w_users` [ RunTime:0.0044s ]
SQL: SELECT * FROM `w_users` WHERE ( id=1 ) LIMIT 1   [ RunTime:0.0004s ]
SQL: SHOW COLUMNS FROM `w_consultant` [ RunTime:0.0025s ]
SQL: SELECT * FROM `w_consultant` WHERE `uid` = 1 LIMIT 1   [ RunTime:0.0005s ]
SQL: SHOW COLUMNS FROM `w_cons_comment` [ RunTime:0.0022s ]
SQL: SELECT * FROM `w_cons_comment` WHERE `cons_uid` = '00000001' LIMIT 0,20   [ RunTime:0.0004s ]
SQL: SELECT COUNT(*) AS tp_count FROM `w_cons_comment` WHERE `cons_uid` = '00000001' LIMIT 1   [ RunTime:0.0002s ]
INFO: [ view_parse ] --START--
NOTIC: [8192] The each() function is deprecated. This message will be suppressed on further calls /Applications/MAMP/htdocs/jianye_garden/ThinkPHP/Library/Vendor/Smarty/sysplugins/smarty_internal_compilebase.php 第 75 行.
INFO: Run Behavior\ParseTemplateBehavior [ RunTime:0.120382s ]
INFO: [ view_parse ] --END-- [ RunTime:0.120428s ]
INFO: [ view_filter ] --START--
INFO: Run Behavior\WriteHtmlCacheBehavior [ RunTime:0.000541s ]
INFO: [ view_filter ] --END-- [ RunTime:0.000583s ]
INFO: [ app_end ] --START--
INFO: Run Behavior\ShowPageTraceBehavior [ RunTime:0.000933s ]
INFO: [ app_end ] --END-- [ RunTime:0.000991s ]

[ 2018-06-14T11:35:27+08:00 ] 127.0.0.1 /jianye_garden/Admin/Consultant/delete_consultant
INFO: [ app_init ] --START--
INFO: Run Behavior\BuildLiteBehavior [ RunTime:0.000010s ]
INFO: [ app_init ] --END-- [ RunTime:0.000266s ]
INFO: [ app_begin ] --START--
INFO: Run Behavior\ReadHtmlCacheBehavior [ RunTime:0.000567s ]
INFO: [ app_begin ] --END-- [ RunTime:0.000609s ]
NOTIC: [2] Declaration of Admin\Controller\ConsultantController::uploadImg() should be compatible with Admin\Controller\BaseController::uploadImg($path = 'thumbnail') /Applications/MAMP/htdocs/jianye_garden/app/Admin/Controller/ConsultantController.class.php 第 4 行.
SQL: SHOW COLUMNS FROM `w_users` [ RunTime:0.0027s ]
SQL: SELECT * FROM `w_users` WHERE ( id=1 ) LIMIT 1   [ RunTime:0.0004s ]
SQL: SHOW COLUMNS FROM `w_consultant` [ RunTime:0.0018s ]
SQL: DELETE FROM `w_consultant` WHERE `uid` = 1 [ RunTime:0.0020s ]
INFO: [ app_end ] --START--
INFO: Run Behavior\ShowPageTraceBehavior [ RunTime:0.000607s ]
INFO: [ app_end ] --END-- [ RunTime:0.000646s ]

[ 2018-06-14T11:35:29+08:00 ] 127.0.0.1 /jianye_garden/Admin/Consultant
INFO: [ app_init ] --START--
INFO: Run Behavior\BuildLiteBehavior [ RunTime:0.000015s ]
INFO: [ app_init ] --END-- [ RunTime:0.000391s ]
INFO: [ app_begin ] --START--
INFO: Run Behavior\ReadHtmlCacheBehavior [ RunTime:0.000697s ]
INFO: [ app_begin ] --END-- [ RunTime:0.000748s ]
NOTIC: [2] Declaration of Admin\Controller\ConsultantController::uploadImg() should be compatible with Admin\Controller\BaseController::uploadImg($path = 'thumbnail') /Applications/MAMP/htdocs/jianye_garden/app/Admin/Controller/ConsultantController.class.php 第 4 行.
SQL: SHOW COLUMNS FROM `w_users` [ RunTime:0.0035s ]
SQL: SELECT * FROM `w_users` WHERE ( id=1 ) LIMIT 1   [ RunTime:0.0004s ]
SQL: SHOW COLUMNS FROM `w_consultant` [ RunTime:0.0043s ]
SQL: SELECT `uid`,`name`,`sex`,`phone_num`,`birth`,`atime` FROM `w_consultant`  [ RunTime:0.0004s ]
INFO: [ view_parse ] --START--
INFO: Run Behavior\ParseTemplateBehavior [ RunTime:0.009600s ]
INFO: [ view_parse ] --END-- [ RunTime:0.009649s ]
INFO: [ view_filter ] --START--
INFO: Run Behavior\WriteHtmlCacheBehavior [ RunTime:0.000167s ]
INFO: [ view_filter ] --END-- [ RunTime:0.000196s ]
INFO: [ app_end ] --START--
INFO: Run Behavior\ShowPageTraceBehavior [ RunTime:0.000651s ]
INFO: [ app_end ] --END-- [ RunTime:0.000694s ]

[ 2018-06-14T11:57:30+08:00 ] 127.0.0.1 /jianye_garden/Admin/Consultant/cnew.html?uid=00000003
INFO: [ app_init ] --START--
INFO: Run Behavior\BuildLiteBehavior [ RunTime:0.000017s ]
INFO: [ app_init ] --END-- [ RunTime:0.000809s ]
INFO: [ app_begin ] --START--
INFO: Run Behavior\ReadHtmlCacheBehavior [ RunTime:0.000872s ]
INFO: [ app_begin ] --END-- [ RunTime:0.000939s ]
NOTIC: [2] Declaration of Admin\Controller\ConsultantController::uploadImg() should be compatible with Admin\Controller\BaseController::uploadImg($path = 'thumbnail') /Applications/MAMP/htdocs/jianye_garden/app/Admin/Controller/ConsultantController.class.php 第 4 行.
SQL: SHOW COLUMNS FROM `w_users` [ RunTime:0.0021s ]
SQL: SELECT * FROM `w_users` WHERE ( id=1 ) LIMIT 1   [ RunTime:0.0004s ]
SQL: SHOW COLUMNS FROM `w_consultant` [ RunTime:0.0020s ]
SQL: SELECT * FROM `w_consultant` WHERE `uid` = 3 LIMIT 1   [ RunTime:0.0003s ]
SQL: SHOW COLUMNS FROM `w_cons_comment` [ RunTime:0.0026s ]
SQL: SELECT * FROM `w_cons_comment` WHERE `cons_uid` = '00000003' LIMIT 0,20   [ RunTime:0.0004s ]
SQL: SELECT COUNT(*) AS tp_count FROM `w_cons_comment` WHERE `cons_uid` = '00000003' LIMIT 1   [ RunTime:0.0002s ]
INFO: [ view_parse ] --START--
INFO: Run Behavior\ParseTemplateBehavior [ RunTime:0.042652s ]
INFO: [ view_parse ] --END-- [ RunTime:0.042863s ]
INFO: [ view_filter ] --START--
INFO: Run Behavior\WriteHtmlCacheBehavior [ RunTime:0.000607s ]
INFO: [ view_filter ] --END-- [ RunTime:0.000660s ]
INFO: [ app_end ] --START--
INFO: Run Behavior\ShowPageTraceBehavior [ RunTime:0.001242s ]
INFO: [ app_end ] --END-- [ RunTime:0.001335s ]

[ 2018-06-14T11:57:36+08:00 ] 127.0.0.1 /jianye_garden/Admin/Member/index.html
INFO: [ app_init ] --START--
INFO: Run Behavior\BuildLiteBehavior [ RunTime:0.000020s ]
INFO: [ app_init ] --END-- [ RunTime:0.000353s ]
INFO: [ app_begin ] --START--
INFO: Run Behavior\ReadHtmlCacheBehavior [ RunTime:0.000506s ]
INFO: [ app_begin ] --END-- [ RunTime:0.000552s ]
SQL: SHOW COLUMNS FROM `w_users` [ RunTime:0.0017s ]
SQL: SELECT * FROM `w_users` WHERE ( id=1 ) LIMIT 1   [ RunTime:0.0003s ]
SQL: SHOW COLUMNS FROM `w_members` [ RunTime:0.0024s ]
SQL: SELECT w_members.uid,`uname`,w_members.sex,w_members.birth,w_members.phone_num,`houseinfo`,`is_authen`,`pro_consultant`,`rg_time`,w_consultant.name as consname FROM `w_members` left JOIN w_consultant on w_consultant.uid=w_members.pro_consultant  ORDER BY is_authen desc LIMIT 0,20   [ RunTime:0.0005s ]
SQL: SELECT COUNT(*) AS tp_count FROM `w_members` LIMIT 1   [ RunTime:0.0002s ]
INFO: [ view_parse ] --START--
INFO: Run Behavior\ParseTemplateBehavior [ RunTime:0.011703s ]
INFO: [ view_parse ] --END-- [ RunTime:0.011743s ]
INFO: [ view_filter ] --START--
INFO: Run Behavior\WriteHtmlCacheBehavior [ RunTime:0.000154s ]
INFO: [ view_filter ] --END-- [ RunTime:0.000176s ]
INFO: [ app_end ] --START--
INFO: Run Behavior\ShowPageTraceBehavior [ RunTime:0.000858s ]
INFO: [ app_end ] --END-- [ RunTime:0.000907s ]

[ 2018-06-14T11:57:38+08:00 ] 127.0.0.1 /jianye_garden/Admin/Member/info.html?uid=00000004
INFO: [ app_init ] --START--
INFO: Run Behavior\BuildLiteBehavior [ RunTime:0.000011s ]
INFO: [ app_init ] --END-- [ RunTime:0.000333s ]
INFO: [ app_begin ] --START--
INFO: Run Behavior\ReadHtmlCacheBehavior [ RunTime:0.000361s ]
INFO: [ app_begin ] --END-- [ RunTime:0.000389s ]
SQL: SHOW COLUMNS FROM `w_users` [ RunTime:0.0037s ]
SQL: SELECT * FROM `w_users` WHERE ( id=1 ) LIMIT 1   [ RunTime:0.0004s ]
SQL: SHOW COLUMNS FROM `w_members` [ RunTime:0.0031s ]
SQL: SELECT w_members.*,w_trade.name as tradename FROM `w_members` left JOIN w_trade on w_trade.uid=w_members.trade  WHERE w_members.uid = '00000004' LIMIT 1   [ RunTime:0.0005s ]
SQL: SHOW COLUMNS FROM `w_family` [ RunTime:0.0018s ]
SQL: SELECT `uname`,`birth`,`hobby`,`phone_num`,w_relation.relation as relation,w_trade.name as tradename FROM `w_family` left JOIN w_members on w_members.uid=w_family.child_uid left JOIN w_trade on w_trade.uid=w_members.trade INNER JOIN w_relation on w_relation.uid=w_family.relation  WHERE `p_uid` = '00000004'  [ RunTime:0.0020s ]
SQL: SHOW COLUMNS FROM `w_consultant` [ RunTime:0.0024s ]
SQL: SELECT * FROM `w_consultant`  [ RunTime:0.0003s ]
INFO: [ view_parse ] --START--
NOTIC: [8192] The each() function is deprecated. This message will be suppressed on further calls /Applications/MAMP/htdocs/jianye_garden/ThinkPHP/Library/Vendor/Smarty/sysplugins/smarty_internal_compilebase.php 第 75 行.
INFO: Run Behavior\ParseTemplateBehavior [ RunTime:0.064157s ]
INFO: [ view_parse ] --END-- [ RunTime:0.064202s ]
INFO: [ view_filter ] --START--
INFO: Run Behavior\WriteHtmlCacheBehavior [ RunTime:0.000183s ]
INFO: [ view_filter ] --END-- [ RunTime:0.000210s ]
INFO: [ app_end ] --START--
INFO: Run Behavior\ShowPageTraceBehavior [ RunTime:0.000589s ]
INFO: [ app_end ] --END-- [ RunTime:0.000632s ]

[ 2018-06-14T12:00:27+08:00 ] 127.0.0.1 /jianye_garden/Admin/Member/info.html?uid=00000004
INFO: [ app_init ] --START--
INFO: Run Behavior\BuildLiteBehavior [ RunTime:0.000010s ]
INFO: [ app_init ] --END-- [ RunTime:0.000465s ]
INFO: [ app_begin ] --START--
INFO: Run Behavior\ReadHtmlCacheBehavior [ RunTime:0.000517s ]
INFO: [ app_begin ] --END-- [ RunTime:0.000543s ]
SQL: SHOW COLUMNS FROM `w_users` [ RunTime:0.0017s ]
SQL: SELECT * FROM `w_users` WHERE ( id=1 ) LIMIT 1   [ RunTime:0.0003s ]
SQL: SHOW COLUMNS FROM `w_members` [ RunTime:0.0022s ]
SQL: SELECT w_members.*,w_trade.name as tradename FROM `w_members` left JOIN w_trade on w_trade.uid=w_members.trade  WHERE w_members.uid = '00000004' LIMIT 1   [ RunTime:0.0003s ]
SQL: SHOW COLUMNS FROM `w_family` [ RunTime:0.0022s ]
SQL: SELECT `uname`,`birth`,`hobby`,`phone_num`,w_relation.relation as relation,w_trade.name as tradename FROM `w_family` left JOIN w_members on w_members.uid=w_family.child_uid left JOIN w_trade on w_trade.uid=w_members.trade INNER JOIN w_relation on w_relation.uid=w_family.relation  WHERE `p_uid` = '00000004'  [ RunTime:0.0005s ]
SQL: SHOW COLUMNS FROM `w_consultant` [ RunTime:0.0024s ]
SQL: SELECT * FROM `w_consultant`  [ RunTime:0.0003s ]
INFO: [ view_parse ] --START--
NOTIC: [8192] The each() function is deprecated. This message will be suppressed on further calls /Applications/MAMP/htdocs/jianye_garden/ThinkPHP/Library/Vendor/Smarty/sysplugins/smarty_internal_compilebase.php 第 75 行.
INFO: Run Behavior\ParseTemplateBehavior [ RunTime:0.072495s ]
INFO: [ view_parse ] --END-- [ RunTime:0.072534s ]
INFO: [ view_filter ] --START--
INFO: Run Behavior\WriteHtmlCacheBehavior [ RunTime:0.000349s ]
INFO: [ view_filter ] --END-- [ RunTime:0.000375s ]
INFO: [ app_end ] --START--
INFO: Run Behavior\ShowPageTraceBehavior [ RunTime:0.000772s ]
INFO: [ app_end ] --END-- [ RunTime:0.000811s ]

[ 2018-06-14T12:37:39+08:00 ] 127.0.0.1 /jianye_garden/Admin/Member/info.html?uid=00000004
INFO: [ app_init ] --START--
INFO: Run Behavior\BuildLiteBehavior [ RunTime:0.000017s ]
INFO: [ app_init ] --END-- [ RunTime:0.000749s ]
INFO: [ app_begin ] --START--
INFO: Run Behavior\ReadHtmlCacheBehavior [ RunTime:0.001029s ]
INFO: [ app_begin ] --END-- [ RunTime:0.001091s ]
SQL: SHOW COLUMNS FROM `w_users` [ RunTime:0.0034s ]
SQL: SELECT * FROM `w_users` WHERE ( id=1 ) LIMIT 1   [ RunTime:0.0004s ]
SQL: SHOW COLUMNS FROM `w_members` [ RunTime:0.0028s ]
SQL: SELECT w_members.*,w_trade.name as tradename FROM `w_members` left JOIN w_trade on w_trade.uid=w_members.trade  WHERE w_members.uid = '00000004' LIMIT 1   [ RunTime:0.0005s ]
SQL: SHOW COLUMNS FROM `w_family` [ RunTime:0.0020s ]
SQL: SELECT `uname`,`birth`,`hobby`,`phone_num`,w_relation.relation as relation,w_trade.name as tradename FROM `w_family` left JOIN w_members on w_members.uid=w_family.child_uid left JOIN w_trade on w_trade.uid=w_members.trade INNER JOIN w_relation on w_relation.uid=w_family.relation  WHERE `p_uid` = '00000004'  [ RunTime:0.0005s ]
SQL: SHOW COLUMNS FROM `w_consultant` [ RunTime:0.0017s ]
SQL: SELECT * FROM `w_consultant`  [ RunTime:0.0002s ]
INFO: [ view_parse ] --START--
INFO: Run Behavior\ParseTemplateBehavior [ RunTime:0.040328s ]
INFO: [ view_parse ] --END-- [ RunTime:0.040374s ]
INFO: [ view_filter ] --START--
INFO: Run Behavior\WriteHtmlCacheBehavior [ RunTime:0.000540s ]
INFO: [ view_filter ] --END-- [ RunTime:0.000601s ]
INFO: [ app_end ] --START--
INFO: Run Behavior\ShowPageTraceBehavior [ RunTime:0.001222s ]
INFO: [ app_end ] --END-- [ RunTime:0.001298s ]

[ 2018-06-14T12:38:13+08:00 ] 127.0.0.1 /jianye_garden/Admin/Member/info.html?uid=00000004
INFO: [ app_init ] --START--
INFO: Run Behavior\BuildLiteBehavior [ RunTime:0.000011s ]
INFO: [ app_init ] --END-- [ RunTime:0.000316s ]
INFO: [ app_begin ] --START--
INFO: Run Behavior\ReadHtmlCacheBehavior [ RunTime:0.000474s ]
INFO: [ app_begin ] --END-- [ RunTime:0.000512s ]
SQL: SHOW COLUMNS FROM `w_users` [ RunTime:0.0038s ]
SQL: SELECT * FROM `w_users` WHERE ( id=1 ) LIMIT 1   [ RunTime:0.0004s ]
SQL: SHOW COLUMNS FROM `w_members` [ RunTime:0.0025s ]
SQL: SELECT w_members.*,w_trade.name as tradename FROM `w_members` left JOIN w_trade on w_trade.uid=w_members.trade  WHERE w_members.uid = '00000004' LIMIT 1   [ RunTime:0.0004s ]
SQL: SHOW COLUMNS FROM `w_family` [ RunTime:0.0022s ]
SQL: SELECT `uname`,`birth`,`hobby`,`phone_num`,w_relation.relation as relation,w_trade.name as tradename FROM `w_family` left JOIN w_members on w_members.uid=w_family.child_uid left JOIN w_trade on w_trade.uid=w_members.trade INNER JOIN w_relation on w_relation.uid=w_family.relation  WHERE `p_uid` = '00000004'  [ RunTime:0.0005s ]
SQL: SHOW COLUMNS FROM `w_consultant` [ RunTime:0.0023s ]
SQL: SELECT * FROM `w_consultant`  [ RunTime:0.0004s ]
INFO: [ view_parse ] --START--
NOTIC: [8192] The each() function is deprecated. This message will be suppressed on further calls /Applications/MAMP/htdocs/jianye_garden/ThinkPHP/Library/Vendor/Smarty/sysplugins/smarty_internal_compilebase.php 第 75 行.
INFO: Run Behavior\ParseTemplateBehavior [ RunTime:0.076656s ]
INFO: [ view_parse ] --END-- [ RunTime:0.076699s ]
INFO: [ view_filter ] --START--
INFO: Run Behavior\WriteHtmlCacheBehavior [ RunTime:0.000140s ]
INFO: [ view_filter ] --END-- [ RunTime:0.000161s ]
INFO: [ app_end ] --START--
INFO: Run Behavior\ShowPageTraceBehavior [ RunTime:0.000534s ]
INFO: [ app_end ] --END-- [ RunTime:0.000573s ]

[ 2018-06-14T12:38:27+08:00 ] 127.0.0.1 /jianye_garden/Admin/Member/info.html?uid=00000004
INFO: [ app_init ] --START--
INFO: Run Behavior\BuildLiteBehavior [ RunTime:0.000011s ]
INFO: [ app_init ] --END-- [ RunTime:0.000305s ]
INFO: [ app_begin ] --START--
INFO: Run Behavior\ReadHtmlCacheBehavior [ RunTime:0.000421s ]
INFO: [ app_begin ] --END-- [ RunTime:0.000453s ]
SQL: SHOW COLUMNS FROM `w_users` [ RunTime:0.0037s ]
SQL: SELECT * FROM `w_users` WHERE ( id=1 ) LIMIT 1   [ RunTime:0.0003s ]
SQL: SHOW COLUMNS FROM `w_members` [ RunTime:0.0020s ]
SQL: SELECT w_members.*,w_trade.name as tradename FROM `w_members` left JOIN w_trade on w_trade.uid=w_members.trade  WHERE w_members.uid = '00000004' LIMIT 1   [ RunTime:0.0004s ]
SQL: SHOW COLUMNS FROM `w_family` [ RunTime:0.0020s ]
SQL: SELECT `uname`,`birth`,`hobby`,`phone_num`,w_relation.relation as relation,w_trade.name as tradename FROM `w_family` left JOIN w_members on w_members.uid=w_family.child_uid left JOIN w_trade on w_trade.uid=w_members.trade INNER JOIN w_relation on w_relation.uid=w_family.relation  WHERE `p_uid` = '00000004'  [ RunTime:0.0005s ]
SQL: SHOW COLUMNS FROM `w_consultant` [ RunTime:0.0028s ]
SQL: SELECT * FROM `w_consultant`  [ RunTime:0.0003s ]
INFO: [ view_parse ] --START--
NOTIC: [8192] The each() function is deprecated. This message will be suppressed on further calls /Applications/MAMP/htdocs/jianye_garden/ThinkPHP/Library/Vendor/Smarty/sysplugins/smarty_internal_compilebase.php 第 75 行.
INFO: Run Behavior\ParseTemplateBehavior [ RunTime:0.052510s ]
INFO: [ view_parse ] --END-- [ RunTime:0.052550s ]
INFO: [ view_filter ] --START--
INFO: Run Behavior\WriteHtmlCacheBehavior [ RunTime:0.000177s ]
INFO: [ view_filter ] --END-- [ RunTime:0.000199s ]
INFO: [ app_end ] --START--
INFO: Run Behavior\ShowPageTraceBehavior [ RunTime:0.001106s ]
INFO: [ app_end ] --END-- [ RunTime:0.001342s ]

[ 2018-06-14T12:39:27+08:00 ] 127.0.0.1 /jianye_garden/Admin/Member/info.html?uid=00000004
INFO: [ app_init ] --START--
INFO: Run Behavior\BuildLiteBehavior [ RunTime:0.000015s ]
INFO: [ app_init ] --END-- [ RunTime:0.000376s ]
INFO: [ app_begin ] --START--
INFO: Run Behavior\ReadHtmlCacheBehavior [ RunTime:0.000468s ]
INFO: [ app_begin ] --END-- [ RunTime:0.000507s ]
SQL: SHOW COLUMNS FROM `w_users` [ RunTime:0.0031s ]
SQL: SELECT * FROM `w_users` WHERE ( id=1 ) LIMIT 1   [ RunTime:0.0003s ]
SQL: SHOW COLUMNS FROM `w_members` [ RunTime:0.0025s ]
SQL: SELECT w_members.*,w_trade.name as tradename FROM `w_members` left JOIN w_trade on w_trade.uid=w_members.trade  WHERE w_members.uid = '00000004' LIMIT 1   [ RunTime:0.0006s ]
SQL: SHOW COLUMNS FROM `w_family` [ RunTime:0.0019s ]
SQL: SELECT `uname`,`birth`,`hobby`,`phone_num`,w_relation.relation as relation,w_trade.name as tradename FROM `w_family` left JOIN w_members on w_members.uid=w_family.child_uid left JOIN w_trade on w_trade.uid=w_members.trade INNER JOIN w_relation on w_relation.uid=w_family.relation  WHERE `p_uid` = '00000004'  [ RunTime:0.0004s ]
SQL: SHOW COLUMNS FROM `w_consultant` [ RunTime:0.0026s ]
SQL: SELECT * FROM `w_consultant`  [ RunTime:0.0003s ]
INFO: [ view_parse ] --START--
NOTIC: [8192] The each() function is deprecated. This message will be suppressed on further calls /Applications/MAMP/htdocs/jianye_garden/ThinkPHP/Library/Vendor/Smarty/sysplugins/smarty_internal_compilebase.php 第 75 行.
INFO: Run Behavior\ParseTemplateBehavior [ RunTime:0.058745s ]
INFO: [ view_parse ] --END-- [ RunTime:0.058820s ]
INFO: [ view_filter ] --START--
INFO: Run Behavior\WriteHtmlCacheBehavior [ RunTime:0.000147s ]
INFO: [ view_filter ] --END-- [ RunTime:0.000167s ]
INFO: [ app_end ] --START--
INFO: Run Behavior\ShowPageTraceBehavior [ RunTime:0.000766s ]
INFO: [ app_end ] --END-- [ RunTime:0.000805s ]

[ 2018-06-14T12:39:39+08:00 ] 127.0.0.1 /jianye_garden/Admin/Member/info.html?uid=00000004
INFO: [ app_init ] --START--
INFO: Run Behavior\BuildLiteBehavior [ RunTime:0.000009s ]
INFO: [ app_init ] --END-- [ RunTime:0.000255s ]
INFO: [ app_begin ] --START--
INFO: Run Behavior\ReadHtmlCacheBehavior [ RunTime:0.000347s ]
INFO: [ app_begin ] --END-- [ RunTime:0.000373s ]
SQL: SHOW COLUMNS FROM `w_users` [ RunTime:0.0038s ]
SQL: SELECT * FROM `w_users` WHERE ( id=1 ) LIMIT 1   [ RunTime:0.0003s ]
SQL: SHOW COLUMNS FROM `w_members` [ RunTime:0.0021s ]
SQL: SELECT w_members.*,w_trade.name as tradename FROM `w_members` left JOIN w_trade on w_trade.uid=w_members.trade  WHERE w_members.uid = '00000004' LIMIT 1   [ RunTime:0.0004s ]
SQL: SHOW COLUMNS FROM `w_family` [ RunTime:0.0016s ]
SQL: SELECT `uname`,`birth`,`hobby`,`phone_num`,w_relation.relation as relation,w_trade.name as tradename FROM `w_family` left JOIN w_members on w_members.uid=w_family.child_uid left JOIN w_trade on w_trade.uid=w_members.trade INNER JOIN w_relation on w_relation.uid=w_family.relation  WHERE `p_uid` = '00000004'  [ RunTime:0.0005s ]
SQL: SHOW COLUMNS FROM `w_consultant` [ RunTime:0.0024s ]
SQL: SELECT * FROM `w_consultant`  [ RunTime:0.0003s ]
INFO: [ view_parse ] --START--
NOTIC: [8192] The each() function is deprecated. This message will be suppressed on further calls /Applications/MAMP/htdocs/jianye_garden/ThinkPHP/Library/Vendor/Smarty/sysplugins/smarty_internal_compilebase.php 第 75 行.
INFO: Run Behavior\ParseTemplateBehavior [ RunTime:0.057837s ]
INFO: [ view_parse ] --END-- [ RunTime:0.057878s ]
INFO: [ view_filter ] --START--
INFO: Run Behavior\WriteHtmlCacheBehavior [ RunTime:0.000146s ]
INFO: [ view_filter ] --END-- [ RunTime:0.000166s ]
INFO: [ app_end ] --START--
INFO: Run Behavior\ShowPageTraceBehavior [ RunTime:0.000515s ]
INFO: [ app_end ] --END-- [ RunTime:0.000550s ]

[ 2018-06-14T12:49:36+08:00 ] 127.0.0.1 /jianye_garden/Admin/Member/info.html?uid=00000004
INFO: [ app_init ] --START--
INFO: Run Behavior\BuildLiteBehavior [ RunTime:0.000011s ]
INFO: [ app_init ] --END-- [ RunTime:0.000317s ]
INFO: [ app_begin ] --START--
INFO: Run Behavior\ReadHtmlCacheBehavior [ RunTime:0.000407s ]
INFO: [ app_begin ] --END-- [ RunTime:0.000436s ]
ERR: syntax error, unexpected '{', expecting '('

[ 2018-06-14T12:49:51+08:00 ] 127.0.0.1 /jianye_garden/Admin/Member/info.html?uid=00000004
INFO: [ app_init ] --START--
INFO: Run Behavior\BuildLiteBehavior [ RunTime:0.000010s ]
INFO: [ app_init ] --END-- [ RunTime:0.000285s ]
INFO: [ app_begin ] --START--
INFO: Run Behavior\ReadHtmlCacheBehavior [ RunTime:0.000370s ]
INFO: [ app_begin ] --END-- [ RunTime:0.000396s ]
SQL: SHOW COLUMNS FROM `w_users` [ RunTime:0.0032s ]
SQL: SELECT * FROM `w_users` WHERE ( id=1 ) LIMIT 1   [ RunTime:0.0003s ]
SQL: SHOW COLUMNS FROM `w_members` [ RunTime:0.0017s ]
SQL: SELECT w_members.*,w_trade.name as tradename FROM `w_members` left JOIN w_trade on w_trade.uid=w_members.trade  WHERE w_members.uid = '00000004' LIMIT 1   [ RunTime:0.0003s ]
SQL: SHOW COLUMNS FROM `w_family` [ RunTime:0.0025s ]
SQL: SELECT `uname`,`birth`,`hobby`,`phone_num`,w_relation.relation as relation,w_trade.name as tradename FROM `w_family` left JOIN w_members on w_members.uid=w_family.child_uid left JOIN w_trade on w_trade.uid=w_members.trade INNER JOIN w_relation on w_relation.uid=w_family.relation  WHERE `p_uid` = '00000004'  [ RunTime:0.0007s ]
SQL: SHOW COLUMNS FROM `w_consultant` [ RunTime:0.0025s ]
SQL: SELECT * FROM `w_consultant`  [ RunTime:0.0004s ]
INFO: [ view_parse ] --START--
NOTIC: [8192] The each() function is deprecated. This message will be suppressed on further calls /Applications/MAMP/htdocs/jianye_garden/ThinkPHP/Library/Vendor/Smarty/sysplugins/smarty_internal_compilebase.php 第 75 行.
INFO: Run Behavior\ParseTemplateBehavior [ RunTime:0.058163s ]
INFO: [ view_parse ] --END-- [ RunTime:0.058201s ]
INFO: [ view_filter ] --START--
INFO: Run Behavior\WriteHtmlCacheBehavior [ RunTime:0.000120s ]
INFO: [ view_filter ] --END-- [ RunTime:0.000139s ]
INFO: [ app_end ] --START--
INFO: Run Behavior\ShowPageTraceBehavior [ RunTime:0.000444s ]
INFO: [ app_end ] --END-- [ RunTime:0.000476s ]

[ 2018-06-14T12:49:56+08:00 ] 127.0.0.1 /jianye_garden/Admin/Member/cons_update
INFO: [ app_init ] --START--
INFO: Run Behavior\BuildLiteBehavior [ RunTime:0.000011s ]
INFO: [ app_init ] --END-- [ RunTime:0.000322s ]
INFO: [ app_begin ] --START--
INFO: Run Behavior\ReadHtmlCacheBehavior [ RunTime:0.000376s ]
INFO: [ app_begin ] --END-- [ RunTime:0.000420s ]
SQL: SHOW COLUMNS FROM `w_users` [ RunTime:0.0048s ]
SQL: SELECT * FROM `w_users` WHERE ( id=1 ) LIMIT 1   [ RunTime:0.0005s ]
SQL: SHOW COLUMNS FROM `w_members` [ RunTime:0.0040s ]
SQL: UPDATE `w_members` SET `pro_consultant`='00000004' WHERE `uid` = '00000004' [ RunTime:0.0019s ]
INFO: [ app_end ] --START--
INFO: Run Behavior\ShowPageTraceBehavior [ RunTime:0.000701s ]
INFO: [ app_end ] --END-- [ RunTime:0.000763s ]

[ 2018-06-14T12:49:57+08:00 ] 127.0.0.1 /jianye_garden/Admin/Member/info.html?uid=00000004
INFO: [ app_init ] --START--
INFO: Run Behavior\BuildLiteBehavior [ RunTime:0.000030s ]
INFO: [ app_init ] --END-- [ RunTime:0.000774s ]
INFO: [ app_begin ] --START--
INFO: Run Behavior\ReadHtmlCacheBehavior [ RunTime:0.000562s ]
INFO: [ app_begin ] --END-- [ RunTime:0.000604s ]
SQL: SHOW COLUMNS FROM `w_users` [ RunTime:0.0043s ]
SQL: SELECT * FROM `w_users` WHERE ( id=1 ) LIMIT 1   [ RunTime:0.0003s ]
SQL: SHOW COLUMNS FROM `w_members` [ RunTime:0.0020s ]
SQL: SELECT w_members.*,w_trade.name as tradename FROM `w_members` left JOIN w_trade on w_trade.uid=w_members.trade  WHERE w_members.uid = '00000004' LIMIT 1   [ RunTime:0.0005s ]
SQL: SHOW COLUMNS FROM `w_family` [ RunTime:0.0026s ]
SQL: SELECT `uname`,`birth`,`hobby`,`phone_num`,w_relation.relation as relation,w_trade.name as tradename FROM `w_family` left JOIN w_members on w_members.uid=w_family.child_uid left JOIN w_trade on w_trade.uid=w_members.trade INNER JOIN w_relation on w_relation.uid=w_family.relation  WHERE `p_uid` = '00000004'  [ RunTime:0.0010s ]
SQL: SHOW COLUMNS FROM `w_consultant` [ RunTime:0.0024s ]
SQL: SELECT * FROM `w_consultant`  [ RunTime:0.0003s ]
INFO: [ view_parse ] --START--
INFO: Run Behavior\ParseTemplateBehavior [ RunTime:0.008514s ]
INFO: [ view_parse ] --END-- [ RunTime:0.008610s ]
INFO: [ view_filter ] --START--
INFO: Run Behavior\WriteHtmlCacheBehavior [ RunTime:0.000161s ]
INFO: [ view_filter ] --END-- [ RunTime:0.000187s ]
INFO: [ app_end ] --START--
INFO: Run Behavior\ShowPageTraceBehavior [ RunTime:0.000426s ]
INFO: [ app_end ] --END-- [ RunTime:0.000450s ]

[ 2018-06-14T12:50:00+08:00 ] 127.0.0.1 /jianye_garden/Admin/Member/info.html?uid=00000004
INFO: [ app_init ] --START--
INFO: Run Behavior\BuildLiteBehavior [ RunTime:0.000009s ]
INFO: [ app_init ] --END-- [ RunTime:0.000254s ]
INFO: [ app_begin ] --START--
INFO: Run Behavior\ReadHtmlCacheBehavior [ RunTime:0.000336s ]
INFO: [ app_begin ] --END-- [ RunTime:0.000360s ]
SQL: SHOW COLUMNS FROM `w_users` [ RunTime:0.0027s ]
SQL: SELECT * FROM `w_users` WHERE ( id=1 ) LIMIT 1   [ RunTime:0.0003s ]
SQL: SHOW COLUMNS FROM `w_members` [ RunTime:0.0022s ]
SQL: SELECT w_members.*,w_trade.name as tradename FROM `w_members` left JOIN w_trade on w_trade.uid=w_members.trade  WHERE w_members.uid = '00000004' LIMIT 1   [ RunTime:0.0004s ]
SQL: SHOW COLUMNS FROM `w_family` [ RunTime:0.0016s ]
SQL: SELECT `uname`,`birth`,`hobby`,`phone_num`,w_relation.relation as relation,w_trade.name as tradename FROM `w_family` left JOIN w_members on w_members.uid=w_family.child_uid left JOIN w_trade on w_trade.uid=w_members.trade INNER JOIN w_relation on w_relation.uid=w_family.relation  WHERE `p_uid` = '00000004'  [ RunTime:0.0004s ]
SQL: SHOW COLUMNS FROM `w_consultant` [ RunTime:0.0019s ]
SQL: SELECT * FROM `w_consultant`  [ RunTime:0.0003s ]
INFO: [ view_parse ] --START--
INFO: Run Behavior\ParseTemplateBehavior [ RunTime:0.009204s ]
INFO: [ view_parse ] --END-- [ RunTime:0.009244s ]
INFO: [ view_filter ] --START--
INFO: Run Behavior\WriteHtmlCacheBehavior [ RunTime:0.000126s ]
INFO: [ view_filter ] --END-- [ RunTime:0.000146s ]
INFO: [ app_end ] --START--
INFO: Run Behavior\ShowPageTraceBehavior [ RunTime:0.000465s ]
INFO: [ app_end ] --END-- [ RunTime:0.000514s ]

[ 2018-06-14T12:50:06+08:00 ] 127.0.0.1 /jianye_garden/Admin/Member/cons_update
INFO: [ app_init ] --START--
INFO: Run Behavior\BuildLiteBehavior [ RunTime:0.000010s ]
INFO: [ app_init ] --END-- [ RunTime:0.000260s ]
INFO: [ app_begin ] --START--
INFO: Run Behavior\ReadHtmlCacheBehavior [ RunTime:0.000473s ]
INFO: [ app_begin ] --END-- [ RunTime:0.000579s ]
SQL: SHOW COLUMNS FROM `w_users` [ RunTime:0.0040s ]
SQL: SELECT * FROM `w_users` WHERE ( id=1 ) LIMIT 1   [ RunTime:0.0008s ]
SQL: SHOW COLUMNS FROM `w_members` [ RunTime:0.0026s ]
SQL: UPDATE `w_members` SET `pro_consultant`='00000003' WHERE `uid` = '00000004' [ RunTime:0.0016s ]
INFO: [ app_end ] --START--
INFO: Run Behavior\ShowPageTraceBehavior [ RunTime:0.000525s ]
INFO: [ app_end ] --END-- [ RunTime:0.000576s ]

[ 2018-06-14T12:50:08+08:00 ] 127.0.0.1 /jianye_garden/Admin/Member/info.html?uid=00000004
INFO: [ app_init ] --START--
INFO: Run Behavior\BuildLiteBehavior [ RunTime:0.000009s ]
INFO: [ app_init ] --END-- [ RunTime:0.000253s ]
INFO: [ app_begin ] --START--
INFO: Run Behavior\ReadHtmlCacheBehavior [ RunTime:0.000323s ]
INFO: [ app_begin ] --END-- [ RunTime:0.000347s ]
SQL: SHOW COLUMNS FROM `w_users` [ RunTime:0.0022s ]
SQL: SELECT * FROM `w_users` WHERE ( id=1 ) LIMIT 1   [ RunTime:0.0003s ]
SQL: SHOW COLUMNS FROM `w_members` [ RunTime:0.0019s ]
SQL: SELECT w_members.*,w_trade.name as tradename FROM `w_members` left JOIN w_trade on w_trade.uid=w_members.trade  WHERE w_members.uid = '00000004' LIMIT 1   [ RunTime:0.0003s ]
SQL: SHOW COLUMNS FROM `w_family` [ RunTime:0.0015s ]
SQL: SELECT `uname`,`birth`,`hobby`,`phone_num`,w_relation.relation as relation,w_trade.name as tradename FROM `w_family` left JOIN w_members on w_members.uid=w_family.child_uid left JOIN w_trade on w_trade.uid=w_members.trade INNER JOIN w_relation on w_relation.uid=w_family.relation  WHERE `p_uid` = '00000004'  [ RunTime:0.0004s ]
SQL: SHOW COLUMNS FROM `w_consultant` [ RunTime:0.0021s ]
SQL: SELECT * FROM `w_consultant`  [ RunTime:0.0002s ]
INFO: [ view_parse ] --START--
INFO: Run Behavior\ParseTemplateBehavior [ RunTime:0.009879s ]
INFO: [ view_parse ] --END-- [ RunTime:0.009916s ]
INFO: [ view_filter ] --START--
INFO: Run Behavior\WriteHtmlCacheBehavior [ RunTime:0.000120s ]
INFO: [ view_filter ] --END-- [ RunTime:0.000139s ]
INFO: [ app_end ] --START--
INFO: Run Behavior\ShowPageTraceBehavior [ RunTime:0.000508s ]
INFO: [ app_end ] --END-- [ RunTime:0.000555s ]

[ 2018-06-14T12:50:10+08:00 ] 127.0.0.1 /jianye_garden/Admin/Consultant/index.html
INFO: [ app_init ] --START--
INFO: Run Behavior\BuildLiteBehavior [ RunTime:0.000009s ]
INFO: [ app_init ] --END-- [ RunTime:0.000276s ]
INFO: [ app_begin ] --START--
INFO: Run Behavior\ReadHtmlCacheBehavior [ RunTime:0.000392s ]
INFO: [ app_begin ] --END-- [ RunTime:0.000424s ]
NOTIC: [2] Declaration of Admin\Controller\ConsultantController::uploadImg() should be compatible with Admin\Controller\BaseController::uploadImg($path = 'thumbnail') /Applications/MAMP/htdocs/jianye_garden/app/Admin/Controller/ConsultantController.class.php 第 4 行.
SQL: SHOW COLUMNS FROM `w_users` [ RunTime:0.0023s ]
SQL: SELECT * FROM `w_users` WHERE ( id=1 ) LIMIT 1   [ RunTime:0.0003s ]
SQL: SHOW COLUMNS FROM `w_consultant` [ RunTime:0.0017s ]
SQL: SELECT `uid`,`name`,`sex`,`phone_num`,`birth`,`atime` FROM `w_consultant`  [ RunTime:0.0003s ]
INFO: [ view_parse ] --START--
INFO: Run Behavior\ParseTemplateBehavior [ RunTime:0.010384s ]
INFO: [ view_parse ] --END-- [ RunTime:0.010421s ]
INFO: [ view_filter ] --START--
INFO: Run Behavior\WriteHtmlCacheBehavior [ RunTime:0.000117s ]
INFO: [ view_filter ] --END-- [ RunTime:0.000137s ]
INFO: [ app_end ] --START--
INFO: Run Behavior\ShowPageTraceBehavior [ RunTime:0.000585s ]
INFO: [ app_end ] --END-- [ RunTime:0.000642s ]

[ 2018-06-14T12:50:13+08:00 ] 127.0.0.1 /jianye_garden/Admin/Consultant/cnew.html?uid=00000005
INFO: [ app_init ] --START--
INFO: Run Behavior\BuildLiteBehavior [ RunTime:0.000009s ]
INFO: [ app_init ] --END-- [ RunTime:0.000267s ]
INFO: [ app_begin ] --START--
INFO: Run Behavior\ReadHtmlCacheBehavior [ RunTime:0.000350s ]
INFO: [ app_begin ] --END-- [ RunTime:0.000377s ]
NOTIC: [2] Declaration of Admin\Controller\ConsultantController::uploadImg() should be compatible with Admin\Controller\BaseController::uploadImg($path = 'thumbnail') /Applications/MAMP/htdocs/jianye_garden/app/Admin/Controller/ConsultantController.class.php 第 4 行.
SQL: SHOW COLUMNS FROM `w_users` [ RunTime:0.0038s ]
SQL: SELECT * FROM `w_users` WHERE ( id=1 ) LIMIT 1   [ RunTime:0.0003s ]
SQL: SHOW COLUMNS FROM `w_consultant` [ RunTime:0.0020s ]
SQL: SELECT * FROM `w_consultant` WHERE `uid` = 5 LIMIT 1   [ RunTime:0.0003s ]
SQL: SHOW COLUMNS FROM `w_cons_comment` [ RunTime:0.0018s ]
SQL: SELECT * FROM `w_cons_comment` WHERE `cons_uid` = '00000005' LIMIT 0,20   [ RunTime:0.0003s ]
SQL: SELECT COUNT(*) AS tp_count FROM `w_cons_comment` WHERE `cons_uid` = '00000005' LIMIT 1   [ RunTime:0.0002s ]
INFO: [ view_parse ] --START--
INFO: Run Behavior\ParseTemplateBehavior [ RunTime:0.008508s ]
INFO: [ view_parse ] --END-- [ RunTime:0.008556s ]
INFO: [ view_filter ] --START--
INFO: Run Behavior\WriteHtmlCacheBehavior [ RunTime:0.000122s ]
INFO: [ view_filter ] --END-- [ RunTime:0.000142s ]
INFO: [ app_end ] --START--
INFO: Run Behavior\ShowPageTraceBehavior [ RunTime:0.000507s ]
INFO: [ app_end ] --END-- [ RunTime:0.000541s ]

[ 2018-06-14T12:50:21+08:00 ] 127.0.0.1 /jianye_garden/Admin/Consultant/cnew.html?uid=00000005
INFO: [ app_init ] --START--
INFO: Run Behavior\BuildLiteBehavior [ RunTime:0.000009s ]
INFO: [ app_init ] --END-- [ RunTime:0.000243s ]
INFO: [ app_begin ] --START--
INFO: Run Behavior\ReadHtmlCacheBehavior [ RunTime:0.000323s ]
INFO: [ app_begin ] --END-- [ RunTime:0.000347s ]
NOTIC: [2] Declaration of Admin\Controller\ConsultantController::uploadImg() should be compatible with Admin\Controller\BaseController::uploadImg($path = 'thumbnail') /Applications/MAMP/htdocs/jianye_garden/app/Admin/Controller/ConsultantController.class.php 第 4 行.
SQL: SHOW COLUMNS FROM `w_users` [ RunTime:0.0018s ]
SQL: SELECT * FROM `w_users` WHERE ( id=1 ) LIMIT 1   [ RunTime:0.0003s ]
SQL: SHOW COLUMNS FROM `w_consultant` [ RunTime:0.0021s ]
SQL: UPDATE `w_consultant` SET `name`='shaiz',`sex`='2',`headimg`='',`birth`='655660800',`deal`='8',`fans`='20',`degree`='5',`phone_num`='17603879576' WHERE `uid` = 5 [ RunTime:0.0017s ]
INFO: [ app_end ] --START--
INFO: Run Behavior\ShowPageTraceBehavior [ RunTime:0.000611s ]
INFO: [ app_end ] --END-- [ RunTime:0.000659s ]

[ 2018-06-14T12:50:22+08:00 ] 127.0.0.1 /jianye_garden/Admin/Consultant/cnew.html?uid=00000005
INFO: [ app_init ] --START--
INFO: Run Behavior\BuildLiteBehavior [ RunTime:0.000018s ]
INFO: [ app_init ] --END-- [ RunTime:0.000467s ]
INFO: [ app_begin ] --START--
INFO: Run Behavior\ReadHtmlCacheBehavior [ RunTime:0.000520s ]
INFO: [ app_begin ] --END-- [ RunTime:0.000565s ]
NOTIC: [2] Declaration of Admin\Controller\ConsultantController::uploadImg() should be compatible with Admin\Controller\BaseController::uploadImg($path = 'thumbnail') /Applications/MAMP/htdocs/jianye_garden/app/Admin/Controller/ConsultantController.class.php 第 4 行.
SQL: SHOW COLUMNS FROM `w_users` [ RunTime:0.0032s ]
SQL: SELECT * FROM `w_users` WHERE ( id=1 ) LIMIT 1   [ RunTime:0.0003s ]
SQL: SHOW COLUMNS FROM `w_consultant` [ RunTime:0.0023s ]
SQL: SELECT * FROM `w_consultant` WHERE `uid` = 5 LIMIT 1   [ RunTime:0.0006s ]
SQL: SHOW COLUMNS FROM `w_cons_comment` [ RunTime:0.0030s ]
SQL: SELECT * FROM `w_cons_comment` WHERE `cons_uid` = '00000005' LIMIT 0,20   [ RunTime:0.0004s ]
SQL: SELECT COUNT(*) AS tp_count FROM `w_cons_comment` WHERE `cons_uid` = '00000005' LIMIT 1   [ RunTime:0.0002s ]
INFO: [ view_parse ] --START--
INFO: Run Behavior\ParseTemplateBehavior [ RunTime:0.008215s ]
INFO: [ view_parse ] --END-- [ RunTime:0.008253s ]
INFO: [ view_filter ] --START--
INFO: Run Behavior\WriteHtmlCacheBehavior [ RunTime:0.000121s ]
INFO: [ view_filter ] --END-- [ RunTime:0.000140s ]
INFO: [ app_end ] --START--
INFO: Run Behavior\ShowPageTraceBehavior [ RunTime:0.000601s ]
INFO: [ app_end ] --END-- [ RunTime:0.000663s ]

[ 2018-06-14T12:50:25+08:00 ] 127.0.0.1 /jianye_garden/Admin/Member/index.html
INFO: [ app_init ] --START--
INFO: Run Behavior\BuildLiteBehavior [ RunTime:0.000009s ]
INFO: [ app_init ] --END-- [ RunTime:0.000249s ]
INFO: [ app_begin ] --START--
INFO: Run Behavior\ReadHtmlCacheBehavior [ RunTime:0.000330s ]
INFO: [ app_begin ] --END-- [ RunTime:0.000353s ]
SQL: SHOW COLUMNS FROM `w_users` [ RunTime:0.0034s ]
SQL: SELECT * FROM `w_users` WHERE ( id=1 ) LIMIT 1   [ RunTime:0.0003s ]
SQL: SHOW COLUMNS FROM `w_members` [ RunTime:0.0025s ]
SQL: SELECT w_members.uid,`uname`,w_members.sex,w_members.birth,w_members.phone_num,`houseinfo`,`is_authen`,`pro_consultant`,`rg_time`,w_consultant.name as consname FROM `w_members` left JOIN w_consultant on w_consultant.uid=w_members.pro_consultant  ORDER BY is_authen desc LIMIT 0,20   [ RunTime:0.0005s ]
SQL: SELECT COUNT(*) AS tp_count FROM `w_members` LIMIT 1   [ RunTime:0.0002s ]
INFO: [ view_parse ] --START--
INFO: Run Behavior\ParseTemplateBehavior [ RunTime:0.009706s ]
INFO: [ view_parse ] --END-- [ RunTime:0.009744s ]
INFO: [ view_filter ] --START--
INFO: Run Behavior\WriteHtmlCacheBehavior [ RunTime:0.000117s ]
INFO: [ view_filter ] --END-- [ RunTime:0.000137s ]
INFO: [ app_end ] --START--
INFO: Run Behavior\ShowPageTraceBehavior [ RunTime:0.000537s ]
INFO: [ app_end ] --END-- [ RunTime:0.000573s ]

[ 2018-06-14T12:50:26+08:00 ] 127.0.0.1 /jianye_garden/Admin/Member/info.html?uid=00000025
INFO: [ app_init ] --START--
INFO: Run Behavior\BuildLiteBehavior [ RunTime:0.000009s ]
INFO: [ app_init ] --END-- [ RunTime:0.000240s ]
INFO: [ app_begin ] --START--
INFO: Run Behavior\ReadHtmlCacheBehavior [ RunTime:0.000345s ]
INFO: [ app_begin ] --END-- [ RunTime:0.000375s ]
SQL: SHOW COLUMNS FROM `w_users` [ RunTime:0.0036s ]
SQL: SELECT * FROM `w_users` WHERE ( id=1 ) LIMIT 1   [ RunTime:0.0003s ]
SQL: SHOW COLUMNS FROM `w_members` [ RunTime:0.0026s ]
SQL: SELECT w_members.*,w_trade.name as tradename FROM `w_members` left JOIN w_trade on w_trade.uid=w_members.trade  WHERE w_members.uid = '00000025' LIMIT 1   [ RunTime:0.0005s ]
SQL: SHOW COLUMNS FROM `w_family` [ RunTime:0.0025s ]
SQL: SELECT `uname`,`birth`,`hobby`,`phone_num`,w_relation.relation as relation,w_trade.name as tradename FROM `w_family` left JOIN w_members on w_members.uid=w_family.child_uid left JOIN w_trade on w_trade.uid=w_members.trade INNER JOIN w_relation on w_relation.uid=w_family.relation  WHERE `p_uid` = '00000025'  [ RunTime:0.0003s ]
SQL: SHOW COLUMNS FROM `w_consultant` [ RunTime:0.0018s ]
SQL: SELECT * FROM `w_consultant`  [ RunTime:0.0002s ]
INFO: [ view_parse ] --START--
INFO: Run Behavior\ParseTemplateBehavior [ RunTime:0.008368s ]
INFO: [ view_parse ] --END-- [ RunTime:0.008399s ]
INFO: [ view_filter ] --START--
INFO: Run Behavior\WriteHtmlCacheBehavior [ RunTime:0.000108s ]
INFO: [ view_filter ] --END-- [ RunTime:0.000127s ]
INFO: [ app_end ] --START--
INFO: Run Behavior\ShowPageTraceBehavior [ RunTime:0.000552s ]
INFO: [ app_end ] --END-- [ RunTime:0.000809s ]

[ 2018-06-14T12:50:32+08:00 ] 127.0.0.1 /jianye_garden/Admin/Member/cons_update
INFO: [ app_init ] --START--
INFO: Run Behavior\BuildLiteBehavior [ RunTime:0.000014s ]
INFO: [ app_init ] --END-- [ RunTime:0.000380s ]
INFO: [ app_begin ] --START--
INFO: Run Behavior\ReadHtmlCacheBehavior [ RunTime:0.000616s ]
INFO: [ app_begin ] --END-- [ RunTime:0.000671s ]
SQL: SHOW COLUMNS FROM `w_users` [ RunTime:0.0036s ]
SQL: SELECT * FROM `w_users` WHERE ( id=1 ) LIMIT 1   [ RunTime:0.0009s ]
SQL: SHOW COLUMNS FROM `w_members` [ RunTime:0.0066s ]
SQL: UPDATE `w_members` SET `pro_consultant`='00000005' WHERE `uid` = '00000025' [ RunTime:0.0012s ]
INFO: [ app_end ] --START--
INFO: Run Behavior\ShowPageTraceBehavior [ RunTime:0.001134s ]
INFO: [ app_end ] --END-- [ RunTime:0.001200s ]

[ 2018-06-14T12:50:34+08:00 ] 127.0.0.1 /jianye_garden/Admin/Member/info.html?uid=00000025
INFO: [ app_init ] --START--
INFO: Run Behavior\BuildLiteBehavior [ RunTime:0.000010s ]
INFO: [ app_init ] --END-- [ RunTime:0.000265s ]
INFO: [ app_begin ] --START--
INFO: Run Behavior\ReadHtmlCacheBehavior [ RunTime:0.000531s ]
INFO: [ app_begin ] --END-- [ RunTime:0.000587s ]
SQL: SHOW COLUMNS FROM `w_users` [ RunTime:0.0021s ]
SQL: SELECT * FROM `w_users` WHERE ( id=1 ) LIMIT 1   [ RunTime:0.0003s ]
SQL: SHOW COLUMNS FROM `w_members` [ RunTime:0.0023s ]
SQL: SELECT w_members.*,w_trade.name as tradename FROM `w_members` left JOIN w_trade on w_trade.uid=w_members.trade  WHERE w_members.uid = '00000025' LIMIT 1   [ RunTime:0.0004s ]
SQL: SHOW COLUMNS FROM `w_family` [ RunTime:0.0029s ]
SQL: SELECT `uname`,`birth`,`hobby`,`phone_num`,w_relation.relation as relation,w_trade.name as tradename FROM `w_family` left JOIN w_members on w_members.uid=w_family.child_uid left JOIN w_trade on w_trade.uid=w_members.trade INNER JOIN w_relation on w_relation.uid=w_family.relation  WHERE `p_uid` = '00000025'  [ RunTime:0.0005s ]
SQL: SHOW COLUMNS FROM `w_consultant` [ RunTime:0.0025s ]
SQL: SELECT * FROM `w_consultant`  [ RunTime:0.0003s ]
INFO: [ view_parse ] --START--
INFO: Run Behavior\ParseTemplateBehavior [ RunTime:0.013766s ]
INFO: [ view_parse ] --END-- [ RunTime:0.013813s ]
INFO: [ view_filter ] --START--
INFO: Run Behavior\WriteHtmlCacheBehavior [ RunTime:0.000165s ]
INFO: [ view_filter ] --END-- [ RunTime:0.000191s ]
INFO: [ app_end ] --START--
INFO: Run Behavior\ShowPageTraceBehavior [ RunTime:0.000513s ]
INFO: [ app_end ] --END-- [ RunTime:0.000783s ]

