[ 2018-04-12T10:51:23+08:00 ] 127.0.0.1 /jianye_garden/admin
INFO: [ app_init ] --START--
INFO: Run Behavior\BuildLiteBehavior [ RunTime:0.000010s ]
INFO: [ app_init ] --END-- [ RunTime:0.000327s ]
INFO: [ app_begin ] --START--
INFO: Run Behavior\ReadHtmlCacheBehavior [ RunTime:0.000476s ]
INFO: [ app_begin ] --END-- [ RunTime:0.000519s ]

[ 2018-04-12T10:51:24+08:00 ] 127.0.0.1 /jianye_garden/admin/index/login.html
INFO: [ app_init ] --START--
INFO: Run Behavior\BuildLiteBehavior [ RunTime:0.000010s ]
INFO: [ app_init ] --END-- [ RunTime:0.000279s ]
INFO: [ app_begin ] --START--
INFO: Run Behavior\ReadHtmlCacheBehavior [ RunTime:0.000335s ]
INFO: [ app_begin ] --END-- [ RunTime:0.000362s ]
INFO: [ view_parse ] --START--
INFO: Run Behavior\ParseTemplateBehavior [ RunTime:0.015976s ]
INFO: [ view_parse ] --END-- [ RunTime:0.016029s ]
INFO: [ view_filter ] --START--
INFO: Run Behavior\WriteHtmlCacheBehavior [ RunTime:0.000446s ]
INFO: [ view_filter ] --END-- [ RunTime:0.000485s ]
INFO: [ app_end ] --START--
INFO: Run Behavior\ShowPageTraceBehavior [ RunTime:0.000810s ]
INFO: [ app_end ] --END-- [ RunTime:0.000850s ]

[ 2018-04-12T10:51:25+08:00 ] 127.0.0.1 /jianye_garden/admin/index/login_submit
INFO: [ app_init ] --START--
INFO: Run Behavior\BuildLiteBehavior [ RunTime:0.000010s ]
INFO: [ app_init ] --END-- [ RunTime:0.000338s ]
INFO: [ app_begin ] --START--
INFO: Run Behavior\ReadHtmlCacheBehavior [ RunTime:0.000339s ]
INFO: [ app_begin ] --END-- [ RunTime:0.000362s ]
SQL: SHOW COLUMNS FROM `w_users` [ RunTime:0.0067s ]
SQL: SELECT * FROM `w_users` WHERE ( user_login="admin" ) LIMIT 1   [ RunTime:0.0004s ]
NOTIC: [2] ini_set(): A session is active. You cannot change the session module's ini settings at this time /Applications/MAMP/htdocs/jianye_garden/ThinkPHP/Common/functions.php 第 1242 行.
NOTIC: [2] ini_set(): A session is active. You cannot change the session module's ini settings at this time /Applications/MAMP/htdocs/jianye_garden/ThinkPHP/Common/functions.php 第 1243 行.
NOTIC: [8] session_start(): A session had already been started - ignoring /Applications/MAMP/htdocs/jianye_garden/ThinkPHP/Common/functions.php 第 1263 行.
SQL: SHOW COLUMNS FROM `w_logs` [ RunTime:0.0061s ]
NOTIC: [8] Undefined index: validate /Applications/MAMP/htdocs/jianye_garden/ThinkPHP/Library/Think/Model.class.php 第 1185 行.
NOTIC: [8] Undefined index: auto /Applications/MAMP/htdocs/jianye_garden/ThinkPHP/Library/Think/Model.class.php 第 1128 行.
SQL: INSERT INTO `w_logs` (`user_id`,`login_time`,`login_ip`,`login_referer`) VALUES ('1','1523501485','127.0.0.1','http://127.0.0.1/jianye_garden/admin/index/login.html') [ RunTime:0.0009s ]
INFO: [ app_end ] --START--
INFO: Run Behavior\ShowPageTraceBehavior [ RunTime:0.000657s ]
INFO: [ app_end ] --END-- [ RunTime:0.000697s ]

[ 2018-04-12T10:51:25+08:00 ] 127.0.0.1 /jianye_garden/admin
INFO: [ app_init ] --START--
INFO: Run Behavior\BuildLiteBehavior [ RunTime:0.000008s ]
INFO: [ app_init ] --END-- [ RunTime:0.000237s ]
INFO: [ app_begin ] --START--
INFO: Run Behavior\ReadHtmlCacheBehavior [ RunTime:0.000371s ]
INFO: [ app_begin ] --END-- [ RunTime:0.000398s ]
SQL: SHOW COLUMNS FROM `w_users` [ RunTime:0.0023s ]
SQL: SELECT * FROM `w_users` WHERE ( id=1 ) LIMIT 1   [ RunTime:0.0004s ]
SQL: SHOW COLUMNS FROM `w_pages` [ RunTime:0.0056s ]
SQL: SELECT `user_nickname`,`page_id`,`page_title`,`page_time` FROM `w_pages` INNER JOIN w_users on w_users.ID=w_pages.page_author  WHERE `page_status` = 'open' AND `w_user_level` <= '10' ORDER BY page_time desc LIMIT 0,5   [ RunTime:0.0006s ]
SQL: SELECT COUNT(*) AS tp_count FROM `w_pages` WHERE `page_status` = 'open' LIMIT 1   [ RunTime:0.0003s ]
SQL: SHOW COLUMNS FROM `w_post` [ RunTime:0.0063s ]
SQL: SELECT w_post.ID as id,`post_date`,`post_title`,`user_nickname`,`post_status` FROM `w_post` INNER JOIN w_users on w_users.ID=w_post.post_author  WHERE `post_type_delete` = 'open' AND `post_status` = 'publish' AND `post_author` <= '1' ORDER BY post_date desc LIMIT 0,5   [ RunTime:0.0004s ]
SQL: SELECT COUNT(*) AS tp_count FROM `w_post` INNER JOIN w_users on w_users.ID=w_post.post_author  WHERE `post_type_delete` = 'open' AND `post_status` = 'publish' AND `post_author` <= '1' LIMIT 1   [ RunTime:0.0003s ]
SQL: SHOW COLUMNS FROM `w_logs` [ RunTime:0.0019s ]
SQL: SELECT w_logs.*,user_nickname as name FROM `w_logs` LEFT JOIN w_users on w_users.ID=w_logs.user_id  ORDER BY login_time desc LIMIT 0,5   [ RunTime:0.0007s ]
SQL: SELECT COUNT(*) AS tp_count FROM `w_logs` LIMIT 1   [ RunTime:0.0002s ]
INFO: [ view_parse ] --START--
INFO: Run Behavior\ParseTemplateBehavior [ RunTime:0.011842s ]
INFO: [ view_parse ] --END-- [ RunTime:0.011884s ]
INFO: [ view_filter ] --START--
INFO: Run Behavior\WriteHtmlCacheBehavior [ RunTime:0.000221s ]
INFO: [ view_filter ] --END-- [ RunTime:0.000253s ]
INFO: [ app_end ] --START--
INFO: Run Behavior\ShowPageTraceBehavior [ RunTime:0.000732s ]
INFO: [ app_end ] --END-- [ RunTime:0.000782s ]

[ 2018-04-12T10:51:31+08:00 ] 127.0.0.1 /jianye_garden/Admin/Member/h_list.html
INFO: [ app_init ] --START--
INFO: Run Behavior\BuildLiteBehavior [ RunTime:0.000009s ]
INFO: [ app_init ] --END-- [ RunTime:0.000246s ]
INFO: [ app_begin ] --START--
INFO: Run Behavior\ReadHtmlCacheBehavior [ RunTime:0.000454s ]
INFO: [ app_begin ] --END-- [ RunTime:0.000487s ]
SQL: SHOW COLUMNS FROM `w_users` [ RunTime:0.0017s ]
SQL: SELECT * FROM `w_users` WHERE ( id=1 ) LIMIT 1   [ RunTime:0.0003s ]
SQL: SHOW COLUMNS FROM `w_members` [ RunTime:0.0021s ]
SQL: SHOW COLUMNS FROM `w_autheninfo` [ RunTime:0.0048s ]
SQL: SELECT w_autheninfo.*,w_consultant.name as cons_name FROM `w_autheninfo` INNER JOIN w_consultant on w_consultant.uid=w_autheninfo.consultant  ORDER BY atime desc LIMIT 0,20   [ RunTime:0.0046s ]
SQL: SELECT COUNT(*) AS tp_count FROM `w_autheninfo` LIMIT 1   [ RunTime:0.0004s ]
INFO: [ view_parse ] --START--
INFO: Run Behavior\ParseTemplateBehavior [ RunTime:0.013634s ]
INFO: [ view_parse ] --END-- [ RunTime:0.013680s ]
INFO: [ view_filter ] --START--
INFO: Run Behavior\WriteHtmlCacheBehavior [ RunTime:0.000179s ]
INFO: [ view_filter ] --END-- [ RunTime:0.000208s ]
INFO: [ app_end ] --START--
INFO: Run Behavior\ShowPageTraceBehavior [ RunTime:0.000598s ]
INFO: [ app_end ] --END-- [ RunTime:0.000666s ]

[ 2018-04-12T10:51:37+08:00 ] 127.0.0.1 /jianye_garden/Admin/Member/index.html
INFO: [ app_init ] --START--
INFO: Run Behavior\BuildLiteBehavior [ RunTime:0.000010s ]
INFO: [ app_init ] --END-- [ RunTime:0.000282s ]
INFO: [ app_begin ] --START--
INFO: Run Behavior\ReadHtmlCacheBehavior [ RunTime:0.000381s ]
INFO: [ app_begin ] --END-- [ RunTime:0.000408s ]
SQL: SHOW COLUMNS FROM `w_users` [ RunTime:0.0032s ]
SQL: SELECT * FROM `w_users` WHERE ( id=1 ) LIMIT 1   [ RunTime:0.0003s ]
SQL: SHOW COLUMNS FROM `w_members` [ RunTime:0.0018s ]
SQL: SELECT w_members.uid,`uname`,w_members.sex,w_members.birth,w_members.phone_num,`houseinfo`,`is_authen`,`pro_consultant`,`rg_time`,w_consultant.name as consname FROM `w_members` left JOIN w_consultant on w_consultant.uid=w_members.pro_consultant  ORDER BY is_authen desc LIMIT 0,20   [ RunTime:0.0005s ]
SQL: SELECT COUNT(*) AS tp_count FROM `w_members` LIMIT 1   [ RunTime:0.0002s ]
INFO: [ view_parse ] --START--
NOTIC: [8192] The each() function is deprecated. This message will be suppressed on further calls /Applications/MAMP/htdocs/jianye_garden/ThinkPHP/Library/Vendor/Smarty/sysplugins/smarty_internal_compilebase.php 第 75 行.
INFO: Run Behavior\ParseTemplateBehavior [ RunTime:0.063075s ]
INFO: [ view_parse ] --END-- [ RunTime:0.063112s ]
INFO: [ view_filter ] --START--
INFO: Run Behavior\WriteHtmlCacheBehavior [ RunTime:0.000148s ]
INFO: [ view_filter ] --END-- [ RunTime:0.000172s ]
INFO: [ app_end ] --START--
INFO: Run Behavior\ShowPageTraceBehavior [ RunTime:0.000498s ]
INFO: [ app_end ] --END-- [ RunTime:0.000536s ]

[ 2018-04-12T10:51:39+08:00 ] 127.0.0.1 /jianye_garden/Admin/Member/h_new.html
INFO: [ app_init ] --START--
INFO: Run Behavior\BuildLiteBehavior [ RunTime:0.000011s ]
INFO: [ app_init ] --END-- [ RunTime:0.000326s ]
INFO: [ app_begin ] --START--
INFO: Run Behavior\ReadHtmlCacheBehavior [ RunTime:0.000441s ]
INFO: [ app_begin ] --END-- [ RunTime:0.000520s ]
SQL: SHOW COLUMNS FROM `w_users` [ RunTime:0.0031s ]
SQL: SELECT * FROM `w_users` WHERE ( id=1 ) LIMIT 1   [ RunTime:0.0003s ]
SQL: SHOW COLUMNS FROM `w_members` [ RunTime:0.0019s ]
SQL: SHOW COLUMNS FROM `w_autheninfo` [ RunTime:0.0017s ]
SQL: SELECT * FROM `w_autheninfo` WHERE `uid` = 0 LIMIT 1   [ RunTime:0.0003s ]
SQL: SHOW COLUMNS FROM `w_consultant` [ RunTime:0.0029s ]
SQL: SELECT `uid`,`name` FROM `w_consultant`  [ RunTime:0.0002s ]
INFO: [ view_parse ] --START--
INFO: Run Behavior\ParseTemplateBehavior [ RunTime:0.009528s ]
INFO: [ view_parse ] --END-- [ RunTime:0.009572s ]
INFO: [ view_filter ] --START--
INFO: Run Behavior\WriteHtmlCacheBehavior [ RunTime:0.000187s ]
INFO: [ view_filter ] --END-- [ RunTime:0.000217s ]
INFO: [ app_end ] --START--
INFO: Run Behavior\ShowPageTraceBehavior [ RunTime:0.000729s ]
INFO: [ app_end ] --END-- [ RunTime:0.000779s ]

[ 2018-04-12T10:58:40+08:00 ] 127.0.0.1 /jianye_garden/Admin/Member/h_list.html
INFO: [ app_init ] --START--
INFO: Run Behavior\BuildLiteBehavior [ RunTime:0.000016s ]
INFO: [ app_init ] --END-- [ RunTime:0.000808s ]
INFO: [ app_begin ] --START--
INFO: Run Behavior\ReadHtmlCacheBehavior [ RunTime:0.001024s ]
INFO: [ app_begin ] --END-- [ RunTime:0.001082s ]
SQL: SHOW COLUMNS FROM `w_users` [ RunTime:0.0021s ]
SQL: SELECT * FROM `w_users` WHERE ( id=1 ) LIMIT 1   [ RunTime:0.0004s ]
SQL: SHOW COLUMNS FROM `w_members` [ RunTime:0.0024s ]
SQL: SHOW COLUMNS FROM `w_autheninfo` [ RunTime:0.0017s ]
SQL: SELECT w_autheninfo.*,w_consultant.name as cons_name FROM `w_autheninfo` INNER JOIN w_consultant on w_consultant.uid=w_autheninfo.consultant  ORDER BY atime desc LIMIT 0,20   [ RunTime:0.0008s ]
SQL: SELECT COUNT(*) AS tp_count FROM `w_autheninfo` LIMIT 1   [ RunTime:0.0002s ]
INFO: [ view_parse ] --START--
INFO: Run Behavior\ParseTemplateBehavior [ RunTime:0.024414s ]
INFO: [ view_parse ] --END-- [ RunTime:0.024456s ]
INFO: [ view_filter ] --START--
INFO: Run Behavior\WriteHtmlCacheBehavior [ RunTime:0.000472s ]
INFO: [ view_filter ] --END-- [ RunTime:0.000510s ]
INFO: [ app_end ] --START--
INFO: Run Behavior\ShowPageTraceBehavior [ RunTime:0.000823s ]
INFO: [ app_end ] --END-- [ RunTime:0.000873s ]

[ 2018-04-12T10:58:43+08:00 ] 127.0.0.1 /jianye_garden/admin/member/h_list/p/2.html
INFO: [ app_init ] --START--
INFO: Run Behavior\BuildLiteBehavior [ RunTime:0.000009s ]
INFO: [ app_init ] --END-- [ RunTime:0.000246s ]
INFO: [ app_begin ] --START--
INFO: Run Behavior\ReadHtmlCacheBehavior [ RunTime:0.000332s ]
INFO: [ app_begin ] --END-- [ RunTime:0.000355s ]
SQL: SHOW COLUMNS FROM `w_users` [ RunTime:0.0018s ]
SQL: SELECT * FROM `w_users` WHERE ( id=1 ) LIMIT 1   [ RunTime:0.0002s ]
SQL: SHOW COLUMNS FROM `w_members` [ RunTime:0.0018s ]
SQL: SHOW COLUMNS FROM `w_autheninfo` [ RunTime:0.0018s ]
SQL: SELECT w_autheninfo.*,w_consultant.name as cons_name FROM `w_autheninfo` INNER JOIN w_consultant on w_consultant.uid=w_autheninfo.consultant  ORDER BY atime desc LIMIT 20,20   [ RunTime:0.0006s ]
SQL: SELECT COUNT(*) AS tp_count FROM `w_autheninfo` LIMIT 1   [ RunTime:0.0002s ]
INFO: [ view_parse ] --START--
INFO: Run Behavior\ParseTemplateBehavior [ RunTime:0.008204s ]
INFO: [ view_parse ] --END-- [ RunTime:0.008236s ]
INFO: [ view_filter ] --START--
INFO: Run Behavior\WriteHtmlCacheBehavior [ RunTime:0.000116s ]
INFO: [ view_filter ] --END-- [ RunTime:0.000140s ]
INFO: [ app_end ] --START--
INFO: Run Behavior\ShowPageTraceBehavior [ RunTime:0.000426s ]
INFO: [ app_end ] --END-- [ RunTime:0.000458s ]

[ 2018-04-12T10:58:47+08:00 ] 127.0.0.1 /jianye_garden/admin/member/h_list/p/1.html
INFO: [ app_init ] --START--
INFO: Run Behavior\BuildLiteBehavior [ RunTime:0.000010s ]
INFO: [ app_init ] --END-- [ RunTime:0.000278s ]
INFO: [ app_begin ] --START--
INFO: Run Behavior\ReadHtmlCacheBehavior [ RunTime:0.000341s ]
INFO: [ app_begin ] --END-- [ RunTime:0.000365s ]
SQL: SHOW COLUMNS FROM `w_users` [ RunTime:0.0018s ]
SQL: SELECT * FROM `w_users` WHERE ( id=1 ) LIMIT 1   [ RunTime:0.0003s ]
SQL: SHOW COLUMNS FROM `w_members` [ RunTime:0.0020s ]
SQL: SHOW COLUMNS FROM `w_autheninfo` [ RunTime:0.0018s ]
SQL: SELECT w_autheninfo.*,w_consultant.name as cons_name FROM `w_autheninfo` INNER JOIN w_consultant on w_consultant.uid=w_autheninfo.consultant  ORDER BY atime desc LIMIT 0,20   [ RunTime:0.0006s ]
SQL: SELECT COUNT(*) AS tp_count FROM `w_autheninfo` LIMIT 1   [ RunTime:0.0002s ]
INFO: [ view_parse ] --START--
INFO: Run Behavior\ParseTemplateBehavior [ RunTime:0.010071s ]
INFO: [ view_parse ] --END-- [ RunTime:0.010105s ]
INFO: [ view_filter ] --START--
INFO: Run Behavior\WriteHtmlCacheBehavior [ RunTime:0.000133s ]
INFO: [ view_filter ] --END-- [ RunTime:0.000155s ]
INFO: [ app_end ] --START--
INFO: Run Behavior\ShowPageTraceBehavior [ RunTime:0.000544s ]
INFO: [ app_end ] --END-- [ RunTime:0.000582s ]

[ 2018-04-12T11:11:13+08:00 ] 127.0.0.1 /jianye_garden/admin
INFO: [ app_init ] --START--
INFO: Run Behavior\BuildLiteBehavior [ RunTime:0.000021s ]
INFO: [ app_init ] --END-- [ RunTime:0.000362s ]
INFO: [ app_begin ] --START--
INFO: Run Behavior\ReadHtmlCacheBehavior [ RunTime:0.000540s ]
INFO: [ app_begin ] --END-- [ RunTime:0.000572s ]
SQL: SHOW COLUMNS FROM `w_users` [ RunTime:0.0018s ]
SQL: SELECT * FROM `w_users` WHERE ( id=1 ) LIMIT 1   [ RunTime:0.0003s ]
SQL: SHOW COLUMNS FROM `w_pages` [ RunTime:0.0020s ]
SQL: SELECT `user_nickname`,`page_id`,`page_title`,`page_time` FROM `w_pages` INNER JOIN w_users on w_users.ID=w_pages.page_author  WHERE `page_status` = 'open' AND `w_user_level` <= '10' ORDER BY page_time desc LIMIT 0,5   [ RunTime:0.0009s ]
SQL: SELECT COUNT(*) AS tp_count FROM `w_pages` WHERE `page_status` = 'open' LIMIT 1   [ RunTime:0.0002s ]
SQL: SHOW COLUMNS FROM `w_post` [ RunTime:0.0020s ]
SQL: SELECT w_post.ID as id,`post_date`,`post_title`,`user_nickname`,`post_status` FROM `w_post` INNER JOIN w_users on w_users.ID=w_post.post_author  WHERE `post_type_delete` = 'open' AND `post_status` = 'publish' AND `post_author` <= '1' ORDER BY post_date desc LIMIT 0,5   [ RunTime:0.0005s ]
SQL: SELECT COUNT(*) AS tp_count FROM `w_post` INNER JOIN w_users on w_users.ID=w_post.post_author  WHERE `post_type_delete` = 'open' AND `post_status` = 'publish' AND `post_author` <= '1' LIMIT 1   [ RunTime:0.0005s ]
SQL: SHOW COLUMNS FROM `w_logs` [ RunTime:0.0017s ]
SQL: SELECT w_logs.*,user_nickname as name FROM `w_logs` LEFT JOIN w_users on w_users.ID=w_logs.user_id  ORDER BY login_time desc LIMIT 0,5   [ RunTime:0.0006s ]
SQL: SELECT COUNT(*) AS tp_count FROM `w_logs` LIMIT 1   [ RunTime:0.0002s ]
INFO: [ view_parse ] --START--
INFO: Run Behavior\ParseTemplateBehavior [ RunTime:0.010480s ]
INFO: [ view_parse ] --END-- [ RunTime:0.010512s ]
INFO: [ view_filter ] --START--
INFO: Run Behavior\WriteHtmlCacheBehavior [ RunTime:0.000128s ]
INFO: [ view_filter ] --END-- [ RunTime:0.000148s ]
INFO: [ app_end ] --START--
INFO: Run Behavior\ShowPageTraceBehavior [ RunTime:0.000539s ]
INFO: [ app_end ] --END-- [ RunTime:0.000576s ]

[ 2018-04-12T11:11:18+08:00 ] 127.0.0.1 /jianye_garden/Admin/Member/h_list.html
INFO: [ app_init ] --START--
INFO: Run Behavior\BuildLiteBehavior [ RunTime:0.000011s ]
INFO: [ app_init ] --END-- [ RunTime:0.000444s ]
INFO: [ app_begin ] --START--
INFO: Run Behavior\ReadHtmlCacheBehavior [ RunTime:0.000396s ]
INFO: [ app_begin ] --END-- [ RunTime:0.000424s ]
SQL: SHOW COLUMNS FROM `w_users` [ RunTime:0.0032s ]
SQL: SELECT * FROM `w_users` WHERE ( id=1 ) LIMIT 1   [ RunTime:0.0003s ]
SQL: SHOW COLUMNS FROM `w_members` [ RunTime:0.0017s ]
SQL: SHOW COLUMNS FROM `w_autheninfo` [ RunTime:0.0018s ]
SQL: SELECT w_autheninfo.*,w_consultant.name as cons_name FROM `w_autheninfo` INNER JOIN w_consultant on w_consultant.uid=w_autheninfo.consultant  ORDER BY atime desc LIMIT 0,20   [ RunTime:0.0007s ]
SQL: SELECT COUNT(*) AS tp_count FROM `w_autheninfo` LIMIT 1   [ RunTime:0.0002s ]
INFO: [ view_parse ] --START--
INFO: Run Behavior\ParseTemplateBehavior [ RunTime:0.009641s ]
INFO: [ view_parse ] --END-- [ RunTime:0.009673s ]
INFO: [ view_filter ] --START--
INFO: Run Behavior\WriteHtmlCacheBehavior [ RunTime:0.000137s ]
INFO: [ view_filter ] --END-- [ RunTime:0.000162s ]
INFO: [ app_end ] --START--
INFO: Run Behavior\ShowPageTraceBehavior [ RunTime:0.000488s ]
INFO: [ app_end ] --END-- [ RunTime:0.000521s ]

[ 2018-04-12T11:11:21+08:00 ] 127.0.0.1 /jianye_garden/Admin/Member/h_new.html?uid=43
INFO: [ app_init ] --START--
INFO: Run Behavior\BuildLiteBehavior [ RunTime:0.000009s ]
INFO: [ app_init ] --END-- [ RunTime:0.000245s ]
INFO: [ app_begin ] --START--
INFO: Run Behavior\ReadHtmlCacheBehavior [ RunTime:0.000356s ]
INFO: [ app_begin ] --END-- [ RunTime:0.000383s ]
SQL: SHOW COLUMNS FROM `w_users` [ RunTime:0.0032s ]
SQL: SELECT * FROM `w_users` WHERE ( id=1 ) LIMIT 1   [ RunTime:0.0003s ]
SQL: SHOW COLUMNS FROM `w_members` [ RunTime:0.0020s ]
SQL: SHOW COLUMNS FROM `w_autheninfo` [ RunTime:0.0018s ]
SQL: SELECT * FROM `w_autheninfo` WHERE `uid` = 43 LIMIT 1   [ RunTime:0.0003s ]
SQL: SHOW COLUMNS FROM `w_consultant` [ RunTime:0.0020s ]
SQL: SELECT `uid`,`name` FROM `w_consultant`  [ RunTime:0.0002s ]
INFO: [ view_parse ] --START--
INFO: Run Behavior\ParseTemplateBehavior [ RunTime:0.009024s ]
INFO: [ view_parse ] --END-- [ RunTime:0.009062s ]
INFO: [ view_filter ] --START--
INFO: Run Behavior\WriteHtmlCacheBehavior [ RunTime:0.000141s ]
INFO: [ view_filter ] --END-- [ RunTime:0.000164s ]
INFO: [ app_end ] --START--
INFO: Run Behavior\ShowPageTraceBehavior [ RunTime:0.000729s ]
INFO: [ app_end ] --END-- [ RunTime:0.000864s ]

[ 2018-04-12T11:11:28+08:00 ] 127.0.0.1 /jianye_garden/admin/member/h_list/p/2.html
INFO: [ app_init ] --START--
INFO: Run Behavior\BuildLiteBehavior [ RunTime:0.000023s ]
INFO: [ app_init ] --END-- [ RunTime:0.000399s ]
INFO: [ app_begin ] --START--
INFO: Run Behavior\ReadHtmlCacheBehavior [ RunTime:0.000677s ]
INFO: [ app_begin ] --END-- [ RunTime:0.000717s ]
SQL: SHOW COLUMNS FROM `w_users` [ RunTime:0.0021s ]
SQL: SELECT * FROM `w_users` WHERE ( id=1 ) LIMIT 1   [ RunTime:0.0003s ]
SQL: SHOW COLUMNS FROM `w_members` [ RunTime:0.0021s ]
SQL: SHOW COLUMNS FROM `w_autheninfo` [ RunTime:0.0019s ]
SQL: SELECT w_autheninfo.*,w_consultant.name as cons_name FROM `w_autheninfo` INNER JOIN w_consultant on w_consultant.uid=w_autheninfo.consultant  ORDER BY atime desc LIMIT 20,20   [ RunTime:0.0007s ]
SQL: SELECT COUNT(*) AS tp_count FROM `w_autheninfo` LIMIT 1   [ RunTime:0.0002s ]
INFO: [ view_parse ] --START--
INFO: Run Behavior\ParseTemplateBehavior [ RunTime:0.009314s ]
INFO: [ view_parse ] --END-- [ RunTime:0.009347s ]
INFO: [ view_filter ] --START--
INFO: Run Behavior\WriteHtmlCacheBehavior [ RunTime:0.000131s ]
INFO: [ view_filter ] --END-- [ RunTime:0.000151s ]
INFO: [ app_end ] --START--
INFO: Run Behavior\ShowPageTraceBehavior [ RunTime:0.000439s ]
INFO: [ app_end ] --END-- [ RunTime:0.000487s ]

[ 2018-04-12T11:11:31+08:00 ] 127.0.0.1 /jianye_garden/admin/member/h_list/p/1.html
INFO: [ app_init ] --START--
INFO: Run Behavior\BuildLiteBehavior [ RunTime:0.000010s ]
INFO: [ app_init ] --END-- [ RunTime:0.000279s ]
INFO: [ app_begin ] --START--
INFO: Run Behavior\ReadHtmlCacheBehavior [ RunTime:0.000398s ]
INFO: [ app_begin ] --END-- [ RunTime:0.000428s ]
SQL: SHOW COLUMNS FROM `w_users` [ RunTime:0.0037s ]
SQL: SELECT * FROM `w_users` WHERE ( id=1 ) LIMIT 1   [ RunTime:0.0004s ]
SQL: SHOW COLUMNS FROM `w_members` [ RunTime:0.0022s ]
SQL: SHOW COLUMNS FROM `w_autheninfo` [ RunTime:0.0021s ]
SQL: SELECT w_autheninfo.*,w_consultant.name as cons_name FROM `w_autheninfo` INNER JOIN w_consultant on w_consultant.uid=w_autheninfo.consultant  ORDER BY atime desc LIMIT 0,20   [ RunTime:0.0009s ]
SQL: SELECT COUNT(*) AS tp_count FROM `w_autheninfo` LIMIT 1   [ RunTime:0.0002s ]
INFO: [ view_parse ] --START--
INFO: Run Behavior\ParseTemplateBehavior [ RunTime:0.010923s ]
INFO: [ view_parse ] --END-- [ RunTime:0.010960s ]
INFO: [ view_filter ] --START--
INFO: Run Behavior\WriteHtmlCacheBehavior [ RunTime:0.000144s ]
INFO: [ view_filter ] --END-- [ RunTime:0.000167s ]
INFO: [ app_end ] --START--
INFO: Run Behavior\ShowPageTraceBehavior [ RunTime:0.000488s ]
INFO: [ app_end ] --END-- [ RunTime:0.000515s ]

[ 2018-04-12T11:11:33+08:00 ] 127.0.0.1 /jianye_garden/admin/member/h_list/p/2.html
INFO: [ app_init ] --START--
INFO: Run Behavior\BuildLiteBehavior [ RunTime:0.000009s ]
INFO: [ app_init ] --END-- [ RunTime:0.000334s ]
INFO: [ app_begin ] --START--
INFO: Run Behavior\ReadHtmlCacheBehavior [ RunTime:0.000337s ]
INFO: [ app_begin ] --END-- [ RunTime:0.000360s ]
SQL: SHOW COLUMNS FROM `w_users` [ RunTime:0.0034s ]
SQL: SELECT * FROM `w_users` WHERE ( id=1 ) LIMIT 1   [ RunTime:0.0003s ]
SQL: SHOW COLUMNS FROM `w_members` [ RunTime:0.0020s ]
SQL: SHOW COLUMNS FROM `w_autheninfo` [ RunTime:0.0019s ]
SQL: SELECT w_autheninfo.*,w_consultant.name as cons_name FROM `w_autheninfo` INNER JOIN w_consultant on w_consultant.uid=w_autheninfo.consultant  ORDER BY atime desc LIMIT 20,20   [ RunTime:0.0006s ]
SQL: SELECT COUNT(*) AS tp_count FROM `w_autheninfo` LIMIT 1   [ RunTime:0.0002s ]
INFO: [ view_parse ] --START--
INFO: Run Behavior\ParseTemplateBehavior [ RunTime:0.009729s ]
INFO: [ view_parse ] --END-- [ RunTime:0.009765s ]
INFO: [ view_filter ] --START--
INFO: Run Behavior\WriteHtmlCacheBehavior [ RunTime:0.000118s ]
INFO: [ view_filter ] --END-- [ RunTime:0.000137s ]
INFO: [ app_end ] --START--
INFO: Run Behavior\ShowPageTraceBehavior [ RunTime:0.000448s ]
INFO: [ app_end ] --END-- [ RunTime:0.000478s ]

[ 2018-04-12T11:11:35+08:00 ] 127.0.0.1 /jianye_garden/admin/member/h_list/p/1.html
INFO: [ app_init ] --START--
INFO: Run Behavior\BuildLiteBehavior [ RunTime:0.000010s ]
INFO: [ app_init ] --END-- [ RunTime:0.000321s ]
INFO: [ app_begin ] --START--
INFO: Run Behavior\ReadHtmlCacheBehavior [ RunTime:0.000550s ]
INFO: [ app_begin ] --END-- [ RunTime:0.000584s ]
SQL: SHOW COLUMNS FROM `w_users` [ RunTime:0.0034s ]
SQL: SELECT * FROM `w_users` WHERE ( id=1 ) LIMIT 1   [ RunTime:0.0004s ]
SQL: SHOW COLUMNS FROM `w_members` [ RunTime:0.0023s ]
SQL: SHOW COLUMNS FROM `w_autheninfo` [ RunTime:0.0021s ]
SQL: SELECT w_autheninfo.*,w_consultant.name as cons_name FROM `w_autheninfo` INNER JOIN w_consultant on w_consultant.uid=w_autheninfo.consultant  ORDER BY atime desc LIMIT 0,20   [ RunTime:0.0008s ]
SQL: SELECT COUNT(*) AS tp_count FROM `w_autheninfo` LIMIT 1   [ RunTime:0.0003s ]
INFO: [ view_parse ] --START--
INFO: Run Behavior\ParseTemplateBehavior [ RunTime:0.010583s ]
INFO: [ view_parse ] --END-- [ RunTime:0.010622s ]
INFO: [ view_filter ] --START--
INFO: Run Behavior\WriteHtmlCacheBehavior [ RunTime:0.000148s ]
INFO: [ view_filter ] --END-- [ RunTime:0.000170s ]
INFO: [ app_end ] --START--
INFO: Run Behavior\ShowPageTraceBehavior [ RunTime:0.000486s ]
INFO: [ app_end ] --END-- [ RunTime:0.000516s ]

[ 2018-04-12T11:11:38+08:00 ] 127.0.0.1 /jianye_garden/Admin/Member/index.html
INFO: [ app_init ] --START--
INFO: Run Behavior\BuildLiteBehavior [ RunTime:0.000010s ]
INFO: [ app_init ] --END-- [ RunTime:0.000278s ]
INFO: [ app_begin ] --START--
INFO: Run Behavior\ReadHtmlCacheBehavior [ RunTime:0.000350s ]
INFO: [ app_begin ] --END-- [ RunTime:0.000375s ]
SQL: SHOW COLUMNS FROM `w_users` [ RunTime:0.0034s ]
SQL: SELECT * FROM `w_users` WHERE ( id=1 ) LIMIT 1   [ RunTime:0.0003s ]
SQL: SHOW COLUMNS FROM `w_members` [ RunTime:0.0019s ]
SQL: SELECT w_members.uid,`uname`,w_members.sex,w_members.birth,w_members.phone_num,`houseinfo`,`is_authen`,`pro_consultant`,`rg_time`,w_consultant.name as consname FROM `w_members` left JOIN w_consultant on w_consultant.uid=w_members.pro_consultant  ORDER BY is_authen desc LIMIT 0,20   [ RunTime:0.0004s ]
SQL: SELECT COUNT(*) AS tp_count FROM `w_members` LIMIT 1   [ RunTime:0.0002s ]
INFO: [ view_parse ] --START--
INFO: Run Behavior\ParseTemplateBehavior [ RunTime:0.010512s ]
INFO: [ view_parse ] --END-- [ RunTime:0.010549s ]
INFO: [ view_filter ] --START--
INFO: Run Behavior\WriteHtmlCacheBehavior [ RunTime:0.000119s ]
INFO: [ view_filter ] --END-- [ RunTime:0.000138s ]
INFO: [ app_end ] --START--
INFO: Run Behavior\ShowPageTraceBehavior [ RunTime:0.000481s ]
INFO: [ app_end ] --END-- [ RunTime:0.000514s ]

[ 2018-04-12T11:11:40+08:00 ] 127.0.0.1 /jianye_garden/Admin/Member/h_list.html
INFO: [ app_init ] --START--
INFO: Run Behavior\BuildLiteBehavior [ RunTime:0.000009s ]
INFO: [ app_init ] --END-- [ RunTime:0.000249s ]
INFO: [ app_begin ] --START--
INFO: Run Behavior\ReadHtmlCacheBehavior [ RunTime:0.000476s ]
INFO: [ app_begin ] --END-- [ RunTime:0.000503s ]
SQL: SHOW COLUMNS FROM `w_users` [ RunTime:0.0032s ]
SQL: SELECT * FROM `w_users` WHERE ( id=1 ) LIMIT 1   [ RunTime:0.0003s ]
SQL: SHOW COLUMNS FROM `w_members` [ RunTime:0.0020s ]
SQL: SHOW COLUMNS FROM `w_autheninfo` [ RunTime:0.0019s ]
SQL: SELECT w_autheninfo.*,w_consultant.name as cons_name FROM `w_autheninfo` INNER JOIN w_consultant on w_consultant.uid=w_autheninfo.consultant  ORDER BY atime desc LIMIT 0,20   [ RunTime:0.0007s ]
SQL: SELECT COUNT(*) AS tp_count FROM `w_autheninfo` LIMIT 1   [ RunTime:0.0002s ]
INFO: [ view_parse ] --START--
INFO: Run Behavior\ParseTemplateBehavior [ RunTime:0.010121s ]
INFO: [ view_parse ] --END-- [ RunTime:0.010157s ]
INFO: [ view_filter ] --START--
INFO: Run Behavior\WriteHtmlCacheBehavior [ RunTime:0.000119s ]
INFO: [ view_filter ] --END-- [ RunTime:0.000139s ]
INFO: [ app_end ] --START--
INFO: Run Behavior\ShowPageTraceBehavior [ RunTime:0.000403s ]
INFO: [ app_end ] --END-- [ RunTime:0.000429s ]

[ 2018-04-12T11:11:41+08:00 ] 127.0.0.1 /jianye_garden/Admin/Member/h_new.html
INFO: [ app_init ] --START--
INFO: Run Behavior\BuildLiteBehavior [ RunTime:0.000012s ]
INFO: [ app_init ] --END-- [ RunTime:0.000374s ]
INFO: [ app_begin ] --START--
INFO: Run Behavior\ReadHtmlCacheBehavior [ RunTime:0.000481s ]
INFO: [ app_begin ] --END-- [ RunTime:0.000515s ]
SQL: SHOW COLUMNS FROM `w_users` [ RunTime:0.0031s ]
SQL: SELECT * FROM `w_users` WHERE ( id=1 ) LIMIT 1   [ RunTime:0.0003s ]
SQL: SHOW COLUMNS FROM `w_members` [ RunTime:0.0018s ]
SQL: SHOW COLUMNS FROM `w_autheninfo` [ RunTime:0.0017s ]
SQL: SELECT * FROM `w_autheninfo` WHERE `uid` = 0 LIMIT 1   [ RunTime:0.0002s ]
SQL: SHOW COLUMNS FROM `w_consultant` [ RunTime:0.0023s ]
SQL: SELECT `uid`,`name` FROM `w_consultant`  [ RunTime:0.0004s ]
INFO: [ view_parse ] --START--
INFO: Run Behavior\ParseTemplateBehavior [ RunTime:0.007438s ]
INFO: [ view_parse ] --END-- [ RunTime:0.007473s ]
INFO: [ view_filter ] --START--
INFO: Run Behavior\WriteHtmlCacheBehavior [ RunTime:0.000115s ]
INFO: [ view_filter ] --END-- [ RunTime:0.000135s ]
INFO: [ app_end ] --START--
INFO: Run Behavior\ShowPageTraceBehavior [ RunTime:0.000416s ]
INFO: [ app_end ] --END-- [ RunTime:0.000442s ]

[ 2018-04-12T11:11:43+08:00 ] 127.0.0.1 /jianye_garden/Admin/Member/h_list.html
INFO: [ app_init ] --START--
INFO: Run Behavior\BuildLiteBehavior [ RunTime:0.000011s ]
INFO: [ app_init ] --END-- [ RunTime:0.000350s ]
INFO: [ app_begin ] --START--
INFO: Run Behavior\ReadHtmlCacheBehavior [ RunTime:0.000401s ]
INFO: [ app_begin ] --END-- [ RunTime:0.000428s ]
SQL: SHOW COLUMNS FROM `w_users` [ RunTime:0.0035s ]
SQL: SELECT * FROM `w_users` WHERE ( id=1 ) LIMIT 1   [ RunTime:0.0003s ]
SQL: SHOW COLUMNS FROM `w_members` [ RunTime:0.0021s ]
SQL: SHOW COLUMNS FROM `w_autheninfo` [ RunTime:0.0017s ]
SQL: SELECT w_autheninfo.*,w_consultant.name as cons_name FROM `w_autheninfo` INNER JOIN w_consultant on w_consultant.uid=w_autheninfo.consultant  ORDER BY atime desc LIMIT 0,20   [ RunTime:0.0007s ]
SQL: SELECT COUNT(*) AS tp_count FROM `w_autheninfo` LIMIT 1   [ RunTime:0.0002s ]
INFO: [ view_parse ] --START--
INFO: Run Behavior\ParseTemplateBehavior [ RunTime:0.010629s ]
INFO: [ view_parse ] --END-- [ RunTime:0.010665s ]
INFO: [ view_filter ] --START--
INFO: Run Behavior\WriteHtmlCacheBehavior [ RunTime:0.000189s ]
INFO: [ view_filter ] --END-- [ RunTime:0.000216s ]
INFO: [ app_end ] --START--
INFO: Run Behavior\ShowPageTraceBehavior [ RunTime:0.000513s ]
INFO: [ app_end ] --END-- [ RunTime:0.000544s ]

[ 2018-04-12T11:11:46+08:00 ] 127.0.0.1 /jianye_garden/Admin/Member/h_new.html?uid=48
INFO: [ app_init ] --START--
INFO: Run Behavior\BuildLiteBehavior [ RunTime:0.000010s ]
INFO: [ app_init ] --END-- [ RunTime:0.000292s ]
INFO: [ app_begin ] --START--
INFO: Run Behavior\ReadHtmlCacheBehavior [ RunTime:0.000390s ]
INFO: [ app_begin ] --END-- [ RunTime:0.000417s ]
SQL: SHOW COLUMNS FROM `w_users` [ RunTime:0.0033s ]
SQL: SELECT * FROM `w_users` WHERE ( id=1 ) LIMIT 1   [ RunTime:0.0003s ]
SQL: SHOW COLUMNS FROM `w_members` [ RunTime:0.0018s ]
SQL: SHOW COLUMNS FROM `w_autheninfo` [ RunTime:0.0019s ]
SQL: SELECT * FROM `w_autheninfo` WHERE `uid` = 48 LIMIT 1   [ RunTime:0.0003s ]
SQL: SHOW COLUMNS FROM `w_consultant` [ RunTime:0.0023s ]
SQL: SELECT `uid`,`name` FROM `w_consultant`  [ RunTime:0.0003s ]
INFO: [ view_parse ] --START--
INFO: Run Behavior\ParseTemplateBehavior [ RunTime:0.007651s ]
INFO: [ view_parse ] --END-- [ RunTime:0.007685s ]
INFO: [ view_filter ] --START--
INFO: Run Behavior\WriteHtmlCacheBehavior [ RunTime:0.000119s ]
INFO: [ view_filter ] --END-- [ RunTime:0.000138s ]
INFO: [ app_end ] --START--
INFO: Run Behavior\ShowPageTraceBehavior [ RunTime:0.000617s ]
INFO: [ app_end ] --END-- [ RunTime:0.000663s ]

[ 2018-04-12T11:12:19+08:00 ] 127.0.0.1 /jianye_garden/Admin/Consultant/index.html
INFO: [ app_init ] --START--
INFO: Run Behavior\BuildLiteBehavior [ RunTime:0.000011s ]
INFO: [ app_init ] --END-- [ RunTime:0.000338s ]
INFO: [ app_begin ] --START--
INFO: Run Behavior\ReadHtmlCacheBehavior [ RunTime:0.000439s ]
INFO: [ app_begin ] --END-- [ RunTime:0.000475s ]
NOTIC: [2] Declaration of Admin\Controller\ConsultantController::uploadImg() should be compatible with Admin\Controller\BaseController::uploadImg($path = 'thumbnail') /Applications/MAMP/htdocs/jianye_garden/app/Admin/Controller/ConsultantController.class.php 第 4 行.
SQL: SHOW COLUMNS FROM `w_users` [ RunTime:0.0019s ]
SQL: SELECT * FROM `w_users` WHERE ( id=1 ) LIMIT 1   [ RunTime:0.0003s ]
SQL: SHOW COLUMNS FROM `w_consultant` [ RunTime:0.0014s ]
SQL: SELECT `uid`,`name`,`sex`,`phone_num`,`birth`,`atime` FROM `w_consultant`  [ RunTime:0.0002s ]
INFO: [ view_parse ] --START--
NOTIC: [8192] The each() function is deprecated. This message will be suppressed on further calls /Applications/MAMP/htdocs/jianye_garden/ThinkPHP/Library/Vendor/Smarty/sysplugins/smarty_internal_compilebase.php 第 75 行.
INFO: Run Behavior\ParseTemplateBehavior [ RunTime:0.064034s ]
INFO: [ view_parse ] --END-- [ RunTime:0.064067s ]
INFO: [ view_filter ] --START--
INFO: Run Behavior\WriteHtmlCacheBehavior [ RunTime:0.000180s ]
INFO: [ view_filter ] --END-- [ RunTime:0.000199s ]
INFO: [ app_end ] --START--
INFO: Run Behavior\ShowPageTraceBehavior [ RunTime:0.000432s ]
INFO: [ app_end ] --END-- [ RunTime:0.000466s ]

[ 2018-04-12T11:12:20+08:00 ] 127.0.0.1 /jianye_garden/Admin/Consultant/cnew.html?uid=00000001
INFO: [ app_init ] --START--
INFO: Run Behavior\BuildLiteBehavior [ RunTime:0.000009s ]
INFO: [ app_init ] --END-- [ RunTime:0.000252s ]
INFO: [ app_begin ] --START--
INFO: Run Behavior\ReadHtmlCacheBehavior [ RunTime:0.000342s ]
INFO: [ app_begin ] --END-- [ RunTime:0.000367s ]
NOTIC: [2] Declaration of Admin\Controller\ConsultantController::uploadImg() should be compatible with Admin\Controller\BaseController::uploadImg($path = 'thumbnail') /Applications/MAMP/htdocs/jianye_garden/app/Admin/Controller/ConsultantController.class.php 第 4 行.
SQL: SHOW COLUMNS FROM `w_users` [ RunTime:0.0021s ]
SQL: SELECT * FROM `w_users` WHERE ( id=1 ) LIMIT 1   [ RunTime:0.0003s ]
SQL: SHOW COLUMNS FROM `w_consultant` [ RunTime:0.0016s ]
SQL: SELECT * FROM `w_consultant` WHERE `uid` = 1 LIMIT 1   [ RunTime:0.0002s ]
SQL: SHOW COLUMNS FROM `w_cons_comment` [ RunTime:0.0071s ]
SQL: SELECT * FROM `w_cons_comment` WHERE `cons_uid` = '00000001' LIMIT 0,20   [ RunTime:0.0003s ]
SQL: SELECT COUNT(*) AS tp_count FROM `w_cons_comment` WHERE `cons_uid` = '00000001' LIMIT 1   [ RunTime:0.0002s ]
INFO: [ view_parse ] --START--
NOTIC: [8192] The each() function is deprecated. This message will be suppressed on further calls /Applications/MAMP/htdocs/jianye_garden/ThinkPHP/Library/Vendor/Smarty/sysplugins/smarty_internal_compilebase.php 第 75 行.
INFO: Run Behavior\ParseTemplateBehavior [ RunTime:0.062319s ]
INFO: [ view_parse ] --END-- [ RunTime:0.062354s ]
INFO: [ view_filter ] --START--
INFO: Run Behavior\WriteHtmlCacheBehavior [ RunTime:0.000132s ]
INFO: [ view_filter ] --END-- [ RunTime:0.000151s ]
INFO: [ app_end ] --START--
INFO: Run Behavior\ShowPageTraceBehavior [ RunTime:0.000414s ]
INFO: [ app_end ] --END-- [ RunTime:0.000442s ]

[ 2018-04-12T11:12:30+08:00 ] 127.0.0.1 /jianye_garden/Admin/Consultant/index.html
INFO: [ app_init ] --START--
INFO: Run Behavior\BuildLiteBehavior [ RunTime:0.000009s ]
INFO: [ app_init ] --END-- [ RunTime:0.000287s ]
INFO: [ app_begin ] --START--
INFO: Run Behavior\ReadHtmlCacheBehavior [ RunTime:0.000410s ]
INFO: [ app_begin ] --END-- [ RunTime:0.000446s ]
NOTIC: [2] Declaration of Admin\Controller\ConsultantController::uploadImg() should be compatible with Admin\Controller\BaseController::uploadImg($path = 'thumbnail') /Applications/MAMP/htdocs/jianye_garden/app/Admin/Controller/ConsultantController.class.php 第 4 行.
SQL: SHOW COLUMNS FROM `w_users` [ RunTime:0.0034s ]
SQL: SELECT * FROM `w_users` WHERE ( id=1 ) LIMIT 1   [ RunTime:0.0003s ]
SQL: SHOW COLUMNS FROM `w_consultant` [ RunTime:0.0017s ]
SQL: SELECT `uid`,`name`,`sex`,`phone_num`,`birth`,`atime` FROM `w_consultant`  [ RunTime:0.0002s ]
INFO: [ view_parse ] --START--
INFO: Run Behavior\ParseTemplateBehavior [ RunTime:0.008781s ]
INFO: [ view_parse ] --END-- [ RunTime:0.008816s ]
INFO: [ view_filter ] --START--
INFO: Run Behavior\WriteHtmlCacheBehavior [ RunTime:0.000178s ]
INFO: [ view_filter ] --END-- [ RunTime:0.000197s ]
INFO: [ app_end ] --START--
INFO: Run Behavior\ShowPageTraceBehavior [ RunTime:0.000479s ]
INFO: [ app_end ] --END-- [ RunTime:0.000519s ]

